<?xml version="1.0" encoding="UTF-8"?>
<testsuite xmlns:xsi="http://www.w3.org/2001/XMLSchema-instance" xsi:noNamespaceSchemaLocation="https://maven.apache.org/surefire/maven-surefire-plugin/xsd/surefire-test-report-3.0.xsd" version="3.0" name="api.runner.RunnerTest" time="8.403" tests="4" errors="0" skipped="0" failures="0">
  <properties>
    <property name="java.specification.version" value="14"/>
    <property name="webdriver.chrome.driver" value="C:\Users\User\.cache\selenium\chromedriver\win32\94.0.4606.61\chromedriver.exe"/>
    <property name="sun.cpu.isalist" value="amd64"/>
    <property name="sun.jnu.encoding" value="Cp1251"/>
    <property name="java.class.path" value="E:\IT academy\Финальный проект\FinalProject\target\test-classes;E:\IT academy\Финальный проект\FinalProject\target\classes;C:\Users\User\.m2\repository\org\junit\jupiter\junit-jupiter-api\5.8.0-M1\junit-jupiter-api-5.8.0-M1.jar;C:\Users\User\.m2\repository\org\apiguardian\apiguardian-api\1.1.1\apiguardian-api-1.1.1.jar;C:\Users\User\.m2\repository\org\opentest4j\opentest4j\1.2.0\opentest4j-1.2.0.jar;C:\Users\User\.m2\repository\org\junit\platform\junit-platform-commons\1.8.0-M1\junit-platform-commons-1.8.0-M1.jar;C:\Users\User\.m2\repository\org\junit\jupiter\junit-jupiter-engine\5.8.0-M1\junit-jupiter-engine-5.8.0-M1.jar;C:\Users\User\.m2\repository\org\junit\platform\junit-platform-engine\1.8.0-M1\junit-platform-engine-1.8.0-M1.jar;C:\Users\User\.m2\repository\org\jetbrains\kotlin\kotlin-stdlib-jdk8\1.4.20\kotlin-stdlib-jdk8-1.4.20.jar;C:\Users\User\.m2\repository\org\jetbrains\kotlin\kotlin-stdlib\1.4.20\kotlin-stdlib-1.4.20.jar;C:\Users\User\.m2\repository\org\jetbrains\kotlin\kotlin-stdlib-common\1.4.20\kotlin-stdlib-common-1.4.20.jar;C:\Users\User\.m2\repository\org\jetbrains\annotations\13.0\annotations-13.0.jar;C:\Users\User\.m2\repository\org\jetbrains\kotlin\kotlin-stdlib-jdk7\1.4.20\kotlin-stdlib-jdk7-1.4.20.jar;C:\Users\User\.m2\repository\org\seleniumhq\selenium\selenium-java\3.141.59\selenium-java-3.141.59.jar;C:\Users\User\.m2\repository\org\seleniumhq\selenium\selenium-api\3.141.59\selenium-api-3.141.59.jar;C:\Users\User\.m2\repository\org\seleniumhq\selenium\selenium-chrome-driver\3.141.59\selenium-chrome-driver-3.141.59.jar;C:\Users\User\.m2\repository\org\seleniumhq\selenium\selenium-edge-driver\3.141.59\selenium-edge-driver-3.141.59.jar;C:\Users\User\.m2\repository\org\seleniumhq\selenium\selenium-firefox-driver\3.141.59\selenium-firefox-driver-3.141.59.jar;C:\Users\User\.m2\repository\org\seleniumhq\selenium\selenium-ie-driver\3.141.59\selenium-ie-driver-3.141.59.jar;C:\Users\User\.m2\repository\org\seleniumhq\selenium\selenium-opera-driver\3.141.59\selenium-opera-driver-3.141.59.jar;C:\Users\User\.m2\repository\org\seleniumhq\selenium\selenium-remote-driver\3.141.59\selenium-remote-driver-3.141.59.jar;C:\Users\User\.m2\repository\org\seleniumhq\selenium\selenium-safari-driver\3.141.59\selenium-safari-driver-3.141.59.jar;C:\Users\User\.m2\repository\org\seleniumhq\selenium\selenium-support\3.141.59\selenium-support-3.141.59.jar;C:\Users\User\.m2\repository\net\bytebuddy\byte-buddy\1.8.15\byte-buddy-1.8.15.jar;C:\Users\User\.m2\repository\org\apache\commons\commons-exec\1.3\commons-exec-1.3.jar;C:\Users\User\.m2\repository\com\google\guava\guava\25.0-jre\guava-25.0-jre.jar;C:\Users\User\.m2\repository\com\google\code\findbugs\jsr305\1.3.9\jsr305-1.3.9.jar;C:\Users\User\.m2\repository\org\checkerframework\checker-compat-qual\2.0.0\checker-compat-qual-2.0.0.jar;C:\Users\User\.m2\repository\com\google\errorprone\error_prone_annotations\2.1.3\error_prone_annotations-2.1.3.jar;C:\Users\User\.m2\repository\com\google\j2objc\j2objc-annotations\1.1\j2objc-annotations-1.1.jar;C:\Users\User\.m2\repository\org\codehaus\mojo\animal-sniffer-annotations\1.14\animal-sniffer-annotations-1.14.jar;C:\Users\User\.m2\repository\com\squareup\okhttp3\okhttp\3.11.0\okhttp-3.11.0.jar;C:\Users\User\.m2\repository\com\squareup\okio\okio\1.14.0\okio-1.14.0.jar;C:\Users\User\.m2\repository\org\junit\jupiter\junit-jupiter-params\5.8.0-M1\junit-jupiter-params-5.8.0-M1.jar;C:\Users\User\.m2\repository\org\junit\vintage\junit-vintage-engine\5.8.0-M1\junit-vintage-engine-5.8.0-M1.jar;C:\Users\User\.m2\repository\junit\junit\4.13.1\junit-4.13.1.jar;C:\Users\User\.m2\repository\com\codeborne\selenide\5.23.3\selenide-5.23.3.jar;C:\Users\User\.m2\repository\io\github\bonigarcia\webdrivermanager\4.4.3\webdrivermanager-4.4.3.jar;C:\Users\User\.m2\repository\commons-io\commons-io\2.8.0\commons-io-2.8.0.jar;C:\Users\User\.m2\repository\com\google\code\gson\gson\2.8.6\gson-2.8.6.jar;C:\Users\User\.m2\repository\org\jsoup\jsoup\1.13.1\jsoup-1.13.1.jar;C:\Users\User\.m2\repository\org\rauschig\jarchivelib\1.2.0\jarchivelib-1.2.0.jar;C:\Users\User\.m2\repository\org\apache\commons\commons-compress\1.21\commons-compress-1.21.jar;C:\Users\User\.m2\repository\org\apache\httpcomponents\client5\httpclient5\5.1\httpclient5-5.1.jar;C:\Users\User\.m2\repository\org\apache\httpcomponents\core5\httpcore5\5.1.1\httpcore5-5.1.1.jar;C:\Users\User\.m2\repository\org\apache\httpcomponents\core5\httpcore5-h2\5.1.1\httpcore5-h2-5.1.1.jar;C:\Users\User\.m2\repository\commons-codec\commons-codec\1.15\commons-codec-1.15.jar;C:\Users\User\.m2\repository\org\slf4j\slf4j-api\1.7.32\slf4j-api-1.7.32.jar;C:\Users\User\.m2\repository\org\hamcrest\java-hamcrest\2.0.0.0\java-hamcrest-2.0.0.0.jar;C:\Users\User\.m2\repository\org\hamcrest\hamcrest-core\2.2\hamcrest-core-2.2.jar;C:\Users\User\.m2\repository\org\hamcrest\hamcrest\2.2\hamcrest-2.2.jar;C:\Users\User\.m2\repository\org\hamcrest\hamcrest-library\2.2\hamcrest-library-2.2.jar;C:\Users\User\.m2\repository\log4j\log4j\1.2.17\log4j-1.2.17.jar;C:\Users\User\.m2\repository\io\cucumber\cucumber-java\6.11.0\cucumber-java-6.11.0.jar;C:\Users\User\.m2\repository\io\cucumber\cucumber-core\6.11.0\cucumber-core-6.11.0.jar;C:\Users\User\.m2\repository\io\cucumber\cucumber-gherkin\6.11.0\cucumber-gherkin-6.11.0.jar;C:\Users\User\.m2\repository\io\cucumber\cucumber-gherkin-messages\6.11.0\cucumber-gherkin-messages-6.11.0.jar;C:\Users\User\.m2\repository\io\cucumber\messages\15.0.0\messages-15.0.0.jar;C:\Users\User\.m2\repository\io\cucumber\tag-expressions\3.0.1\tag-expressions-3.0.1.jar;C:\Users\User\.m2\repository\io\cucumber\cucumber-expressions\10.3.0\cucumber-expressions-10.3.0.jar;C:\Users\User\.m2\repository\io\cucumber\datatable\3.5.0\datatable-3.5.0.jar;C:\Users\User\.m2\repository\io\cucumber\cucumber-plugin\6.11.0\cucumber-plugin-6.11.0.jar;C:\Users\User\.m2\repository\io\cucumber\docstring\6.11.0\docstring-6.11.0.jar;C:\Users\User\.m2\repository\io\cucumber\html-formatter\13.0.0\html-formatter-13.0.0.jar;C:\Users\User\.m2\repository\io\cucumber\create-meta\4.0.0\create-meta-4.0.0.jar;C:\Users\User\.m2\repository\io\cucumber\cucumber-junit\6.11.0\cucumber-junit-6.11.0.jar;C:\Users\User\.m2\repository\io\rest-assured\rest-assured\4.4.0\rest-assured-4.4.0.jar;C:\Users\User\.m2\repository\org\codehaus\groovy\groovy\3.0.8\groovy-3.0.8.jar;C:\Users\User\.m2\repository\org\codehaus\groovy\groovy-xml\3.0.8\groovy-xml-3.0.8.jar;C:\Users\User\.m2\repository\org\apache\httpcomponents\httpclient\4.5.13\httpclient-4.5.13.jar;C:\Users\User\.m2\repository\org\apache\httpcomponents\httpcore\4.4.13\httpcore-4.4.13.jar;C:\Users\User\.m2\repository\commons-logging\commons-logging\1.2\commons-logging-1.2.jar;C:\Users\User\.m2\repository\org\apache\httpcomponents\httpmime\4.5.13\httpmime-4.5.13.jar;C:\Users\User\.m2\repository\org\ccil\cowan\tagsoup\tagsoup\1.2.1\tagsoup-1.2.1.jar;C:\Users\User\.m2\repository\io\rest-assured\json-schema-validator\4.4.0\json-schema-validator-4.4.0.jar;C:\Users\User\.m2\repository\com\github\java-json-tools\json-schema-validator\2.2.14\json-schema-validator-2.2.14.jar;C:\Users\User\.m2\repository\com\github\java-json-tools\jackson-coreutils-equivalence\1.0\jackson-coreutils-equivalence-1.0.jar;C:\Users\User\.m2\repository\com\github\java-json-tools\jackson-coreutils\2.0\jackson-coreutils-2.0.jar;C:\Users\User\.m2\repository\com\github\java-json-tools\msg-simple\1.2\msg-simple-1.2.jar;C:\Users\User\.m2\repository\com\github\java-json-tools\btf\1.3\btf-1.3.jar;C:\Users\User\.m2\repository\com\github\java-json-tools\json-schema-core\1.2.14\json-schema-core-1.2.14.jar;C:\Users\User\.m2\repository\com\github\java-json-tools\uri-template\0.10\uri-template-0.10.jar;C:\Users\User\.m2\repository\org\mozilla\rhino\1.7.7.2\rhino-1.7.7.2.jar;C:\Users\User\.m2\repository\com\sun\mail\mailapi\1.6.2\mailapi-1.6.2.jar;C:\Users\User\.m2\repository\joda-time\joda-time\2.10.5\joda-time-2.10.5.jar;C:\Users\User\.m2\repository\com\googlecode\libphonenumber\libphonenumber\8.11.1\libphonenumber-8.11.1.jar;C:\Users\User\.m2\repository\net\sf\jopt-simple\jopt-simple\5.0.4\jopt-simple-5.0.4.jar;C:\Users\User\.m2\repository\io\rest-assured\json-path\4.4.0\json-path-4.4.0.jar;C:\Users\User\.m2\repository\org\codehaus\groovy\groovy-json\3.0.8\groovy-json-3.0.8.jar;C:\Users\User\.m2\repository\io\rest-assured\rest-assured-common\4.4.0\rest-assured-common-4.4.0.jar;C:\Users\User\.m2\repository\io\rest-assured\xml-path\4.4.0\xml-path-4.4.0.jar;C:\Users\User\.m2\repository\org\apache\commons\commons-lang3\3.11\commons-lang3-3.11.jar;C:\Users\User\.m2\repository\jakarta\xml\bind\jakarta.xml.bind-api\2.3.3\jakarta.xml.bind-api-2.3.3.jar;C:\Users\User\.m2\repository\jakarta\activation\jakarta.activation-api\1.2.2\jakarta.activation-api-1.2.2.jar;C:\Users\User\.m2\repository\com\sun\xml\bind\jaxb-impl\2.3.3\jaxb-impl-2.3.3.jar;C:\Users\User\.m2\repository\io\qameta\allure\allure-junit5\2.15.0\allure-junit5-2.15.0.jar;C:\Users\User\.m2\repository\io\qameta\allure\allure-junit-platform\2.15.0\allure-junit-platform-2.15.0.jar;C:\Users\User\.m2\repository\io\qameta\allure\allure-java-commons\2.15.0\allure-java-commons-2.15.0.jar;C:\Users\User\.m2\repository\io\qameta\allure\allure-model\2.15.0\allure-model-2.15.0.jar;C:\Users\User\.m2\repository\io\qameta\allure\allure-test-filter\2.15.0\allure-test-filter-2.15.0.jar;C:\Users\User\.m2\repository\org\junit\platform\junit-platform-launcher\1.8.0\junit-platform-launcher-1.8.0.jar;C:\Users\User\.m2\repository\io\qameta\allure\allure-maven\2.10.0\allure-maven-2.10.0.jar;C:\Users\User\.m2\repository\com\fasterxml\jackson\core\jackson-databind\2.9.7\jackson-databind-2.9.7.jar;C:\Users\User\.m2\repository\com\fasterxml\jackson\core\jackson-annotations\2.9.0\jackson-annotations-2.9.0.jar;C:\Users\User\.m2\repository\com\fasterxml\jackson\core\jackson-core\2.9.7\jackson-core-2.9.7.jar;C:\Users\User\.m2\repository\org\apache\maven\maven-core\3.3.9\maven-core-3.3.9.jar;C:\Users\User\.m2\repository\org\apache\maven\maven-model\3.3.9\maven-model-3.3.9.jar;C:\Users\User\.m2\repository\org\apache\maven\maven-settings\3.3.9\maven-settings-3.3.9.jar;C:\Users\User\.m2\repository\org\apache\maven\maven-settings-builder\3.3.9\maven-settings-builder-3.3.9.jar;C:\Users\User\.m2\repository\org\apache\maven\maven-builder-support\3.3.9\maven-builder-support-3.3.9.jar;C:\Users\User\.m2\repository\org\apache\maven\maven-repository-metadata\3.3.9\maven-repository-metadata-3.3.9.jar;C:\Users\User\.m2\repository\org\apache\maven\maven-artifact\3.3.9\maven-artifact-3.3.9.jar;C:\Users\User\.m2\repository\org\apache\maven\maven-plugin-api\3.3.9\maven-plugin-api-3.3.9.jar;C:\Users\User\.m2\repository\org\apache\maven\maven-model-builder\3.3.9\maven-model-builder-3.3.9.jar;C:\Users\User\.m2\repository\org\apache\maven\maven-aether-provider\3.3.9\maven-aether-provider-3.3.9.jar;C:\Users\User\.m2\repository\org\eclipse\aether\aether-spi\1.0.2.v20150114\aether-spi-1.0.2.v20150114.jar;C:\Users\User\.m2\repository\org\eclipse\aether\aether-impl\1.0.2.v20150114\aether-impl-1.0.2.v20150114.jar;C:\Users\User\.m2\repository\org\eclipse\aether\aether-api\1.0.2.v20150114\aether-api-1.0.2.v20150114.jar;C:\Users\User\.m2\repository\org\eclipse\aether\aether-util\1.0.2.v20150114\aether-util-1.0.2.v20150114.jar;C:\Users\User\.m2\repository\org\eclipse\sisu\org.eclipse.sisu.plexus\0.3.2\org.eclipse.sisu.plexus-0.3.2.jar;C:\Users\User\.m2\repository\javax\enterprise\cdi-api\1.0\cdi-api-1.0.jar;C:\Users\User\.m2\repository\javax\annotation\jsr250-api\1.0\jsr250-api-1.0.jar;C:\Users\User\.m2\repository\org\eclipse\sisu\org.eclipse.sisu.inject\0.3.2\org.eclipse.sisu.inject-0.3.2.jar;C:\Users\User\.m2\repository\com\google\inject\guice\4.0\guice-4.0-no_aop.jar;C:\Users\User\.m2\repository\javax\inject\javax.inject\1\javax.inject-1.jar;C:\Users\User\.m2\repository\aopalliance\aopalliance\1.0\aopalliance-1.0.jar;C:\Users\User\.m2\repository\org\codehaus\plexus\plexus-interpolation\1.21\plexus-interpolation-1.21.jar;C:\Users\User\.m2\repository\org\codehaus\plexus\plexus-utils\3.0.22\plexus-utils-3.0.22.jar;C:\Users\User\.m2\repository\org\codehaus\plexus\plexus-classworlds\2.5.2\plexus-classworlds-2.5.2.jar;C:\Users\User\.m2\repository\org\codehaus\plexus\plexus-component-annotations\1.6\plexus-component-annotations-1.6.jar;C:\Users\User\.m2\repository\org\sonatype\plexus\plexus-sec-dispatcher\1.3\plexus-sec-dispatcher-1.3.jar;C:\Users\User\.m2\repository\org\sonatype\plexus\plexus-cipher\1.4\plexus-cipher-1.4.jar;C:\Users\User\.m2\repository\org\apache\maven\reporting\maven-reporting-impl\2.4\maven-reporting-impl-2.4.jar;C:\Users\User\.m2\repository\org\apache\maven\reporting\maven-reporting-api\3.0\maven-reporting-api-3.0.jar;C:\Users\User\.m2\repository\org\apache\maven\maven-project\2.2.1\maven-project-2.2.1.jar;C:\Users\User\.m2\repository\org\apache\maven\maven-profile\2.2.1\maven-profile-2.2.1.jar;C:\Users\User\.m2\repository\org\apache\maven\maven-artifact-manager\2.2.1\maven-artifact-manager-2.2.1.jar;C:\Users\User\.m2\repository\backport-util-concurrent\backport-util-concurrent\3.1\backport-util-concurrent-3.1.jar;C:\Users\User\.m2\repository\org\apache\maven\maven-plugin-registry\2.2.1\maven-plugin-registry-2.2.1.jar;C:\Users\User\.m2\repository\org\codehaus\plexus\plexus-container-default\1.0-alpha-9-stable-1\plexus-container-default-1.0-alpha-9-stable-1.jar;C:\Users\User\.m2\repository\classworlds\classworlds\1.1-alpha-2\classworlds-1.1-alpha-2.jar;C:\Users\User\.m2\repository\org\apache\maven\shared\maven-shared-utils\0.6\maven-shared-utils-0.6.jar;C:\Users\User\.m2\repository\org\apache\maven\doxia\doxia-sink-api\1.6\doxia-sink-api-1.6.jar;C:\Users\User\.m2\repository\org\apache\maven\doxia\doxia-logging-api\1.6\doxia-logging-api-1.6.jar;C:\Users\User\.m2\repository\org\apache\maven\doxia\doxia-core\1.6\doxia-core-1.6.jar;C:\Users\User\.m2\repository\xerces\xercesImpl\2.9.1\xercesImpl-2.9.1.jar;C:\Users\User\.m2\repository\commons-lang\commons-lang\2.4\commons-lang-2.4.jar;C:\Users\User\.m2\repository\xmlunit\xmlunit\1.5\xmlunit-1.5.jar;C:\Users\User\.m2\repository\org\apache\maven\doxia\doxia-site-renderer\1.6\doxia-site-renderer-1.6.jar;C:\Users\User\.m2\repository\org\apache\maven\doxia\doxia-decoration-model\1.6\doxia-decoration-model-1.6.jar;C:\Users\User\.m2\repository\org\apache\maven\doxia\doxia-module-xhtml\1.6\doxia-module-xhtml-1.6.jar;C:\Users\User\.m2\repository\org\apache\maven\doxia\doxia-module-fml\1.6\doxia-module-fml-1.6.jar;C:\Users\User\.m2\repository\org\codehaus\plexus\plexus-i18n\1.0-beta-7\plexus-i18n-1.0-beta-7.jar;C:\Users\User\.m2\repository\org\codehaus\plexus\plexus-velocity\1.1.7\plexus-velocity-1.1.7.jar;C:\Users\User\.m2\repository\org\apache\velocity\velocity-tools\2.0\velocity-tools-2.0.jar;C:\Users\User\.m2\repository\commons-chain\commons-chain\1.1\commons-chain-1.1.jar;C:\Users\User\.m2\repository\dom4j\dom4j\1.1\dom4j-1.1.jar;C:\Users\User\.m2\repository\sslext\sslext\1.2-0\sslext-1.2-0.jar;C:\Users\User\.m2\repository\org\apache\struts\struts-core\1.3.8\struts-core-1.3.8.jar;C:\Users\User\.m2\repository\antlr\antlr\2.7.2\antlr-2.7.2.jar;C:\Users\User\.m2\repository\org\apache\struts\struts-taglib\1.3.8\struts-taglib-1.3.8.jar;C:\Users\User\.m2\repository\org\apache\struts\struts-tiles\1.3.8\struts-tiles-1.3.8.jar;C:\Users\User\.m2\repository\commons-validator\commons-validator\1.4.1\commons-validator-1.4.1.jar;C:\Users\User\.m2\repository\commons-digester\commons-digester\1.8.1\commons-digester-1.8.1.jar;C:\Users\User\.m2\repository\commons-beanutils\commons-beanutils\1.9.3\commons-beanutils-1.9.3.jar;C:\Users\User\.m2\repository\commons-collections\commons-collections\3.2.2\commons-collections-3.2.2.jar;C:\Users\User\.m2\repository\net\lingala\zip4j\zip4j\1.3.2\zip4j-1.3.2.jar;C:\Users\User\.m2\repository\org\apache\maven\plugin-tools\maven-plugin-annotations\3.2\maven-plugin-annotations-3.2.jar;C:\Users\User\.m2\repository\org\apache\maven\plugins\maven-jxr-plugin\2.5\maven-jxr-plugin-2.5.jar;C:\Users\User\.m2\repository\org\apache\velocity\velocity\1.5\velocity-1.5.jar;C:\Users\User\.m2\repository\oro\oro\2.0.8\oro-2.0.8.jar;C:\Users\User\.m2\repository\org\apache\maven\maven-jxr\2.5\maven-jxr-2.5.jar;C:\Users\User\.m2\repository\org\apache\maven\wagon\wagon-provider-api\1.0\wagon-provider-api-1.0.jar;C:\Users\User\.m2\repository\xml-apis\xml-apis\1.0.b2\xml-apis-1.0.b2.jar;C:\Users\User\.m2\repository\xalan\xalan\2.7.0\xalan-2.7.0.jar;"/>
    <property name="java.vm.vendor" value="Oracle Corporation"/>
    <property name="sun.arch.data.model" value="64"/>
    <property name="user.variant" value=""/>
    <property name="java.vendor.url" value="https://java.oracle.com/"/>
    <property name="user.timezone" value="Europe/Minsk"/>
    <property name="os.name" value="Windows 10"/>
    <property name="java.vm.specification.version" value="14"/>
    <property name="sun.java.launcher" value="SUN_STANDARD"/>
    <property name="user.country" value="RU"/>
    <property name="sun.boot.library.path" value="E:\jdk-14\bin"/>
    <property name="sun.java.command" value="C:\Users\User\AppData\Local\Temp\surefire16324195933463504076\surefirebooter9899864611917479061.jar C:\Users\User\AppData\Local\Temp\surefire16324195933463504076 2021-10-07T15-00-46_664-jvmRun1 surefire9852197974777337757tmp surefire_014496401825400594092tmp"/>
    <property name="jdk.debug" value="release"/>
    <property name="surefire.test.class.path" value="E:\IT academy\Финальный проект\FinalProject\target\test-classes;E:\IT academy\Финальный проект\FinalProject\target\classes;C:\Users\User\.m2\repository\org\junit\jupiter\junit-jupiter-api\5.8.0-M1\junit-jupiter-api-5.8.0-M1.jar;C:\Users\User\.m2\repository\org\apiguardian\apiguardian-api\1.1.1\apiguardian-api-1.1.1.jar;C:\Users\User\.m2\repository\org\opentest4j\opentest4j\1.2.0\opentest4j-1.2.0.jar;C:\Users\User\.m2\repository\org\junit\platform\junit-platform-commons\1.8.0-M1\junit-platform-commons-1.8.0-M1.jar;C:\Users\User\.m2\repository\org\junit\jupiter\junit-jupiter-engine\5.8.0-M1\junit-jupiter-engine-5.8.0-M1.jar;C:\Users\User\.m2\repository\org\junit\platform\junit-platform-engine\1.8.0-M1\junit-platform-engine-1.8.0-M1.jar;C:\Users\User\.m2\repository\org\jetbrains\kotlin\kotlin-stdlib-jdk8\1.4.20\kotlin-stdlib-jdk8-1.4.20.jar;C:\Users\User\.m2\repository\org\jetbrains\kotlin\kotlin-stdlib\1.4.20\kotlin-stdlib-1.4.20.jar;C:\Users\User\.m2\repository\org\jetbrains\kotlin\kotlin-stdlib-common\1.4.20\kotlin-stdlib-common-1.4.20.jar;C:\Users\User\.m2\repository\org\jetbrains\annotations\13.0\annotations-13.0.jar;C:\Users\User\.m2\repository\org\jetbrains\kotlin\kotlin-stdlib-jdk7\1.4.20\kotlin-stdlib-jdk7-1.4.20.jar;C:\Users\User\.m2\repository\org\seleniumhq\selenium\selenium-java\3.141.59\selenium-java-3.141.59.jar;C:\Users\User\.m2\repository\org\seleniumhq\selenium\selenium-api\3.141.59\selenium-api-3.141.59.jar;C:\Users\User\.m2\repository\org\seleniumhq\selenium\selenium-chrome-driver\3.141.59\selenium-chrome-driver-3.141.59.jar;C:\Users\User\.m2\repository\org\seleniumhq\selenium\selenium-edge-driver\3.141.59\selenium-edge-driver-3.141.59.jar;C:\Users\User\.m2\repository\org\seleniumhq\selenium\selenium-firefox-driver\3.141.59\selenium-firefox-driver-3.141.59.jar;C:\Users\User\.m2\repository\org\seleniumhq\selenium\selenium-ie-driver\3.141.59\selenium-ie-driver-3.141.59.jar;C:\Users\User\.m2\repository\org\seleniumhq\selenium\selenium-opera-driver\3.141.59\selenium-opera-driver-3.141.59.jar;C:\Users\User\.m2\repository\org\seleniumhq\selenium\selenium-remote-driver\3.141.59\selenium-remote-driver-3.141.59.jar;C:\Users\User\.m2\repository\org\seleniumhq\selenium\selenium-safari-driver\3.141.59\selenium-safari-driver-3.141.59.jar;C:\Users\User\.m2\repository\org\seleniumhq\selenium\selenium-support\3.141.59\selenium-support-3.141.59.jar;C:\Users\User\.m2\repository\net\bytebuddy\byte-buddy\1.8.15\byte-buddy-1.8.15.jar;C:\Users\User\.m2\repository\org\apache\commons\commons-exec\1.3\commons-exec-1.3.jar;C:\Users\User\.m2\repository\com\google\guava\guava\25.0-jre\guava-25.0-jre.jar;C:\Users\User\.m2\repository\com\google\code\findbugs\jsr305\1.3.9\jsr305-1.3.9.jar;C:\Users\User\.m2\repository\org\checkerframework\checker-compat-qual\2.0.0\checker-compat-qual-2.0.0.jar;C:\Users\User\.m2\repository\com\google\errorprone\error_prone_annotations\2.1.3\error_prone_annotations-2.1.3.jar;C:\Users\User\.m2\repository\com\google\j2objc\j2objc-annotations\1.1\j2objc-annotations-1.1.jar;C:\Users\User\.m2\repository\org\codehaus\mojo\animal-sniffer-annotations\1.14\animal-sniffer-annotations-1.14.jar;C:\Users\User\.m2\repository\com\squareup\okhttp3\okhttp\3.11.0\okhttp-3.11.0.jar;C:\Users\User\.m2\repository\com\squareup\okio\okio\1.14.0\okio-1.14.0.jar;C:\Users\User\.m2\repository\org\junit\jupiter\junit-jupiter-params\5.8.0-M1\junit-jupiter-params-5.8.0-M1.jar;C:\Users\User\.m2\repository\org\junit\vintage\junit-vintage-engine\5.8.0-M1\junit-vintage-engine-5.8.0-M1.jar;C:\Users\User\.m2\repository\junit\junit\4.13.1\junit-4.13.1.jar;C:\Users\User\.m2\repository\com\codeborne\selenide\5.23.3\selenide-5.23.3.jar;C:\Users\User\.m2\repository\io\github\bonigarcia\webdrivermanager\4.4.3\webdrivermanager-4.4.3.jar;C:\Users\User\.m2\repository\commons-io\commons-io\2.8.0\commons-io-2.8.0.jar;C:\Users\User\.m2\repository\com\google\code\gson\gson\2.8.6\gson-2.8.6.jar;C:\Users\User\.m2\repository\org\jsoup\jsoup\1.13.1\jsoup-1.13.1.jar;C:\Users\User\.m2\repository\org\rauschig\jarchivelib\1.2.0\jarchivelib-1.2.0.jar;C:\Users\User\.m2\repository\org\apache\commons\commons-compress\1.21\commons-compress-1.21.jar;C:\Users\User\.m2\repository\org\apache\httpcomponents\client5\httpclient5\5.1\httpclient5-5.1.jar;C:\Users\User\.m2\repository\org\apache\httpcomponents\core5\httpcore5\5.1.1\httpcore5-5.1.1.jar;C:\Users\User\.m2\repository\org\apache\httpcomponents\core5\httpcore5-h2\5.1.1\httpcore5-h2-5.1.1.jar;C:\Users\User\.m2\repository\commons-codec\commons-codec\1.15\commons-codec-1.15.jar;C:\Users\User\.m2\repository\org\slf4j\slf4j-api\1.7.32\slf4j-api-1.7.32.jar;C:\Users\User\.m2\repository\org\hamcrest\java-hamcrest\2.0.0.0\java-hamcrest-2.0.0.0.jar;C:\Users\User\.m2\repository\org\hamcrest\hamcrest-core\2.2\hamcrest-core-2.2.jar;C:\Users\User\.m2\repository\org\hamcrest\hamcrest\2.2\hamcrest-2.2.jar;C:\Users\User\.m2\repository\org\hamcrest\hamcrest-library\2.2\hamcrest-library-2.2.jar;C:\Users\User\.m2\repository\log4j\log4j\1.2.17\log4j-1.2.17.jar;C:\Users\User\.m2\repository\io\cucumber\cucumber-java\6.11.0\cucumber-java-6.11.0.jar;C:\Users\User\.m2\repository\io\cucumber\cucumber-core\6.11.0\cucumber-core-6.11.0.jar;C:\Users\User\.m2\repository\io\cucumber\cucumber-gherkin\6.11.0\cucumber-gherkin-6.11.0.jar;C:\Users\User\.m2\repository\io\cucumber\cucumber-gherkin-messages\6.11.0\cucumber-gherkin-messages-6.11.0.jar;C:\Users\User\.m2\repository\io\cucumber\messages\15.0.0\messages-15.0.0.jar;C:\Users\User\.m2\repository\io\cucumber\tag-expressions\3.0.1\tag-expressions-3.0.1.jar;C:\Users\User\.m2\repository\io\cucumber\cucumber-expressions\10.3.0\cucumber-expressions-10.3.0.jar;C:\Users\User\.m2\repository\io\cucumber\datatable\3.5.0\datatable-3.5.0.jar;C:\Users\User\.m2\repository\io\cucumber\cucumber-plugin\6.11.0\cucumber-plugin-6.11.0.jar;C:\Users\User\.m2\repository\io\cucumber\docstring\6.11.0\docstring-6.11.0.jar;C:\Users\User\.m2\repository\io\cucumber\html-formatter\13.0.0\html-formatter-13.0.0.jar;C:\Users\User\.m2\repository\io\cucumber\create-meta\4.0.0\create-meta-4.0.0.jar;C:\Users\User\.m2\repository\io\cucumber\cucumber-junit\6.11.0\cucumber-junit-6.11.0.jar;C:\Users\User\.m2\repository\io\rest-assured\rest-assured\4.4.0\rest-assured-4.4.0.jar;C:\Users\User\.m2\repository\org\codehaus\groovy\groovy\3.0.8\groovy-3.0.8.jar;C:\Users\User\.m2\repository\org\codehaus\groovy\groovy-xml\3.0.8\groovy-xml-3.0.8.jar;C:\Users\User\.m2\repository\org\apache\httpcomponents\httpclient\4.5.13\httpclient-4.5.13.jar;C:\Users\User\.m2\repository\org\apache\httpcomponents\httpcore\4.4.13\httpcore-4.4.13.jar;C:\Users\User\.m2\repository\commons-logging\commons-logging\1.2\commons-logging-1.2.jar;C:\Users\User\.m2\repository\org\apache\httpcomponents\httpmime\4.5.13\httpmime-4.5.13.jar;C:\Users\User\.m2\repository\org\ccil\cowan\tagsoup\tagsoup\1.2.1\tagsoup-1.2.1.jar;C:\Users\User\.m2\repository\io\rest-assured\json-schema-validator\4.4.0\json-schema-validator-4.4.0.jar;C:\Users\User\.m2\repository\com\github\java-json-tools\json-schema-validator\2.2.14\json-schema-validator-2.2.14.jar;C:\Users\User\.m2\repository\com\github\java-json-tools\jackson-coreutils-equivalence\1.0\jackson-coreutils-equivalence-1.0.jar;C:\Users\User\.m2\repository\com\github\java-json-tools\jackson-coreutils\2.0\jackson-coreutils-2.0.jar;C:\Users\User\.m2\repository\com\github\java-json-tools\msg-simple\1.2\msg-simple-1.2.jar;C:\Users\User\.m2\repository\com\github\java-json-tools\btf\1.3\btf-1.3.jar;C:\Users\User\.m2\repository\com\github\java-json-tools\json-schema-core\1.2.14\json-schema-core-1.2.14.jar;C:\Users\User\.m2\repository\com\github\java-json-tools\uri-template\0.10\uri-template-0.10.jar;C:\Users\User\.m2\repository\org\mozilla\rhino\1.7.7.2\rhino-1.7.7.2.jar;C:\Users\User\.m2\repository\com\sun\mail\mailapi\1.6.2\mailapi-1.6.2.jar;C:\Users\User\.m2\repository\joda-time\joda-time\2.10.5\joda-time-2.10.5.jar;C:\Users\User\.m2\repository\com\googlecode\libphonenumber\libphonenumber\8.11.1\libphonenumber-8.11.1.jar;C:\Users\User\.m2\repository\net\sf\jopt-simple\jopt-simple\5.0.4\jopt-simple-5.0.4.jar;C:\Users\User\.m2\repository\io\rest-assured\json-path\4.4.0\json-path-4.4.0.jar;C:\Users\User\.m2\repository\org\codehaus\groovy\groovy-json\3.0.8\groovy-json-3.0.8.jar;C:\Users\User\.m2\repository\io\rest-assured\rest-assured-common\4.4.0\rest-assured-common-4.4.0.jar;C:\Users\User\.m2\repository\io\rest-assured\xml-path\4.4.0\xml-path-4.4.0.jar;C:\Users\User\.m2\repository\org\apache\commons\commons-lang3\3.11\commons-lang3-3.11.jar;C:\Users\User\.m2\repository\jakarta\xml\bind\jakarta.xml.bind-api\2.3.3\jakarta.xml.bind-api-2.3.3.jar;C:\Users\User\.m2\repository\jakarta\activation\jakarta.activation-api\1.2.2\jakarta.activation-api-1.2.2.jar;C:\Users\User\.m2\repository\com\sun\xml\bind\jaxb-impl\2.3.3\jaxb-impl-2.3.3.jar;C:\Users\User\.m2\repository\io\qameta\allure\allure-junit5\2.15.0\allure-junit5-2.15.0.jar;C:\Users\User\.m2\repository\io\qameta\allure\allure-junit-platform\2.15.0\allure-junit-platform-2.15.0.jar;C:\Users\User\.m2\repository\io\qameta\allure\allure-java-commons\2.15.0\allure-java-commons-2.15.0.jar;C:\Users\User\.m2\repository\io\qameta\allure\allure-model\2.15.0\allure-model-2.15.0.jar;C:\Users\User\.m2\repository\io\qameta\allure\allure-test-filter\2.15.0\allure-test-filter-2.15.0.jar;C:\Users\User\.m2\repository\org\junit\platform\junit-platform-launcher\1.8.0\junit-platform-launcher-1.8.0.jar;C:\Users\User\.m2\repository\io\qameta\allure\allure-maven\2.10.0\allure-maven-2.10.0.jar;C:\Users\User\.m2\repository\com\fasterxml\jackson\core\jackson-databind\2.9.7\jackson-databind-2.9.7.jar;C:\Users\User\.m2\repository\com\fasterxml\jackson\core\jackson-annotations\2.9.0\jackson-annotations-2.9.0.jar;C:\Users\User\.m2\repository\com\fasterxml\jackson\core\jackson-core\2.9.7\jackson-core-2.9.7.jar;C:\Users\User\.m2\repository\org\apache\maven\maven-core\3.3.9\maven-core-3.3.9.jar;C:\Users\User\.m2\repository\org\apache\maven\maven-model\3.3.9\maven-model-3.3.9.jar;C:\Users\User\.m2\repository\org\apache\maven\maven-settings\3.3.9\maven-settings-3.3.9.jar;C:\Users\User\.m2\repository\org\apache\maven\maven-settings-builder\3.3.9\maven-settings-builder-3.3.9.jar;C:\Users\User\.m2\repository\org\apache\maven\maven-builder-support\3.3.9\maven-builder-support-3.3.9.jar;C:\Users\User\.m2\repository\org\apache\maven\maven-repository-metadata\3.3.9\maven-repository-metadata-3.3.9.jar;C:\Users\User\.m2\repository\org\apache\maven\maven-artifact\3.3.9\maven-artifact-3.3.9.jar;C:\Users\User\.m2\repository\org\apache\maven\maven-plugin-api\3.3.9\maven-plugin-api-3.3.9.jar;C:\Users\User\.m2\repository\org\apache\maven\maven-model-builder\3.3.9\maven-model-builder-3.3.9.jar;C:\Users\User\.m2\repository\org\apache\maven\maven-aether-provider\3.3.9\maven-aether-provider-3.3.9.jar;C:\Users\User\.m2\repository\org\eclipse\aether\aether-spi\1.0.2.v20150114\aether-spi-1.0.2.v20150114.jar;C:\Users\User\.m2\repository\org\eclipse\aether\aether-impl\1.0.2.v20150114\aether-impl-1.0.2.v20150114.jar;C:\Users\User\.m2\repository\org\eclipse\aether\aether-api\1.0.2.v20150114\aether-api-1.0.2.v20150114.jar;C:\Users\User\.m2\repository\org\eclipse\aether\aether-util\1.0.2.v20150114\aether-util-1.0.2.v20150114.jar;C:\Users\User\.m2\repository\org\eclipse\sisu\org.eclipse.sisu.plexus\0.3.2\org.eclipse.sisu.plexus-0.3.2.jar;C:\Users\User\.m2\repository\javax\enterprise\cdi-api\1.0\cdi-api-1.0.jar;C:\Users\User\.m2\repository\javax\annotation\jsr250-api\1.0\jsr250-api-1.0.jar;C:\Users\User\.m2\repository\org\eclipse\sisu\org.eclipse.sisu.inject\0.3.2\org.eclipse.sisu.inject-0.3.2.jar;C:\Users\User\.m2\repository\com\google\inject\guice\4.0\guice-4.0-no_aop.jar;C:\Users\User\.m2\repository\javax\inject\javax.inject\1\javax.inject-1.jar;C:\Users\User\.m2\repository\aopalliance\aopalliance\1.0\aopalliance-1.0.jar;C:\Users\User\.m2\repository\org\codehaus\plexus\plexus-interpolation\1.21\plexus-interpolation-1.21.jar;C:\Users\User\.m2\repository\org\codehaus\plexus\plexus-utils\3.0.22\plexus-utils-3.0.22.jar;C:\Users\User\.m2\repository\org\codehaus\plexus\plexus-classworlds\2.5.2\plexus-classworlds-2.5.2.jar;C:\Users\User\.m2\repository\org\codehaus\plexus\plexus-component-annotations\1.6\plexus-component-annotations-1.6.jar;C:\Users\User\.m2\repository\org\sonatype\plexus\plexus-sec-dispatcher\1.3\plexus-sec-dispatcher-1.3.jar;C:\Users\User\.m2\repository\org\sonatype\plexus\plexus-cipher\1.4\plexus-cipher-1.4.jar;C:\Users\User\.m2\repository\org\apache\maven\reporting\maven-reporting-impl\2.4\maven-reporting-impl-2.4.jar;C:\Users\User\.m2\repository\org\apache\maven\reporting\maven-reporting-api\3.0\maven-reporting-api-3.0.jar;C:\Users\User\.m2\repository\org\apache\maven\maven-project\2.2.1\maven-project-2.2.1.jar;C:\Users\User\.m2\repository\org\apache\maven\maven-profile\2.2.1\maven-profile-2.2.1.jar;C:\Users\User\.m2\repository\org\apache\maven\maven-artifact-manager\2.2.1\maven-artifact-manager-2.2.1.jar;C:\Users\User\.m2\repository\backport-util-concurrent\backport-util-concurrent\3.1\backport-util-concurrent-3.1.jar;C:\Users\User\.m2\repository\org\apache\maven\maven-plugin-registry\2.2.1\maven-plugin-registry-2.2.1.jar;C:\Users\User\.m2\repository\org\codehaus\plexus\plexus-container-default\1.0-alpha-9-stable-1\plexus-container-default-1.0-alpha-9-stable-1.jar;C:\Users\User\.m2\repository\classworlds\classworlds\1.1-alpha-2\classworlds-1.1-alpha-2.jar;C:\Users\User\.m2\repository\org\apache\maven\shared\maven-shared-utils\0.6\maven-shared-utils-0.6.jar;C:\Users\User\.m2\repository\org\apache\maven\doxia\doxia-sink-api\1.6\doxia-sink-api-1.6.jar;C:\Users\User\.m2\repository\org\apache\maven\doxia\doxia-logging-api\1.6\doxia-logging-api-1.6.jar;C:\Users\User\.m2\repository\org\apache\maven\doxia\doxia-core\1.6\doxia-core-1.6.jar;C:\Users\User\.m2\repository\xerces\xercesImpl\2.9.1\xercesImpl-2.9.1.jar;C:\Users\User\.m2\repository\commons-lang\commons-lang\2.4\commons-lang-2.4.jar;C:\Users\User\.m2\repository\xmlunit\xmlunit\1.5\xmlunit-1.5.jar;C:\Users\User\.m2\repository\org\apache\maven\doxia\doxia-site-renderer\1.6\doxia-site-renderer-1.6.jar;C:\Users\User\.m2\repository\org\apache\maven\doxia\doxia-decoration-model\1.6\doxia-decoration-model-1.6.jar;C:\Users\User\.m2\repository\org\apache\maven\doxia\doxia-module-xhtml\1.6\doxia-module-xhtml-1.6.jar;C:\Users\User\.m2\repository\org\apache\maven\doxia\doxia-module-fml\1.6\doxia-module-fml-1.6.jar;C:\Users\User\.m2\repository\org\codehaus\plexus\plexus-i18n\1.0-beta-7\plexus-i18n-1.0-beta-7.jar;C:\Users\User\.m2\repository\org\codehaus\plexus\plexus-velocity\1.1.7\plexus-velocity-1.1.7.jar;C:\Users\User\.m2\repository\org\apache\velocity\velocity-tools\2.0\velocity-tools-2.0.jar;C:\Users\User\.m2\repository\commons-chain\commons-chain\1.1\commons-chain-1.1.jar;C:\Users\User\.m2\repository\dom4j\dom4j\1.1\dom4j-1.1.jar;C:\Users\User\.m2\repository\sslext\sslext\1.2-0\sslext-1.2-0.jar;C:\Users\User\.m2\repository\org\apache\struts\struts-core\1.3.8\struts-core-1.3.8.jar;C:\Users\User\.m2\repository\antlr\antlr\2.7.2\antlr-2.7.2.jar;C:\Users\User\.m2\repository\org\apache\struts\struts-taglib\1.3.8\struts-taglib-1.3.8.jar;C:\Users\User\.m2\repository\org\apache\struts\struts-tiles\1.3.8\struts-tiles-1.3.8.jar;C:\Users\User\.m2\repository\commons-validator\commons-validator\1.4.1\commons-validator-1.4.1.jar;C:\Users\User\.m2\repository\commons-digester\commons-digester\1.8.1\commons-digester-1.8.1.jar;C:\Users\User\.m2\repository\commons-beanutils\commons-beanutils\1.9.3\commons-beanutils-1.9.3.jar;C:\Users\User\.m2\repository\commons-collections\commons-collections\3.2.2\commons-collections-3.2.2.jar;C:\Users\User\.m2\repository\net\lingala\zip4j\zip4j\1.3.2\zip4j-1.3.2.jar;C:\Users\User\.m2\repository\org\apache\maven\plugin-tools\maven-plugin-annotations\3.2\maven-plugin-annotations-3.2.jar;C:\Users\User\.m2\repository\org\apache\maven\plugins\maven-jxr-plugin\2.5\maven-jxr-plugin-2.5.jar;C:\Users\User\.m2\repository\org\apache\velocity\velocity\1.5\velocity-1.5.jar;C:\Users\User\.m2\repository\oro\oro\2.0.8\oro-2.0.8.jar;C:\Users\User\.m2\repository\org\apache\maven\maven-jxr\2.5\maven-jxr-2.5.jar;C:\Users\User\.m2\repository\org\apache\maven\wagon\wagon-provider-api\1.0\wagon-provider-api-1.0.jar;C:\Users\User\.m2\repository\xml-apis\xml-apis\1.0.b2\xml-apis-1.0.b2.jar;C:\Users\User\.m2\repository\xalan\xalan\2.7.0\xalan-2.7.0.jar;"/>
    <property name="allure.results.directory" value="E:\IT academy\Финальный проект\FinalProject\target/allure-results"/>
    <property name="sun.cpu.endian" value="little"/>
    <property name="user.home" value="C:\Users\User"/>
    <property name="user.language" value="ru"/>
    <property name="java.specification.vendor" value="Oracle Corporation"/>
    <property name="java.version.date" value="2020-03-17"/>
    <property name="java.home" value="E:\jdk-14"/>
    <property name="file.separator" value="\"/>
    <property name="basedir" value="E:\IT academy\Финальный проект\FinalProject"/>
    <property name="java.vm.compressedOopsMode" value="32-bit"/>
    <property name="line.separator" value="&#10;"/>
    <property name="java.vm.specification.vendor" value="Oracle Corporation"/>
    <property name="java.specification.name" value="Java Platform API Specification"/>
    <property name="surefire.real.class.path" value="C:\Users\User\AppData\Local\Temp\surefire16324195933463504076\surefirebooter9899864611917479061.jar"/>
    <property name="user.script" value=""/>
    <property name="sun.management.compiler" value="HotSpot 64-Bit Tiered Compilers"/>
    <property name="java.runtime.version" value="14+36-1461"/>
    <property name="user.name" value="User"/>
    <property name="path.separator" value=";"/>
    <property name="os.version" value="10.0"/>
    <property name="java.runtime.name" value="OpenJDK Runtime Environment"/>
    <property name="file.encoding" value="Cp1251"/>
    <property name="java.vm.name" value="OpenJDK 64-Bit Server VM"/>
    <property name="localRepository" value="C:\Users\User\.m2\repository"/>
    <property name="java.vendor.url.bug" value="https://bugreport.java.com/bugreport/"/>
    <property name="java.io.tmpdir" value="C:\Users\User\AppData\Local\Temp\"/>
    <property name="java.version" value="14"/>
    <property name="user.dir" value="E:\IT academy\Финальный проект\FinalProject"/>
    <property name="os.arch" value="amd64"/>
    <property name="java.vm.specification.name" value="Java Virtual Machine Specification"/>
    <property name="sun.os.patch.level" value=""/>
    <property name="java.library.path" value="E:\jdk-14\bin;C:\Windows\Sun\Java\bin;C:\Windows\system32;C:\Windows;E:\jdk-14\bin;C:\Windows\system32;C:\Windows;C:\Windows\System32\Wbem;C:\Windows\System32\WindowsPowerShell\v1.0\;C:\Windows\System32\OpenSSH\;e:\Git\cmd;C:\Users\User\AppData\Local\Android\Sdk\tools;C:\Users\User\AppData\Local\Android\Sdk\platform-tools;E:\apache-maven-3.8.1\bin;C:\Program Files\Docker\Docker\resources\bin;C:\ProgramData\DockerDesktop\version-bin;C:\Users\User\AppData\Local\Microsoft\WindowsApps;e:\IntelliJ IDEA 2021.1\bin;;E:\jdk-14\bin;C:\Users\User\AppData\Local\Android\Sdk\tools;C:\Users\User\AppData\Local\Android\Sdk\platform-tools;E:\apache-maven-3.8.1\bin;."/>
    <property name="java.vm.info" value="mixed mode, sharing"/>
    <property name="java.vendor" value="Oracle Corporation"/>
    <property name="java.vm.version" value="14+36-1461"/>
    <property name="sun.io.unicode.encoding" value="UnicodeLittle"/>
    <property name="java.class.version" value="58.0"/>
  </properties>
  <testcase name="Authorization with token" classname="Authorization with token" time="4.584">
    <system-out><![CDATA[2021-10-07 15:01:37 DEBUG BasicClientConnectionManager:161 - Get connection for route {s}->https://apig.unisender.com:443
2021-10-07 15:01:37 DEBUG DefaultClientConnectionOperator:177 - Connecting to apig.unisender.com:443
2021-10-07 15:01:38 DEBUG RequestAddCookies:123 - CookieSpec selected: ignoreCookies
2021-10-07 15:01:38 DEBUG RequestAuthCache:77 - Auth cache not set in the context
2021-10-07 15:01:38 DEBUG RequestTargetAuthentication:80 - Target auth state: UNCHALLENGED
2021-10-07 15:01:38 DEBUG RequestProxyAuthentication:89 - Proxy auth state: UNCHALLENGED
2021-10-07 15:01:38 DEBUG DefaultHttpClient:677 - Attempt 1 to execute request
2021-10-07 15:01:38 DEBUG DefaultClientConnection:274 - Sending request: POST /auth/token HTTP/1.1
2021-10-07 15:01:38 DEBUG wire:73 -  >> "POST /auth/token HTTP/1.1[\r][\n]"
2021-10-07 15:01:38 DEBUG wire:73 -  >> "Accept: */*[\r][\n]"
2021-10-07 15:01:38 DEBUG wire:73 -  >> "Content-Type: application/json[\r][\n]"
2021-10-07 15:01:38 DEBUG wire:73 -  >> "Content-Length: 64[\r][\n]"
2021-10-07 15:01:38 DEBUG wire:73 -  >> "Host: apig.unisender.com[\r][\n]"
2021-10-07 15:01:38 DEBUG wire:73 -  >> "Connection: Keep-Alive[\r][\n]"
2021-10-07 15:01:38 DEBUG wire:73 -  >> "User-Agent: Apache-HttpClient/4.5.13 (Java/14)[\r][\n]"
2021-10-07 15:01:38 DEBUG wire:73 -  >> "Accept-Encoding: gzip,deflate[\r][\n]"
2021-10-07 15:01:38 DEBUG wire:73 -  >> "[\r][\n]"
2021-10-07 15:01:38 DEBUG headers:278 - >> POST /auth/token HTTP/1.1
2021-10-07 15:01:38 DEBUG headers:281 - >> Accept: */*
2021-10-07 15:01:38 DEBUG headers:281 - >> Content-Type: application/json
2021-10-07 15:01:38 DEBUG headers:281 - >> Content-Length: 64
2021-10-07 15:01:38 DEBUG headers:281 - >> Host: apig.unisender.com
2021-10-07 15:01:38 DEBUG headers:281 - >> Connection: Keep-Alive
2021-10-07 15:01:38 DEBUG headers:281 - >> User-Agent: Apache-HttpClient/4.5.13 (Java/14)
2021-10-07 15:01:38 DEBUG headers:281 - >> Accept-Encoding: gzip,deflate
2021-10-07 15:01:38 DEBUG wire:87 -  >> "{"password":"Password!1","login":"ryzhyk.aliaksandra@yandex.by"}"
2021-10-07 15:01:38 DEBUG wire:73 -  << "HTTP/1.1 200 OK[\r][\n]"
2021-10-07 15:01:38 DEBUG wire:73 -  << "server: nginx[\r][\n]"
2021-10-07 15:01:38 DEBUG wire:73 -  << "date: Thu, 07 Oct 2021 12:01:39 GMT[\r][\n]"
2021-10-07 15:01:38 DEBUG wire:73 -  << "content-type: application/json[\r][\n]"
2021-10-07 15:01:38 DEBUG wire:73 -  << "content-length: 78[\r][\n]"
2021-10-07 15:01:38 DEBUG wire:73 -  << "cache-control: no-cache, private[\r][\n]"
2021-10-07 15:01:38 DEBUG wire:73 -  << "x-robots-tag: noindex,nofollow[\r][\n]"
2021-10-07 15:01:38 DEBUG wire:73 -  << "x-powered-by: Unisender[\r][\n]"
2021-10-07 15:01:38 DEBUG wire:73 -  << "[\r][\n]"
2021-10-07 15:01:38 DEBUG DefaultClientConnection:259 - Receiving response: HTTP/1.1 200 OK
2021-10-07 15:01:38 DEBUG headers:262 - << HTTP/1.1 200 OK
2021-10-07 15:01:38 DEBUG headers:265 - << server: nginx
2021-10-07 15:01:38 DEBUG headers:265 - << date: Thu, 07 Oct 2021 12:01:39 GMT
2021-10-07 15:01:38 DEBUG headers:265 - << content-type: application/json
2021-10-07 15:01:38 DEBUG headers:265 - << content-length: 78
2021-10-07 15:01:38 DEBUG headers:265 - << cache-control: no-cache, private
2021-10-07 15:01:38 DEBUG headers:265 - << x-robots-tag: noindex,nofollow
2021-10-07 15:01:38 DEBUG headers:265 - << x-powered-by: Unisender
2021-10-07 15:01:38 DEBUG DefaultHttpClient:504 - Connection can be kept alive indefinitely
2021-10-07 15:01:38 DEBUG RequestSpecificationImpl$RestAssuredHttpBuilder:545 - Parsing response as: application/json
2021-10-07 15:01:38 DEBUG RequestSpecificationImpl$RestAssuredHttpBuilder:548 - Parsed data to instance of: class org.apache.http.conn.EofSensorInputStream
2021-10-07 15:01:38 DEBUG wire:87 -  << "{"success":true,"result":{"token":"370f9ef66975c1b5434d8acbde7dcef7534b2782"}}"
2021-10-07 15:01:38 DEBUG BasicClientConnectionManager:200 - Releasing connection org.apache.http.impl.conn.ManagedClientConnectionImpl@5a52b5f8
2021-10-07 15:01:38 DEBUG BasicClientConnectionManager:225 - Connection can be kept alive indefinitely
HTTP/1.1 200 OK
server: nginx
date: Thu, 07 Oct 2021 12:01:39 GMT
content-type: application/json
content-length: 78
cache-control: no-cache, private
x-robots-tag: noindex,nofollow
x-powered-by: Unisender

{
    "success": true,
    "result": {
        "token": "370f9ef66975c1b5434d8acbde7dcef7534b2782"
    }
}
2021-10-07 15:01:39 DEBUG DefaultClientConnection:180 - Connection 0.0.0.0:59126<->195.13.237.88:443 closed
Token: 370f9ef66975c1b5434d8acbde7dcef7534b2782
]]></system-out>
  </testcase>
  <testcase name="Operation with contact list to send emails" classname="Contact list" time="1.134">
    <system-out><![CDATA[2021-10-07 15:01:39 DEBUG BasicClientConnectionManager:161 - Get connection for route {s}->https://api.unisender.com:443
2021-10-07 15:01:39 DEBUG DefaultClientConnectionOperator:177 - Connecting to api.unisender.com:443
2021-10-07 15:01:39 DEBUG RequestAddCookies:123 - CookieSpec selected: ignoreCookies
2021-10-07 15:01:39 DEBUG RequestAuthCache:77 - Auth cache not set in the context
2021-10-07 15:01:39 DEBUG RequestTargetAuthentication:80 - Target auth state: UNCHALLENGED
2021-10-07 15:01:39 DEBUG RequestProxyAuthentication:89 - Proxy auth state: UNCHALLENGED
2021-10-07 15:01:39 DEBUG DefaultHttpClient:677 - Attempt 1 to execute request
2021-10-07 15:01:39 DEBUG DefaultClientConnection:274 - Sending request: POST /ru/api/createList?api_key=6jbr9h54ug9f93gq1um6k684swstsq5ozo5cj7oa&format=json&title=KBkLAdTrQa HTTP/1.1
2021-10-07 15:01:39 DEBUG wire:73 -  >> "POST /ru/api/createList?api_key=6jbr9h54ug9f93gq1um6k684swstsq5ozo5cj7oa&format=json&title=KBkLAdTrQa HTTP/1.1[\r][\n]"
2021-10-07 15:01:39 DEBUG wire:73 -  >> "Content-Type: application/json[\r][\n]"
2021-10-07 15:01:39 DEBUG wire:73 -  >> "Accept: */*[\r][\n]"
2021-10-07 15:01:39 DEBUG wire:73 -  >> "Content-Length: 0[\r][\n]"
2021-10-07 15:01:39 DEBUG wire:73 -  >> "Host: api.unisender.com[\r][\n]"
2021-10-07 15:01:39 DEBUG wire:73 -  >> "Connection: Keep-Alive[\r][\n]"
2021-10-07 15:01:39 DEBUG wire:73 -  >> "User-Agent: Apache-HttpClient/4.5.13 (Java/14)[\r][\n]"
2021-10-07 15:01:39 DEBUG wire:73 -  >> "Accept-Encoding: gzip,deflate[\r][\n]"
2021-10-07 15:01:39 DEBUG wire:73 -  >> "[\r][\n]"
2021-10-07 15:01:39 DEBUG headers:278 - >> POST /ru/api/createList?api_key=6jbr9h54ug9f93gq1um6k684swstsq5ozo5cj7oa&format=json&title=KBkLAdTrQa HTTP/1.1
2021-10-07 15:01:39 DEBUG headers:281 - >> Content-Type: application/json
2021-10-07 15:01:39 DEBUG headers:281 - >> Accept: */*
2021-10-07 15:01:39 DEBUG headers:281 - >> Content-Length: 0
2021-10-07 15:01:39 DEBUG headers:281 - >> Host: api.unisender.com
2021-10-07 15:01:39 DEBUG headers:281 - >> Connection: Keep-Alive
2021-10-07 15:01:39 DEBUG headers:281 - >> User-Agent: Apache-HttpClient/4.5.13 (Java/14)
2021-10-07 15:01:39 DEBUG headers:281 - >> Accept-Encoding: gzip,deflate
2021-10-07 15:01:39 DEBUG wire:73 -  << "HTTP/1.1 200 OK[\r][\n]"
2021-10-07 15:01:39 DEBUG wire:73 -  << "server: nginx[\r][\n]"
2021-10-07 15:01:39 DEBUG wire:73 -  << "date: Thu, 07 Oct 2021 12:01:40 GMT[\r][\n]"
2021-10-07 15:01:39 DEBUG wire:73 -  << "content-type: application/json; charset=utf-8[\r][\n]"
2021-10-07 15:01:39 DEBUG wire:73 -  << "transfer-encoding: chunked[\r][\n]"
2021-10-07 15:01:39 DEBUG wire:73 -  << "set-cookie: US_SESSID=8fa810a579e0ef32cdc9bfa0f41b1398; path=/; secure; HttpOnly; SameSite=lax[\r][\n]"
2021-10-07 15:01:39 DEBUG wire:73 -  << "expires: Thu, 07 Oct 2021 12:01:40 GMT[\r][\n]"
2021-10-07 15:01:39 DEBUG wire:73 -  << "last-modified: Thu, 07 Oct 2021 12:01:40 GMT[\r][\n]"
2021-10-07 15:01:39 DEBUG wire:73 -  << "pragma: no-cache[\r][\n]"
2021-10-07 15:01:39 DEBUG wire:73 -  << "x-username: ryzhik.sasha@list.ru[\r][\n]"
2021-10-07 15:01:39 DEBUG wire:73 -  << "x-userid: 4594492[\r][\n]"
2021-10-07 15:01:39 DEBUG wire:73 -  << "x-session-id: 8fa810a579e0ef32cdc9bfa0f41b1398[\r][\n]"
2021-10-07 15:01:39 DEBUG wire:73 -  << "cache-control: max-age=0, must-revalidate, private[\r][\n]"
2021-10-07 15:01:39 DEBUG wire:73 -  << "content-encoding: gzip[\r][\n]"
2021-10-07 15:01:39 DEBUG wire:73 -  << "x-robots-tag: noindex,nofollow[\r][\n]"
2021-10-07 15:01:39 DEBUG wire:73 -  << "x-powered-by: Unisender[\r][\n]"
2021-10-07 15:01:39 DEBUG wire:73 -  << "[\r][\n]"
2021-10-07 15:01:39 DEBUG DefaultClientConnection:259 - Receiving response: HTTP/1.1 200 OK
2021-10-07 15:01:39 DEBUG headers:262 - << HTTP/1.1 200 OK
2021-10-07 15:01:39 DEBUG headers:265 - << server: nginx
2021-10-07 15:01:39 DEBUG headers:265 - << date: Thu, 07 Oct 2021 12:01:40 GMT
2021-10-07 15:01:39 DEBUG headers:265 - << content-type: application/json; charset=utf-8
2021-10-07 15:01:39 DEBUG headers:265 - << transfer-encoding: chunked
2021-10-07 15:01:39 DEBUG headers:265 - << set-cookie: US_SESSID=8fa810a579e0ef32cdc9bfa0f41b1398; path=/; secure; HttpOnly; SameSite=lax
2021-10-07 15:01:39 DEBUG headers:265 - << expires: Thu, 07 Oct 2021 12:01:40 GMT
2021-10-07 15:01:39 DEBUG headers:265 - << last-modified: Thu, 07 Oct 2021 12:01:40 GMT
2021-10-07 15:01:39 DEBUG headers:265 - << pragma: no-cache
2021-10-07 15:01:39 DEBUG headers:265 - << x-username: ryzhik.sasha@list.ru
2021-10-07 15:01:39 DEBUG headers:265 - << x-userid: 4594492
2021-10-07 15:01:39 DEBUG headers:265 - << x-session-id: 8fa810a579e0ef32cdc9bfa0f41b1398
2021-10-07 15:01:39 DEBUG headers:265 - << cache-control: max-age=0, must-revalidate, private
2021-10-07 15:01:39 DEBUG headers:265 - << content-encoding: gzip
2021-10-07 15:01:39 DEBUG headers:265 - << x-robots-tag: noindex,nofollow
2021-10-07 15:01:39 DEBUG headers:265 - << x-powered-by: Unisender
2021-10-07 15:01:39 DEBUG DefaultHttpClient:504 - Connection can be kept alive indefinitely
2021-10-07 15:01:39 DEBUG RequestSpecificationImpl$RestAssuredHttpBuilder:545 - Parsing response as: application/json; charset=utf-8
2021-10-07 15:01:39 DEBUG wire:73 -  << "28[\r][\n]"
2021-10-07 15:01:39 DEBUG wire:87 -  << "[0x1f][0x8b][0x8][0x0][0x0][0x0][0x0][0x0][0x0][0x3][0xab]V*J-.[0xcd])Q[0xb2][0xaa]V[0xca]LQ[0xb2]25[0xae][0xad][0x5][0x0][0x12][0x8][0x86],[0x14][0x0][0x0][0x0]"
2021-10-07 15:01:39 DEBUG wire:73 -  << "[\r][\n]"
2021-10-07 15:01:39 DEBUG wire:73 -  << "0[\r][\n]"
2021-10-07 15:01:39 DEBUG wire:73 -  << "[\r][\n]"
2021-10-07 15:01:39 DEBUG RequestSpecificationImpl$RestAssuredHttpBuilder:548 - Parsed data to instance of: class org.apache.http.conn.EofSensorInputStream
2021-10-07 15:01:40 DEBUG BasicClientConnectionManager:200 - Releasing connection org.apache.http.impl.conn.ManagedClientConnectionImpl@54557dd8
2021-10-07 15:01:40 DEBUG BasicClientConnectionManager:225 - Connection can be kept alive indefinitely
HTTP/1.1 200 OK
server: nginx
date: Thu, 07 Oct 2021 12:01:40 GMT
content-type: application/json; charset=utf-8
transfer-encoding: chunked
set-cookie: US_SESSID=8fa810a579e0ef32cdc9bfa0f41b1398; path=/; secure; HttpOnly; SameSite=lax
expires: Thu, 07 Oct 2021 12:01:40 GMT
last-modified: Thu, 07 Oct 2021 12:01:40 GMT
pragma: no-cache
x-username: ryzhik.sasha@list.ru
x-userid: 4594492
x-session-id: 8fa810a579e0ef32cdc9bfa0f41b1398
cache-control: max-age=0, must-revalidate, private
content-encoding: gzip
x-robots-tag: noindex,nofollow
x-powered-by: Unisender

{
    "result": {
        "id": 53
    }
}
New client id: 53
2021-10-07 15:01:40 DEBUG BasicClientConnectionManager:161 - Get connection for route {s}->https://api.unisender.com:443
2021-10-07 15:01:40 DEBUG DefaultClientConnectionOperator:177 - Connecting to api.unisender.com:443
2021-10-07 15:01:40 DEBUG RequestAddCookies:123 - CookieSpec selected: ignoreCookies
2021-10-07 15:01:40 DEBUG RequestAuthCache:77 - Auth cache not set in the context
2021-10-07 15:01:40 DEBUG RequestTargetAuthentication:80 - Target auth state: UNCHALLENGED
2021-10-07 15:01:40 DEBUG RequestProxyAuthentication:89 - Proxy auth state: UNCHALLENGED
2021-10-07 15:01:40 DEBUG DefaultHttpClient:677 - Attempt 1 to execute request
2021-10-07 15:01:40 DEBUG DefaultClientConnection:274 - Sending request: POST /ru/api/updateList?list_id=6&api_key=6jbr9h54ug9f93gq1um6k684swstsq5ozo5cj7oa&format=json&title=uUGcuzhWJA HTTP/1.1
2021-10-07 15:01:40 DEBUG wire:73 -  >> "POST /ru/api/updateList?list_id=6&api_key=6jbr9h54ug9f93gq1um6k684swstsq5ozo5cj7oa&format=json&title=uUGcuzhWJA HTTP/1.1[\r][\n]"
2021-10-07 15:01:40 DEBUG wire:73 -  >> "Content-Type: application/json[\r][\n]"
2021-10-07 15:01:40 DEBUG wire:73 -  >> "Accept: */*[\r][\n]"
2021-10-07 15:01:40 DEBUG wire:73 -  >> "Content-Length: 0[\r][\n]"
2021-10-07 15:01:40 DEBUG wire:73 -  >> "Host: api.unisender.com[\r][\n]"
2021-10-07 15:01:40 DEBUG wire:73 -  >> "Connection: Keep-Alive[\r][\n]"
2021-10-07 15:01:40 DEBUG wire:73 -  >> "User-Agent: Apache-HttpClient/4.5.13 (Java/14)[\r][\n]"
2021-10-07 15:01:40 DEBUG wire:73 -  >> "Accept-Encoding: gzip,deflate[\r][\n]"
2021-10-07 15:01:40 DEBUG wire:73 -  >> "[\r][\n]"
2021-10-07 15:01:40 DEBUG headers:278 - >> POST /ru/api/updateList?list_id=6&api_key=6jbr9h54ug9f93gq1um6k684swstsq5ozo5cj7oa&format=json&title=uUGcuzhWJA HTTP/1.1
2021-10-07 15:01:40 DEBUG headers:281 - >> Content-Type: application/json
2021-10-07 15:01:40 DEBUG headers:281 - >> Accept: */*
2021-10-07 15:01:40 DEBUG headers:281 - >> Content-Length: 0
2021-10-07 15:01:40 DEBUG headers:281 - >> Host: api.unisender.com
2021-10-07 15:01:40 DEBUG headers:281 - >> Connection: Keep-Alive
2021-10-07 15:01:40 DEBUG headers:281 - >> User-Agent: Apache-HttpClient/4.5.13 (Java/14)
2021-10-07 15:01:40 DEBUG headers:281 - >> Accept-Encoding: gzip,deflate
2021-10-07 15:01:40 DEBUG wire:73 -  << "HTTP/1.1 200 OK[\r][\n]"
2021-10-07 15:01:40 DEBUG wire:73 -  << "server: nginx[\r][\n]"
2021-10-07 15:01:40 DEBUG wire:73 -  << "date: Thu, 07 Oct 2021 12:01:40 GMT[\r][\n]"
2021-10-07 15:01:40 DEBUG wire:73 -  << "content-type: application/json; charset=utf-8[\r][\n]"
2021-10-07 15:01:40 DEBUG wire:73 -  << "transfer-encoding: chunked[\r][\n]"
2021-10-07 15:01:40 DEBUG wire:73 -  << "set-cookie: US_SESSID=29413d6aea5d39f14011c76141fc902c; path=/; secure; HttpOnly; SameSite=lax[\r][\n]"
2021-10-07 15:01:40 DEBUG wire:73 -  << "expires: Thu, 07 Oct 2021 12:01:40 GMT[\r][\n]"
2021-10-07 15:01:40 DEBUG wire:73 -  << "last-modified: Thu, 07 Oct 2021 12:01:40 GMT[\r][\n]"
2021-10-07 15:01:40 DEBUG wire:73 -  << "pragma: no-cache[\r][\n]"
2021-10-07 15:01:40 DEBUG wire:73 -  << "x-username: ryzhik.sasha@list.ru[\r][\n]"
2021-10-07 15:01:40 DEBUG wire:73 -  << "x-userid: 4594492[\r][\n]"
2021-10-07 15:01:40 DEBUG wire:73 -  << "x-session-id: 29413d6aea5d39f14011c76141fc902c[\r][\n]"
2021-10-07 15:01:40 DEBUG wire:73 -  << "cache-control: max-age=0, must-revalidate, private[\r][\n]"
2021-10-07 15:01:40 DEBUG wire:73 -  << "content-encoding: gzip[\r][\n]"
2021-10-07 15:01:40 DEBUG wire:73 -  << "x-robots-tag: noindex,nofollow[\r][\n]"
2021-10-07 15:01:40 DEBUG wire:73 -  << "x-powered-by: Unisender[\r][\n]"
2021-10-07 15:01:40 DEBUG wire:73 -  << "[\r][\n]"
2021-10-07 15:01:40 DEBUG DefaultClientConnection:259 - Receiving response: HTTP/1.1 200 OK
2021-10-07 15:01:40 DEBUG headers:262 - << HTTP/1.1 200 OK
2021-10-07 15:01:40 DEBUG headers:265 - << server: nginx
2021-10-07 15:01:40 DEBUG headers:265 - << date: Thu, 07 Oct 2021 12:01:40 GMT
2021-10-07 15:01:40 DEBUG headers:265 - << content-type: application/json; charset=utf-8
2021-10-07 15:01:40 DEBUG headers:265 - << transfer-encoding: chunked
2021-10-07 15:01:40 DEBUG headers:265 - << set-cookie: US_SESSID=29413d6aea5d39f14011c76141fc902c; path=/; secure; HttpOnly; SameSite=lax
2021-10-07 15:01:40 DEBUG headers:265 - << expires: Thu, 07 Oct 2021 12:01:40 GMT
2021-10-07 15:01:40 DEBUG headers:265 - << last-modified: Thu, 07 Oct 2021 12:01:40 GMT
2021-10-07 15:01:40 DEBUG headers:265 - << pragma: no-cache
2021-10-07 15:01:40 DEBUG headers:265 - << x-username: ryzhik.sasha@list.ru
2021-10-07 15:01:40 DEBUG headers:265 - << x-userid: 4594492
2021-10-07 15:01:40 DEBUG headers:265 - << x-session-id: 29413d6aea5d39f14011c76141fc902c
2021-10-07 15:01:40 DEBUG headers:265 - << cache-control: max-age=0, must-revalidate, private
2021-10-07 15:01:40 DEBUG headers:265 - << content-encoding: gzip
2021-10-07 15:01:40 DEBUG headers:265 - << x-robots-tag: noindex,nofollow
2021-10-07 15:01:40 DEBUG headers:265 - << x-powered-by: Unisender
2021-10-07 15:01:40 DEBUG DefaultHttpClient:504 - Connection can be kept alive indefinitely
2021-10-07 15:01:40 DEBUG RequestSpecificationImpl$RestAssuredHttpBuilder:545 - Parsing response as: application/json; charset=utf-8
2021-10-07 15:01:40 DEBUG wire:73 -  << "21[\r][\n]"
2021-10-07 15:01:40 DEBUG wire:87 -  << "[0x1f][0x8b][0x8][0x0][0x0][0x0][0x0][0x0][0x0][0x3][0xab]V*J-.[0xcd])Q[0xb2][0xaa][0xae][0xad][0x5][0x0]L[0x4][0xee][0xe][\r][0x0][0x0][0x0]"
2021-10-07 15:01:40 DEBUG wire:73 -  << "[\r][\n]"
2021-10-07 15:01:40 DEBUG wire:73 -  << "0[\r][\n]"
2021-10-07 15:01:40 DEBUG wire:73 -  << "[\r][\n]"
2021-10-07 15:01:40 DEBUG RequestSpecificationImpl$RestAssuredHttpBuilder:548 - Parsed data to instance of: class org.apache.http.conn.EofSensorInputStream
2021-10-07 15:01:40 DEBUG BasicClientConnectionManager:200 - Releasing connection org.apache.http.impl.conn.ManagedClientConnectionImpl@f4352c6
2021-10-07 15:01:40 DEBUG BasicClientConnectionManager:225 - Connection can be kept alive indefinitely
HTTP/1.1 200 OK
server: nginx
date: Thu, 07 Oct 2021 12:01:40 GMT
content-type: application/json; charset=utf-8
transfer-encoding: chunked
set-cookie: US_SESSID=29413d6aea5d39f14011c76141fc902c; path=/; secure; HttpOnly; SameSite=lax
expires: Thu, 07 Oct 2021 12:01:40 GMT
last-modified: Thu, 07 Oct 2021 12:01:40 GMT
pragma: no-cache
x-username: ryzhik.sasha@list.ru
x-userid: 4594492
x-session-id: 29413d6aea5d39f14011c76141fc902c
cache-control: max-age=0, must-revalidate, private
content-encoding: gzip
x-robots-tag: noindex,nofollow
x-powered-by: Unisender

{
    "result": {
        
    }
}
2021-10-07 15:01:40 DEBUG BasicClientConnectionManager:161 - Get connection for route {s}->https://api.unisender.com:443
2021-10-07 15:01:40 DEBUG DefaultClientConnectionOperator:177 - Connecting to api.unisender.com:443
2021-10-07 15:01:40 DEBUG RequestAddCookies:123 - CookieSpec selected: ignoreCookies
2021-10-07 15:01:40 DEBUG RequestAuthCache:77 - Auth cache not set in the context
2021-10-07 15:01:40 DEBUG RequestTargetAuthentication:80 - Target auth state: UNCHALLENGED
2021-10-07 15:01:40 DEBUG RequestProxyAuthentication:89 - Proxy auth state: UNCHALLENGED
2021-10-07 15:01:40 DEBUG DefaultHttpClient:677 - Attempt 1 to execute request
2021-10-07 15:01:40 DEBUG DefaultClientConnection:274 - Sending request: POST /ru/api/deleteList?list_id=3&api_key=6jbr9h54ug9f93gq1um6k684swstsq5ozo5cj7oa&format=json HTTP/1.1
2021-10-07 15:01:40 DEBUG wire:73 -  >> "POST /ru/api/deleteList?list_id=3&api_key=6jbr9h54ug9f93gq1um6k684swstsq5ozo5cj7oa&format=json HTTP/1.1[\r][\n]"
2021-10-07 15:01:40 DEBUG wire:73 -  >> "Content-Type: application/json[\r][\n]"
2021-10-07 15:01:40 DEBUG wire:73 -  >> "Accept: */*[\r][\n]"
2021-10-07 15:01:40 DEBUG wire:73 -  >> "Content-Length: 0[\r][\n]"
2021-10-07 15:01:40 DEBUG wire:73 -  >> "Host: api.unisender.com[\r][\n]"
2021-10-07 15:01:40 DEBUG wire:73 -  >> "Connection: Keep-Alive[\r][\n]"
2021-10-07 15:01:40 DEBUG wire:73 -  >> "User-Agent: Apache-HttpClient/4.5.13 (Java/14)[\r][\n]"
2021-10-07 15:01:40 DEBUG wire:73 -  >> "Accept-Encoding: gzip,deflate[\r][\n]"
2021-10-07 15:01:40 DEBUG wire:73 -  >> "[\r][\n]"
2021-10-07 15:01:40 DEBUG headers:278 - >> POST /ru/api/deleteList?list_id=3&api_key=6jbr9h54ug9f93gq1um6k684swstsq5ozo5cj7oa&format=json HTTP/1.1
2021-10-07 15:01:40 DEBUG headers:281 - >> Content-Type: application/json
2021-10-07 15:01:40 DEBUG headers:281 - >> Accept: */*
2021-10-07 15:01:40 DEBUG headers:281 - >> Content-Length: 0
2021-10-07 15:01:40 DEBUG headers:281 - >> Host: api.unisender.com
2021-10-07 15:01:40 DEBUG headers:281 - >> Connection: Keep-Alive
2021-10-07 15:01:40 DEBUG headers:281 - >> User-Agent: Apache-HttpClient/4.5.13 (Java/14)
2021-10-07 15:01:40 DEBUG headers:281 - >> Accept-Encoding: gzip,deflate
2021-10-07 15:01:40 DEBUG wire:73 -  << "HTTP/1.1 200 OK[\r][\n]"
2021-10-07 15:01:40 DEBUG wire:73 -  << "server: nginx[\r][\n]"
2021-10-07 15:01:40 DEBUG wire:73 -  << "date: Thu, 07 Oct 2021 12:01:41 GMT[\r][\n]"
2021-10-07 15:01:40 DEBUG wire:73 -  << "content-type: application/json; charset=utf-8[\r][\n]"
2021-10-07 15:01:40 DEBUG wire:73 -  << "transfer-encoding: chunked[\r][\n]"
2021-10-07 15:01:40 DEBUG wire:73 -  << "set-cookie: US_SESSID=2590edefcd87805ecfdb4d00445175b4; path=/; secure; HttpOnly; SameSite=lax[\r][\n]"
2021-10-07 15:01:40 DEBUG wire:73 -  << "expires: Thu, 07 Oct 2021 12:01:41 GMT[\r][\n]"
2021-10-07 15:01:40 DEBUG wire:73 -  << "last-modified: Thu, 07 Oct 2021 12:01:41 GMT[\r][\n]"
2021-10-07 15:01:40 DEBUG wire:73 -  << "pragma: no-cache[\r][\n]"
2021-10-07 15:01:40 DEBUG wire:73 -  << "x-username: ryzhik.sasha@list.ru[\r][\n]"
2021-10-07 15:01:40 DEBUG wire:73 -  << "x-userid: 4594492[\r][\n]"
2021-10-07 15:01:40 DEBUG wire:73 -  << "x-session-id: 2590edefcd87805ecfdb4d00445175b4[\r][\n]"
2021-10-07 15:01:40 DEBUG wire:73 -  << "cache-control: max-age=0, must-revalidate, private[\r][\n]"
2021-10-07 15:01:40 DEBUG wire:73 -  << "content-encoding: gzip[\r][\n]"
2021-10-07 15:01:40 DEBUG wire:73 -  << "x-robots-tag: noindex,nofollow[\r][\n]"
2021-10-07 15:01:40 DEBUG wire:73 -  << "x-powered-by: Unisender[\r][\n]"
2021-10-07 15:01:40 DEBUG wire:73 -  << "[\r][\n]"
2021-10-07 15:01:40 DEBUG DefaultClientConnection:259 - Receiving response: HTTP/1.1 200 OK
2021-10-07 15:01:40 DEBUG headers:262 - << HTTP/1.1 200 OK
2021-10-07 15:01:40 DEBUG headers:265 - << server: nginx
2021-10-07 15:01:40 DEBUG headers:265 - << date: Thu, 07 Oct 2021 12:01:41 GMT
2021-10-07 15:01:40 DEBUG headers:265 - << content-type: application/json; charset=utf-8
2021-10-07 15:01:40 DEBUG headers:265 - << transfer-encoding: chunked
2021-10-07 15:01:40 DEBUG headers:265 - << set-cookie: US_SESSID=2590edefcd87805ecfdb4d00445175b4; path=/; secure; HttpOnly; SameSite=lax
2021-10-07 15:01:40 DEBUG headers:265 - << expires: Thu, 07 Oct 2021 12:01:41 GMT
2021-10-07 15:01:40 DEBUG headers:265 - << last-modified: Thu, 07 Oct 2021 12:01:41 GMT
2021-10-07 15:01:40 DEBUG headers:265 - << pragma: no-cache
2021-10-07 15:01:40 DEBUG headers:265 - << x-username: ryzhik.sasha@list.ru
2021-10-07 15:01:40 DEBUG headers:265 - << x-userid: 4594492
2021-10-07 15:01:40 DEBUG headers:265 - << x-session-id: 2590edefcd87805ecfdb4d00445175b4
2021-10-07 15:01:40 DEBUG headers:265 - << cache-control: max-age=0, must-revalidate, private
2021-10-07 15:01:40 DEBUG headers:265 - << content-encoding: gzip
2021-10-07 15:01:40 DEBUG headers:265 - << x-robots-tag: noindex,nofollow
2021-10-07 15:01:40 DEBUG headers:265 - << x-powered-by: Unisender
2021-10-07 15:01:40 DEBUG DefaultHttpClient:504 - Connection can be kept alive indefinitely
2021-10-07 15:01:40 DEBUG RequestSpecificationImpl$RestAssuredHttpBuilder:545 - Parsing response as: application/json; charset=utf-8
2021-10-07 15:01:40 DEBUG wire:73 -  << "21[\r][\n]"
2021-10-07 15:01:40 DEBUG wire:87 -  << "[0x1f][0x8b][0x8][0x0][0x0][0x0][0x0][0x0][0x0][0x3][0xab]V*J-.[0xcd])Q[0xb2][0xaa][0xae][0xad][0x5][0x0]L[0x4][0xee][0xe][\r][0x0][0x0][0x0]"
2021-10-07 15:01:40 DEBUG wire:73 -  << "[\r][\n]"
2021-10-07 15:01:40 DEBUG wire:73 -  << "0[\r][\n]"
2021-10-07 15:01:40 DEBUG wire:73 -  << "[\r][\n]"
2021-10-07 15:01:40 DEBUG RequestSpecificationImpl$RestAssuredHttpBuilder:548 - Parsed data to instance of: class org.apache.http.conn.EofSensorInputStream
2021-10-07 15:01:40 DEBUG BasicClientConnectionManager:200 - Releasing connection org.apache.http.impl.conn.ManagedClientConnectionImpl@714f1dc4
2021-10-07 15:01:40 DEBUG BasicClientConnectionManager:225 - Connection can be kept alive indefinitely
HTTP/1.1 200 OK
server: nginx
date: Thu, 07 Oct 2021 12:01:41 GMT
content-type: application/json; charset=utf-8
transfer-encoding: chunked
set-cookie: US_SESSID=2590edefcd87805ecfdb4d00445175b4; path=/; secure; HttpOnly; SameSite=lax
expires: Thu, 07 Oct 2021 12:01:41 GMT
last-modified: Thu, 07 Oct 2021 12:01:41 GMT
pragma: no-cache
x-username: ryzhik.sasha@list.ru
x-userid: 4594492
x-session-id: 2590edefcd87805ecfdb4d00445175b4
cache-control: max-age=0, must-revalidate, private
content-encoding: gzip
x-robots-tag: noindex,nofollow
x-powered-by: Unisender

{
    "result": {
        
    }
}
2021-10-07 15:01:40 DEBUG BasicClientConnectionManager:161 - Get connection for route {s}->https://api.unisender.com:443
2021-10-07 15:01:40 DEBUG DefaultClientConnectionOperator:177 - Connecting to api.unisender.com:443
2021-10-07 15:01:40 DEBUG RequestAddCookies:123 - CookieSpec selected: ignoreCookies
2021-10-07 15:01:40 DEBUG RequestAuthCache:77 - Auth cache not set in the context
2021-10-07 15:01:40 DEBUG RequestTargetAuthentication:80 - Target auth state: UNCHALLENGED
2021-10-07 15:01:40 DEBUG RequestProxyAuthentication:89 - Proxy auth state: UNCHALLENGED
2021-10-07 15:01:40 DEBUG DefaultHttpClient:677 - Attempt 1 to execute request
2021-10-07 15:01:40 DEBUG DefaultClientConnection:274 - Sending request: GET /ru/api/getLists?api_key=6jbr9h54ug9f93gq1um6k684swstsq5ozo5cj7oa&format=json HTTP/1.1
2021-10-07 15:01:40 DEBUG wire:73 -  >> "GET /ru/api/getLists?api_key=6jbr9h54ug9f93gq1um6k684swstsq5ozo5cj7oa&format=json HTTP/1.1[\r][\n]"
2021-10-07 15:01:40 DEBUG wire:73 -  >> "Content-Type: application/json[\r][\n]"
2021-10-07 15:01:40 DEBUG wire:73 -  >> "Accept: */*[\r][\n]"
2021-10-07 15:01:40 DEBUG wire:73 -  >> "Host: api.unisender.com[\r][\n]"
2021-10-07 15:01:40 DEBUG wire:73 -  >> "Connection: Keep-Alive[\r][\n]"
2021-10-07 15:01:40 DEBUG wire:73 -  >> "User-Agent: Apache-HttpClient/4.5.13 (Java/14)[\r][\n]"
2021-10-07 15:01:40 DEBUG wire:73 -  >> "Accept-Encoding: gzip,deflate[\r][\n]"
2021-10-07 15:01:40 DEBUG wire:73 -  >> "[\r][\n]"
2021-10-07 15:01:40 DEBUG headers:278 - >> GET /ru/api/getLists?api_key=6jbr9h54ug9f93gq1um6k684swstsq5ozo5cj7oa&format=json HTTP/1.1
2021-10-07 15:01:40 DEBUG headers:281 - >> Content-Type: application/json
2021-10-07 15:01:40 DEBUG headers:281 - >> Accept: */*
2021-10-07 15:01:40 DEBUG headers:281 - >> Host: api.unisender.com
2021-10-07 15:01:40 DEBUG headers:281 - >> Connection: Keep-Alive
2021-10-07 15:01:40 DEBUG headers:281 - >> User-Agent: Apache-HttpClient/4.5.13 (Java/14)
2021-10-07 15:01:40 DEBUG headers:281 - >> Accept-Encoding: gzip,deflate
2021-10-07 15:01:40 DEBUG wire:73 -  << "HTTP/1.1 200 OK[\r][\n]"
2021-10-07 15:01:40 DEBUG wire:73 -  << "server: nginx[\r][\n]"
2021-10-07 15:01:40 DEBUG wire:73 -  << "date: Thu, 07 Oct 2021 12:01:41 GMT[\r][\n]"
2021-10-07 15:01:40 DEBUG wire:73 -  << "content-type: application/json; charset=utf-8[\r][\n]"
2021-10-07 15:01:40 DEBUG wire:73 -  << "transfer-encoding: chunked[\r][\n]"
2021-10-07 15:01:40 DEBUG wire:73 -  << "set-cookie: US_SESSID=0b96b740e38a07185e63d207413340fd; path=/; secure; HttpOnly; SameSite=lax[\r][\n]"
2021-10-07 15:01:40 DEBUG wire:73 -  << "expires: Thu, 07 Oct 2021 12:01:41 GMT[\r][\n]"
2021-10-07 15:01:40 DEBUG wire:73 -  << "last-modified: Thu, 07 Oct 2021 12:01:41 GMT[\r][\n]"
2021-10-07 15:01:40 DEBUG wire:73 -  << "pragma: no-cache[\r][\n]"
2021-10-07 15:01:40 DEBUG wire:73 -  << "x-username: ryzhik.sasha@list.ru[\r][\n]"
2021-10-07 15:01:40 DEBUG wire:73 -  << "x-userid: 4594492[\r][\n]"
2021-10-07 15:01:40 DEBUG wire:73 -  << "x-session-id: 0b96b740e38a07185e63d207413340fd[\r][\n]"
2021-10-07 15:01:40 DEBUG wire:73 -  << "cache-control: max-age=0, must-revalidate, private[\r][\n]"
2021-10-07 15:01:40 DEBUG wire:73 -  << "content-encoding: gzip[\r][\n]"
2021-10-07 15:01:40 DEBUG wire:73 -  << "x-robots-tag: noindex,nofollow[\r][\n]"
2021-10-07 15:01:40 DEBUG wire:73 -  << "x-powered-by: Unisender[\r][\n]"
2021-10-07 15:01:40 DEBUG wire:73 -  << "[\r][\n]"
2021-10-07 15:01:40 DEBUG DefaultClientConnection:259 - Receiving response: HTTP/1.1 200 OK
2021-10-07 15:01:40 DEBUG headers:262 - << HTTP/1.1 200 OK
2021-10-07 15:01:40 DEBUG headers:265 - << server: nginx
2021-10-07 15:01:40 DEBUG headers:265 - << date: Thu, 07 Oct 2021 12:01:41 GMT
2021-10-07 15:01:40 DEBUG headers:265 - << content-type: application/json; charset=utf-8
2021-10-07 15:01:40 DEBUG headers:265 - << transfer-encoding: chunked
2021-10-07 15:01:40 DEBUG headers:265 - << set-cookie: US_SESSID=0b96b740e38a07185e63d207413340fd; path=/; secure; HttpOnly; SameSite=lax
2021-10-07 15:01:40 DEBUG headers:265 - << expires: Thu, 07 Oct 2021 12:01:41 GMT
2021-10-07 15:01:40 DEBUG headers:265 - << last-modified: Thu, 07 Oct 2021 12:01:41 GMT
2021-10-07 15:01:40 DEBUG headers:265 - << pragma: no-cache
2021-10-07 15:01:40 DEBUG headers:265 - << x-username: ryzhik.sasha@list.ru
2021-10-07 15:01:40 DEBUG headers:265 - << x-userid: 4594492
2021-10-07 15:01:40 DEBUG headers:265 - << x-session-id: 0b96b740e38a07185e63d207413340fd
2021-10-07 15:01:40 DEBUG headers:265 - << cache-control: max-age=0, must-revalidate, private
2021-10-07 15:01:40 DEBUG headers:265 - << content-encoding: gzip
2021-10-07 15:01:40 DEBUG headers:265 - << x-robots-tag: noindex,nofollow
2021-10-07 15:01:40 DEBUG headers:265 - << x-powered-by: Unisender
2021-10-07 15:01:40 DEBUG DefaultHttpClient:504 - Connection can be kept alive indefinitely
2021-10-07 15:01:40 DEBUG RequestSpecificationImpl$RestAssuredHttpBuilder:545 - Parsing response as: application/json; charset=utf-8
2021-10-07 15:01:40 DEBUG wire:73 -  << "223[\r][\n]"
2021-10-07 15:01:40 DEBUG wire:73 -  << "[0x1f][0x8b][0x8][0x0][0x0][0x0][0x0][0x0][0x0][0x3]M[0xd3][0xc9][0x92][0xa2]@[0x10][0x80][0xe1]w[0xe1][0xdc][0x87]i[0x97]Y[0xfa][0xc6]"[0x8][0x8][0xa2][0x16][0xeb][0xc4][0x1c][0xd8])[0xa0]D[0xa0]@[0xda][0xe][0xdf][0xbd]/[0x13]f[0x9e][0xff][0xc8][0xa2][0xf8]H[0xbe][0x84]![0x1f][0xa7][0x96][0xb][0x1f][0xbf][0x4][0x9a][0x9][0x1f][0xef][0xef]o[0x2][0xa7][0xbc][0xcd][0x85][0xf]a[0x17][0x99][0xa3][0xa3][0x14][0xf7]^[0x11][0x9e]o[0xff][0xf3][\n]"
2021-10-07 15:01:40 DEBUG wire:87 -  << "r6[0xaa][0x17][0xde][0x9c];e[0x7]y[\r]Y[0xee]nL*[0xcb][0x1b][0xf3]!o [0xdf][0xc9][0xa0][0xa5][0xa1][0x98][0xab]W[0xc8][[0xc8].[0x99]B~S[0x1a][0xa7][0x87][0xfc][0x13][0xb2][0x18][0x6][0xbb][0x92][0xe9][0xa3][0x11]@[0xfe][0x5]99[0x1c][0xd4]2[0xf6][0xaf][0xb5][0x3][0xf9]7[0xe4][0xca]W[0xa5][0xc7][0x10]/[0x19]z[0xb1]?[0x90]?[[0xd2][0xf6]Y[0xa5][0xb3][0xdb]kz[0xf5][0x3][0xf2][0xbe][0xd8]OM[0xe0]P[0x9a]CFj[0x84][0xe5][0x97]31[0xaf]5[0x1c][0xbe]Bj[0xe2][0xec][0xba][0x92][0x9b][0xea][0xc][0xde]{[0x85][0xd4][0xce]g[0xd3]M=[[0x1c].p8RSu[0xd9][0xab][0x1d][0xf7][0xd2][0x16][0x90][0x91][0x9a]f[0xd7][0x9d][0xaf][0xd2][0xbb][0xd3]AFj;)[0xe1]q[0xc9][0xa3][0xe]=[0x1b][0xa9][0xc9][0xf5][0xbe][[0x1e][0xd4][0xe6][0x3]L#5[0xa5][0x99][0x82][0xae](|[0x8f]@Fj4[0x97]N[0x83]4Q[0xdb]x[0xe5]5R[0xe3]Ef[0xf2]A/N[0x14]2RK[0xb3][0xd9][0xa2][0xa1]?([0x11]d[0xa4]f[0x19]$[0xde][0xdf][0x8][0xab]L[0xc8]H-[0x99][0xd3][0xea][0x1c]_[0x3][0xe][0xeb][0xb0]Fjn[0x18][0xe5][0x89][0xae]j[0xd1][0x1d][0xa6][0x91][0xda][0x81]j[0xca][0x9d][0x1c][0x17][0xa3][0x85][0x8c][0xd4][0xe][0x8f]D[\r][0x12][0x9d]x[0xb0][0xe]k[0xc4]b[0xc]UV[0x1b][0x81][0xd3]j0[0x8d]X[0x96][0xeb]R[0xb1]!WdX[0xe4][\r]b[0x99][0x92]%pG[0xcb][0x9a][0xf4][0xd7][0xf4][0x6][0xb1][0xc8][0xc5]-[0xb5]"[0xc3][0xcd][0x12][0xc8][0x88]%[0x96][0xc6][0xc8][0xdc]=2[0xee]AF,[0xa1]cS[0xaf]1[0x98][0x7]W[0xdb] [0x16]6[0x7]e^[0x92]~[0xcf]a[0x1a][0xb1][0x8c][0xbb][0xa5]O[0x1b]6[0x87][0xb0][0xe][0x1b][0xc4][0xa2][0x85]Z[0xef][0x9d][0xac]c[0x85][0xae][0x86][0x96][0x89][0xf2]sR[0x97]$[0xef][0x8e]p8Rk[0x1a]R[0xaa][0xb4]w[0x8f]*d[0xa4][0xc6][\r][0xad][0xce]Cs_/[0xaf][0xbc]EjsS[0x6][0x86]d[0x8b][0xaa][0x5][0x19][0xa9][0xe9][0xda][0xc1][0xba]H[0xb6][0xdc][0xc1]O[0xb4]Ej[0x8b]6[0xa6][0x9f]L[0xb6][0xb][0xf8]$[[0xa4]fJ[0xcd]A[0xcc][0xc8]p[0x8a][0x85][0xe7][0xbf][0xe7]7[0xf2][0xca][0x8d][0xa5]"[0x5][0x0][0x0]"
2021-10-07 15:01:40 DEBUG wire:73 -  << "[\r][\n]"
2021-10-07 15:01:40 DEBUG wire:73 -  << "0[\r][\n]"
2021-10-07 15:01:40 DEBUG wire:73 -  << "[\r][\n]"
2021-10-07 15:01:40 DEBUG RequestSpecificationImpl$RestAssuredHttpBuilder:548 - Parsed data to instance of: class org.apache.http.conn.EofSensorInputStream
2021-10-07 15:01:40 DEBUG BasicClientConnectionManager:200 - Releasing connection org.apache.http.impl.conn.ManagedClientConnectionImpl@4a5939cb
2021-10-07 15:01:40 DEBUG BasicClientConnectionManager:225 - Connection can be kept alive indefinitely
HTTP/1.1 200 OK
server: nginx
date: Thu, 07 Oct 2021 12:01:41 GMT
content-type: application/json; charset=utf-8
transfer-encoding: chunked
set-cookie: US_SESSID=0b96b740e38a07185e63d207413340fd; path=/; secure; HttpOnly; SameSite=lax
expires: Thu, 07 Oct 2021 12:01:41 GMT
last-modified: Thu, 07 Oct 2021 12:01:41 GMT
pragma: no-cache
x-username: ryzhik.sasha@list.ru
x-userid: 4594492
x-session-id: 0b96b740e38a07185e63d207413340fd
cache-control: max-age=0, must-revalidate, private
content-encoding: gzip
x-robots-tag: noindex,nofollow
x-powered-by: Unisender

{
    "result": [
        {
            "id": 11,
            "title": "EZKsPDfwqD"
        },
        {
            "id": 12,
            "title": "dsFStkRoDE"
        },
        {
            "id": 13,
            "title": "CopmBggpmW"
        },
        {
            "id": 14,
            "title": "wTrGcYAeFn"
        },
        {
            "id": 15,
            "title": "UTuYtpDkPq"
        },
        {
            "id": 16,
            "title": "AYXEgmIsJX"
        },
        {
            "id": 17,
            "title": "bLLFgaWnjP"
        },
        {
            "id": 18,
            "title": "hWFBzraxdD"
        },
        {
            "id": 19,
            "title": "ylTlqdhImp"
        },
        {
            "id": 20,
            "title": "HfHukXPiie"
        },
        {
            "id": 21,
            "title": "TmeSRTKnjD"
        },
        {
            "id": 22,
            "title": "AvUUBUcImn"
        },
        {
            "id": 23,
            "title": "RRKUcVNArS"
        },
        {
            "id": 24,
            "title": "FICVjPUSlf"
        },
        {
            "id": 25,
            "title": "GNjoWFiwPo"
        },
        {
            "id": 26,
            "title": "EBbtagtZon"
        },
        {
            "id": 27,
            "title": "CjHoxziNtr"
        },
        {
            "id": 28,
            "title": "DkuXoffWVT"
        },
        {
            "id": 29,
            "title": "ieBQrBuiNJ"
        },
        {
            "id": 30,
            "title": "tfdKtrIfQi"
        },
        {
            "id": 31,
            "title": "cdvMiYWrDZ"
        },
        {
            "id": 32,
            "title": "MJTaHpTmhK"
        },
        {
            "id": 33,
            "title": "bvchRanXtX"
        },
        {
            "id": 34,
            "title": "UYZebIFGZw"
        },
        {
            "id": 35,
            "title": "LiGDwTOxJl"
        },
        {
            "id": 36,
            "title": "LzbFXbITVp"
        },
        {
            "id": 38,
            "title": "JrhdjJXPlG"
        },
        {
            "id": 39,
            "title": "xnxhmreDCq"
        },
        {
            "id": 40,
            "title": "ubxXUsMMuI"
        },
        {
            "id": 41,
            "title": "CfpcMZJUdb"
        },
        {
            "id": 42,
            "title": "aBsZKEzdtV"
        },
        {
            "id": 43,
            "title": "YPNiVkJmVG"
        },
        {
            "id": 44,
            "title": "mvXgegTqHt"
        },
        {
            "id": 45,
            "title": "sExqckmvYr"
        },
        {
            "id": 46,
            "title": "GYGqVQMOhb"
        },
        {
            "id": 47,
            "title": "itRbjgTeoO"
        },
        {
            "id": 48,
            "title": "kkTgFiqUOF"
        },
        {
            "id": 49,
            "title": "tJGjeYKHjx"
        },
        {
            "id": 50,
            "title": "vkgXJBNAFM"
        },
        {
            "id": 51,
            "title": "IGLMSBNCoS"
        },
        {
            "id": 52,
            "title": "xGscymCNfq"
        },
        {
            "id": 53,
            "title": "KBkLAdTrQa"
        }
    ]
}
]]></system-out>
  </testcase>
  <testcase name="Operation with templates" classname="Templates" time="1.217">
    <system-out><![CDATA[2021-10-07 15:01:40 DEBUG BasicClientConnectionManager:161 - Get connection for route {s}->https://api.unisender.com:443
2021-10-07 15:01:40 DEBUG DefaultClientConnectionOperator:177 - Connecting to api.unisender.com:443
2021-10-07 15:01:40 DEBUG RequestAddCookies:123 - CookieSpec selected: ignoreCookies
2021-10-07 15:01:40 DEBUG RequestAuthCache:77 - Auth cache not set in the context
2021-10-07 15:01:40 DEBUG RequestTargetAuthentication:80 - Target auth state: UNCHALLENGED
2021-10-07 15:01:40 DEBUG RequestProxyAuthentication:89 - Proxy auth state: UNCHALLENGED
2021-10-07 15:01:40 DEBUG DefaultHttpClient:677 - Attempt 1 to execute request
2021-10-07 15:01:40 DEBUG DefaultClientConnection:274 - Sending request: POST /ru/api/createEmailTemplate?api_key=6jbr9h54ug9f93gq1um6k684swstsq5ozo5cj7oa&subject=Sale&format=json&title=Autumn%20sale%20steam&body=%3Cp%3E%D0%92%D0%B0%D0%BC%20%D0%BF%D0%BE%D0%BB%D0%B0%D0%B3%D0%B0%D0%B5%D1%82%D1%81%D1%8F%20%D1%81%D0%BA%D0%B8%D0%B4%D0%BA%D0%B0%2010%25%3C%2Fp%3E HTTP/1.1
2021-10-07 15:01:40 DEBUG wire:73 -  >> "POST /ru/api/createEmailTemplate?api_key=6jbr9h54ug9f93gq1um6k684swstsq5ozo5cj7oa&subject=Sale&format=json&title=Autumn%20sale%20steam&body=%3Cp%3E%D0%92%D0%B0%D0%BC%20%D0%BF%D0%BE%D0%BB%D0%B0%D0%B3%D0%B0%D0%B5%D1%82%D1%81%D1%8F%20%D1%81%D0%BA%D0%B8%D0%B4%D0%BA%D0%B0%2010%25%3C%2Fp%3E HTTP/1.1[\r][\n]"
2021-10-07 15:01:40 DEBUG wire:73 -  >> "Content-Type: application/json[\r][\n]"
2021-10-07 15:01:40 DEBUG wire:73 -  >> "Accept: */*[\r][\n]"
2021-10-07 15:01:40 DEBUG wire:73 -  >> "Content-Length: 0[\r][\n]"
2021-10-07 15:01:40 DEBUG wire:73 -  >> "Host: api.unisender.com[\r][\n]"
2021-10-07 15:01:40 DEBUG wire:73 -  >> "Connection: Keep-Alive[\r][\n]"
2021-10-07 15:01:40 DEBUG wire:73 -  >> "User-Agent: Apache-HttpClient/4.5.13 (Java/14)[\r][\n]"
2021-10-07 15:01:40 DEBUG wire:73 -  >> "Accept-Encoding: gzip,deflate[\r][\n]"
2021-10-07 15:01:40 DEBUG wire:73 -  >> "[\r][\n]"
2021-10-07 15:01:40 DEBUG headers:278 - >> POST /ru/api/createEmailTemplate?api_key=6jbr9h54ug9f93gq1um6k684swstsq5ozo5cj7oa&subject=Sale&format=json&title=Autumn%20sale%20steam&body=%3Cp%3E%D0%92%D0%B0%D0%BC%20%D0%BF%D0%BE%D0%BB%D0%B0%D0%B3%D0%B0%D0%B5%D1%82%D1%81%D1%8F%20%D1%81%D0%BA%D0%B8%D0%B4%D0%BA%D0%B0%2010%25%3C%2Fp%3E HTTP/1.1
2021-10-07 15:01:40 DEBUG headers:281 - >> Content-Type: application/json
2021-10-07 15:01:40 DEBUG headers:281 - >> Accept: */*
2021-10-07 15:01:40 DEBUG headers:281 - >> Content-Length: 0
2021-10-07 15:01:40 DEBUG headers:281 - >> Host: api.unisender.com
2021-10-07 15:01:40 DEBUG headers:281 - >> Connection: Keep-Alive
2021-10-07 15:01:40 DEBUG headers:281 - >> User-Agent: Apache-HttpClient/4.5.13 (Java/14)
2021-10-07 15:01:40 DEBUG headers:281 - >> Accept-Encoding: gzip,deflate
2021-10-07 15:01:41 DEBUG wire:73 -  << "HTTP/1.1 200 OK[\r][\n]"
2021-10-07 15:01:41 DEBUG wire:73 -  << "server: nginx[\r][\n]"
2021-10-07 15:01:41 DEBUG wire:73 -  << "date: Thu, 07 Oct 2021 12:01:41 GMT[\r][\n]"
2021-10-07 15:01:41 DEBUG wire:73 -  << "content-type: application/json; charset=utf-8[\r][\n]"
2021-10-07 15:01:41 DEBUG wire:73 -  << "transfer-encoding: chunked[\r][\n]"
2021-10-07 15:01:41 DEBUG wire:73 -  << "set-cookie: US_SESSID=d8624371a033cf833ea7bc904ea4c87f; path=/; secure; HttpOnly; SameSite=lax[\r][\n]"
2021-10-07 15:01:41 DEBUG wire:73 -  << "expires: Thu, 07 Oct 2021 12:01:41 GMT[\r][\n]"
2021-10-07 15:01:41 DEBUG wire:73 -  << "last-modified: Thu, 07 Oct 2021 12:01:41 GMT[\r][\n]"
2021-10-07 15:01:41 DEBUG wire:73 -  << "pragma: no-cache[\r][\n]"
2021-10-07 15:01:41 DEBUG wire:73 -  << "x-username: ryzhik.sasha@list.ru[\r][\n]"
2021-10-07 15:01:41 DEBUG wire:73 -  << "x-userid: 4594492[\r][\n]"
2021-10-07 15:01:41 DEBUG wire:73 -  << "x-session-id: d8624371a033cf833ea7bc904ea4c87f[\r][\n]"
2021-10-07 15:01:41 DEBUG wire:73 -  << "cache-control: max-age=0, must-revalidate, private[\r][\n]"
2021-10-07 15:01:41 DEBUG wire:73 -  << "content-encoding: gzip[\r][\n]"
2021-10-07 15:01:41 DEBUG wire:73 -  << "x-robots-tag: noindex,nofollow[\r][\n]"
2021-10-07 15:01:41 DEBUG wire:73 -  << "x-powered-by: Unisender[\r][\n]"
2021-10-07 15:01:41 DEBUG wire:73 -  << "[\r][\n]"
2021-10-07 15:01:41 DEBUG DefaultClientConnection:259 - Receiving response: HTTP/1.1 200 OK
2021-10-07 15:01:41 DEBUG headers:262 - << HTTP/1.1 200 OK
2021-10-07 15:01:41 DEBUG headers:265 - << server: nginx
2021-10-07 15:01:41 DEBUG headers:265 - << date: Thu, 07 Oct 2021 12:01:41 GMT
2021-10-07 15:01:41 DEBUG headers:265 - << content-type: application/json; charset=utf-8
2021-10-07 15:01:41 DEBUG headers:265 - << transfer-encoding: chunked
2021-10-07 15:01:41 DEBUG headers:265 - << set-cookie: US_SESSID=d8624371a033cf833ea7bc904ea4c87f; path=/; secure; HttpOnly; SameSite=lax
2021-10-07 15:01:41 DEBUG headers:265 - << expires: Thu, 07 Oct 2021 12:01:41 GMT
2021-10-07 15:01:41 DEBUG headers:265 - << last-modified: Thu, 07 Oct 2021 12:01:41 GMT
2021-10-07 15:01:41 DEBUG headers:265 - << pragma: no-cache
2021-10-07 15:01:41 DEBUG headers:265 - << x-username: ryzhik.sasha@list.ru
2021-10-07 15:01:41 DEBUG headers:265 - << x-userid: 4594492
2021-10-07 15:01:41 DEBUG headers:265 - << x-session-id: d8624371a033cf833ea7bc904ea4c87f
2021-10-07 15:01:41 DEBUG headers:265 - << cache-control: max-age=0, must-revalidate, private
2021-10-07 15:01:41 DEBUG headers:265 - << content-encoding: gzip
2021-10-07 15:01:41 DEBUG headers:265 - << x-robots-tag: noindex,nofollow
2021-10-07 15:01:41 DEBUG headers:265 - << x-powered-by: Unisender
2021-10-07 15:01:41 DEBUG DefaultHttpClient:504 - Connection can be kept alive indefinitely
2021-10-07 15:01:41 DEBUG RequestSpecificationImpl$RestAssuredHttpBuilder:545 - Parsing response as: application/json; charset=utf-8
2021-10-07 15:01:41 DEBUG wire:73 -  << "44[\r][\n]"
2021-10-07 15:01:41 DEBUG wire:87 -  << "[0x1f][0x8b][0x8][0x0][0x0][0x0][0x0][0x0][0x0][0x3][0xab]V*J-.[0xcd])Q[0xb2][0xaa]V*I[0xcd]-[0xc8]I,I[0x8d][0xcf]LQ[0xb2]2[0xb6][0xb0][0xb0]000[0xaa][0xd5]Q*O,[0xca][0xcb][0xcc]K/V[0xb2][0x8a][0x8e][0xad][0x5][0x0]H[0xfc]w(0[0x0][0x0][0x0]"
2021-10-07 15:01:41 DEBUG wire:73 -  << "[\r][\n]"
2021-10-07 15:01:41 DEBUG wire:73 -  << "0[\r][\n]"
2021-10-07 15:01:41 DEBUG wire:73 -  << "[\r][\n]"
2021-10-07 15:01:41 DEBUG RequestSpecificationImpl$RestAssuredHttpBuilder:548 - Parsed data to instance of: class org.apache.http.conn.EofSensorInputStream
2021-10-07 15:01:41 DEBUG BasicClientConnectionManager:200 - Releasing connection org.apache.http.impl.conn.ManagedClientConnectionImpl@1fbe8592
2021-10-07 15:01:41 DEBUG BasicClientConnectionManager:225 - Connection can be kept alive indefinitely
HTTP/1.1 200 OK
server: nginx
date: Thu, 07 Oct 2021 12:01:41 GMT
content-type: application/json; charset=utf-8
transfer-encoding: chunked
set-cookie: US_SESSID=d8624371a033cf833ea7bc904ea4c87f; path=/; secure; HttpOnly; SameSite=lax
expires: Thu, 07 Oct 2021 12:01:41 GMT
last-modified: Thu, 07 Oct 2021 12:01:41 GMT
pragma: no-cache
x-username: ryzhik.sasha@list.ru
x-userid: 4594492
x-session-id: d8624371a033cf833ea7bc904ea4c87f
cache-control: max-age=0, must-revalidate, private
content-encoding: gzip
x-robots-tag: noindex,nofollow
x-powered-by: Unisender

{
    "result": {
        "template_id": 3888002
    },
    "warnings": [
        
    ]
}
2021-10-07 15:01:41 DEBUG BasicClientConnectionManager:161 - Get connection for route {s}->https://api.unisender.com:443
2021-10-07 15:01:41 DEBUG DefaultClientConnectionOperator:177 - Connecting to api.unisender.com:443
2021-10-07 15:01:41 DEBUG RequestAddCookies:123 - CookieSpec selected: ignoreCookies
2021-10-07 15:01:41 DEBUG RequestAuthCache:77 - Auth cache not set in the context
2021-10-07 15:01:41 DEBUG RequestTargetAuthentication:80 - Target auth state: UNCHALLENGED
2021-10-07 15:01:41 DEBUG RequestProxyAuthentication:89 - Proxy auth state: UNCHALLENGED
2021-10-07 15:01:41 DEBUG DefaultHttpClient:677 - Attempt 1 to execute request
2021-10-07 15:01:41 DEBUG DefaultClientConnection:274 - Sending request: POST /ru/api/updateEmailTemplate?api_key=6jbr9h54ug9f93gq1um6k684swstsq5ozo5cj7oa&format=json&template_id=3888002&title=Autumn%20sale%20steam%202021 HTTP/1.1
2021-10-07 15:01:41 DEBUG wire:73 -  >> "POST /ru/api/updateEmailTemplate?api_key=6jbr9h54ug9f93gq1um6k684swstsq5ozo5cj7oa&format=json&template_id=3888002&title=Autumn%20sale%20steam%202021 HTTP/1.1[\r][\n]"
2021-10-07 15:01:41 DEBUG wire:73 -  >> "Content-Type: application/json[\r][\n]"
2021-10-07 15:01:41 DEBUG wire:73 -  >> "Accept: */*[\r][\n]"
2021-10-07 15:01:41 DEBUG wire:73 -  >> "Content-Length: 0[\r][\n]"
2021-10-07 15:01:41 DEBUG wire:73 -  >> "Host: api.unisender.com[\r][\n]"
2021-10-07 15:01:41 DEBUG wire:73 -  >> "Connection: Keep-Alive[\r][\n]"
2021-10-07 15:01:41 DEBUG wire:73 -  >> "User-Agent: Apache-HttpClient/4.5.13 (Java/14)[\r][\n]"
2021-10-07 15:01:41 DEBUG wire:73 -  >> "Accept-Encoding: gzip,deflate[\r][\n]"
2021-10-07 15:01:41 DEBUG wire:73 -  >> "[\r][\n]"
2021-10-07 15:01:41 DEBUG headers:278 - >> POST /ru/api/updateEmailTemplate?api_key=6jbr9h54ug9f93gq1um6k684swstsq5ozo5cj7oa&format=json&template_id=3888002&title=Autumn%20sale%20steam%202021 HTTP/1.1
2021-10-07 15:01:41 DEBUG headers:281 - >> Content-Type: application/json
2021-10-07 15:01:41 DEBUG headers:281 - >> Accept: */*
2021-10-07 15:01:41 DEBUG headers:281 - >> Content-Length: 0
2021-10-07 15:01:41 DEBUG headers:281 - >> Host: api.unisender.com
2021-10-07 15:01:41 DEBUG headers:281 - >> Connection: Keep-Alive
2021-10-07 15:01:41 DEBUG headers:281 - >> User-Agent: Apache-HttpClient/4.5.13 (Java/14)
2021-10-07 15:01:41 DEBUG headers:281 - >> Accept-Encoding: gzip,deflate
2021-10-07 15:01:41 DEBUG wire:73 -  << "HTTP/1.1 200 OK[\r][\n]"
2021-10-07 15:01:41 DEBUG wire:73 -  << "server: nginx[\r][\n]"
2021-10-07 15:01:41 DEBUG wire:73 -  << "date: Thu, 07 Oct 2021 12:01:42 GMT[\r][\n]"
2021-10-07 15:01:41 DEBUG wire:73 -  << "content-type: application/json; charset=utf-8[\r][\n]"
2021-10-07 15:01:41 DEBUG wire:73 -  << "transfer-encoding: chunked[\r][\n]"
2021-10-07 15:01:41 DEBUG wire:73 -  << "set-cookie: US_SESSID=c27af5c2c97b7a6465deb48691efbd7d; path=/; secure; HttpOnly; SameSite=lax[\r][\n]"
2021-10-07 15:01:41 DEBUG wire:73 -  << "expires: Thu, 07 Oct 2021 12:01:42 GMT[\r][\n]"
2021-10-07 15:01:41 DEBUG wire:73 -  << "last-modified: Thu, 07 Oct 2021 12:01:42 GMT[\r][\n]"
2021-10-07 15:01:41 DEBUG wire:73 -  << "pragma: no-cache[\r][\n]"
2021-10-07 15:01:41 DEBUG wire:73 -  << "x-username: ryzhik.sasha@list.ru[\r][\n]"
2021-10-07 15:01:41 DEBUG wire:73 -  << "x-userid: 4594492[\r][\n]"
2021-10-07 15:01:41 DEBUG wire:73 -  << "x-session-id: c27af5c2c97b7a6465deb48691efbd7d[\r][\n]"
2021-10-07 15:01:41 DEBUG wire:73 -  << "cache-control: max-age=0, must-revalidate, private[\r][\n]"
2021-10-07 15:01:41 DEBUG wire:73 -  << "content-encoding: gzip[\r][\n]"
2021-10-07 15:01:41 DEBUG wire:73 -  << "x-robots-tag: noindex,nofollow[\r][\n]"
2021-10-07 15:01:41 DEBUG wire:73 -  << "x-powered-by: Unisender[\r][\n]"
2021-10-07 15:01:41 DEBUG wire:73 -  << "[\r][\n]"
2021-10-07 15:01:41 DEBUG DefaultClientConnection:259 - Receiving response: HTTP/1.1 200 OK
2021-10-07 15:01:41 DEBUG headers:262 - << HTTP/1.1 200 OK
2021-10-07 15:01:41 DEBUG headers:265 - << server: nginx
2021-10-07 15:01:41 DEBUG headers:265 - << date: Thu, 07 Oct 2021 12:01:42 GMT
2021-10-07 15:01:41 DEBUG headers:265 - << content-type: application/json; charset=utf-8
2021-10-07 15:01:41 DEBUG headers:265 - << transfer-encoding: chunked
2021-10-07 15:01:41 DEBUG headers:265 - << set-cookie: US_SESSID=c27af5c2c97b7a6465deb48691efbd7d; path=/; secure; HttpOnly; SameSite=lax
2021-10-07 15:01:41 DEBUG headers:265 - << expires: Thu, 07 Oct 2021 12:01:42 GMT
2021-10-07 15:01:41 DEBUG headers:265 - << last-modified: Thu, 07 Oct 2021 12:01:42 GMT
2021-10-07 15:01:41 DEBUG headers:265 - << pragma: no-cache
2021-10-07 15:01:41 DEBUG headers:265 - << x-username: ryzhik.sasha@list.ru
2021-10-07 15:01:41 DEBUG headers:265 - << x-userid: 4594492
2021-10-07 15:01:41 DEBUG headers:265 - << x-session-id: c27af5c2c97b7a6465deb48691efbd7d
2021-10-07 15:01:41 DEBUG headers:265 - << cache-control: max-age=0, must-revalidate, private
2021-10-07 15:01:41 DEBUG headers:265 - << content-encoding: gzip
2021-10-07 15:01:41 DEBUG headers:265 - << x-robots-tag: noindex,nofollow
2021-10-07 15:01:41 DEBUG headers:265 - << x-powered-by: Unisender
2021-10-07 15:01:41 DEBUG DefaultHttpClient:504 - Connection can be kept alive indefinitely
2021-10-07 15:01:41 DEBUG RequestSpecificationImpl$RestAssuredHttpBuilder:545 - Parsing response as: application/json; charset=utf-8
2021-10-07 15:01:41 DEBUG wire:73 -  << "2F[\r][\n]"
2021-10-07 15:01:41 DEBUG wire:87 -  << "[0x1f][0x8b][0x8][0x0][0x0][0x0][0x0][0x0][0x0][0x3][0xab]V*J-.[0xcd])Q[0xb2][0xaa][0xae][0xd5]Q*O,[0xca][0xcb][0xcc]K/V[0xb2][0x8a][0x8e][0xad][0x5][0x0][0x82][0x8b]=[0x1c][0x1b][0x0][0x0][0x0]"
2021-10-07 15:01:41 DEBUG wire:73 -  << "[\r][\n]"
2021-10-07 15:01:41 DEBUG wire:73 -  << "0[\r][\n]"
2021-10-07 15:01:41 DEBUG wire:73 -  << "[\r][\n]"
2021-10-07 15:01:41 DEBUG RequestSpecificationImpl$RestAssuredHttpBuilder:548 - Parsed data to instance of: class org.apache.http.conn.EofSensorInputStream
2021-10-07 15:01:41 DEBUG BasicClientConnectionManager:200 - Releasing connection org.apache.http.impl.conn.ManagedClientConnectionImpl@deddccb
2021-10-07 15:01:41 DEBUG BasicClientConnectionManager:225 - Connection can be kept alive indefinitely
HTTP/1.1 200 OK
server: nginx
date: Thu, 07 Oct 2021 12:01:42 GMT
content-type: application/json; charset=utf-8
transfer-encoding: chunked
set-cookie: US_SESSID=c27af5c2c97b7a6465deb48691efbd7d; path=/; secure; HttpOnly; SameSite=lax
expires: Thu, 07 Oct 2021 12:01:42 GMT
last-modified: Thu, 07 Oct 2021 12:01:42 GMT
pragma: no-cache
x-username: ryzhik.sasha@list.ru
x-userid: 4594492
x-session-id: c27af5c2c97b7a6465deb48691efbd7d
cache-control: max-age=0, must-revalidate, private
content-encoding: gzip
x-robots-tag: noindex,nofollow
x-powered-by: Unisender

{
    "result": {
        
    },
    "warnings": [
        
    ]
}
2021-10-07 15:01:41 DEBUG BasicClientConnectionManager:161 - Get connection for route {s}->https://api.unisender.com:443
2021-10-07 15:01:41 DEBUG DefaultClientConnectionOperator:177 - Connecting to api.unisender.com:443
2021-10-07 15:01:41 DEBUG RequestAddCookies:123 - CookieSpec selected: ignoreCookies
2021-10-07 15:01:41 DEBUG RequestAuthCache:77 - Auth cache not set in the context
2021-10-07 15:01:41 DEBUG RequestTargetAuthentication:80 - Target auth state: UNCHALLENGED
2021-10-07 15:01:41 DEBUG RequestProxyAuthentication:89 - Proxy auth state: UNCHALLENGED
2021-10-07 15:01:41 DEBUG DefaultHttpClient:677 - Attempt 1 to execute request
2021-10-07 15:01:41 DEBUG DefaultClientConnection:274 - Sending request: GET /ru/api/getTemplates?api_key=6jbr9h54ug9f93gq1um6k684swstsq5ozo5cj7oa&format=json HTTP/1.1
2021-10-07 15:01:41 DEBUG wire:73 -  >> "GET /ru/api/getTemplates?api_key=6jbr9h54ug9f93gq1um6k684swstsq5ozo5cj7oa&format=json HTTP/1.1[\r][\n]"
2021-10-07 15:01:41 DEBUG wire:73 -  >> "Content-Type: application/json[\r][\n]"
2021-10-07 15:01:41 DEBUG wire:73 -  >> "Accept: */*[\r][\n]"
2021-10-07 15:01:41 DEBUG wire:73 -  >> "Host: api.unisender.com[\r][\n]"
2021-10-07 15:01:41 DEBUG wire:73 -  >> "Connection: Keep-Alive[\r][\n]"
2021-10-07 15:01:41 DEBUG wire:73 -  >> "User-Agent: Apache-HttpClient/4.5.13 (Java/14)[\r][\n]"
2021-10-07 15:01:41 DEBUG wire:73 -  >> "Accept-Encoding: gzip,deflate[\r][\n]"
2021-10-07 15:01:41 DEBUG wire:73 -  >> "[\r][\n]"
2021-10-07 15:01:41 DEBUG headers:278 - >> GET /ru/api/getTemplates?api_key=6jbr9h54ug9f93gq1um6k684swstsq5ozo5cj7oa&format=json HTTP/1.1
2021-10-07 15:01:41 DEBUG headers:281 - >> Content-Type: application/json
2021-10-07 15:01:41 DEBUG headers:281 - >> Accept: */*
2021-10-07 15:01:41 DEBUG headers:281 - >> Host: api.unisender.com
2021-10-07 15:01:41 DEBUG headers:281 - >> Connection: Keep-Alive
2021-10-07 15:01:41 DEBUG headers:281 - >> User-Agent: Apache-HttpClient/4.5.13 (Java/14)
2021-10-07 15:01:41 DEBUG headers:281 - >> Accept-Encoding: gzip,deflate
2021-10-07 15:01:41 DEBUG wire:73 -  << "HTTP/1.1 200 OK[\r][\n]"
2021-10-07 15:01:41 DEBUG wire:73 -  << "server: nginx[\r][\n]"
2021-10-07 15:01:41 DEBUG wire:73 -  << "date: Thu, 07 Oct 2021 12:01:42 GMT[\r][\n]"
2021-10-07 15:01:41 DEBUG wire:73 -  << "content-type: application/json; charset=utf-8[\r][\n]"
2021-10-07 15:01:41 DEBUG wire:73 -  << "transfer-encoding: chunked[\r][\n]"
2021-10-07 15:01:41 DEBUG wire:73 -  << "set-cookie: US_SESSID=b1353b92750246a3a0544aab07bd7ee2; path=/; secure; HttpOnly; SameSite=lax[\r][\n]"
2021-10-07 15:01:41 DEBUG wire:73 -  << "expires: Thu, 07 Oct 2021 12:01:42 GMT[\r][\n]"
2021-10-07 15:01:41 DEBUG wire:73 -  << "last-modified: Thu, 07 Oct 2021 12:01:42 GMT[\r][\n]"
2021-10-07 15:01:41 DEBUG wire:73 -  << "pragma: no-cache[\r][\n]"
2021-10-07 15:01:41 DEBUG wire:73 -  << "x-username: ryzhik.sasha@list.ru[\r][\n]"
2021-10-07 15:01:41 DEBUG wire:73 -  << "x-userid: 4594492[\r][\n]"
2021-10-07 15:01:41 DEBUG wire:73 -  << "x-session-id: b1353b92750246a3a0544aab07bd7ee2[\r][\n]"
2021-10-07 15:01:41 DEBUG wire:73 -  << "cache-control: max-age=0, must-revalidate, private[\r][\n]"
2021-10-07 15:01:41 DEBUG wire:73 -  << "content-encoding: gzip[\r][\n]"
2021-10-07 15:01:41 DEBUG wire:73 -  << "x-robots-tag: noindex,nofollow[\r][\n]"
2021-10-07 15:01:41 DEBUG wire:73 -  << "x-powered-by: Unisender[\r][\n]"
2021-10-07 15:01:41 DEBUG wire:73 -  << "[\r][\n]"
2021-10-07 15:01:41 DEBUG DefaultClientConnection:259 - Receiving response: HTTP/1.1 200 OK
2021-10-07 15:01:41 DEBUG headers:262 - << HTTP/1.1 200 OK
2021-10-07 15:01:41 DEBUG headers:265 - << server: nginx
2021-10-07 15:01:41 DEBUG headers:265 - << date: Thu, 07 Oct 2021 12:01:42 GMT
2021-10-07 15:01:41 DEBUG headers:265 - << content-type: application/json; charset=utf-8
2021-10-07 15:01:41 DEBUG headers:265 - << transfer-encoding: chunked
2021-10-07 15:01:41 DEBUG headers:265 - << set-cookie: US_SESSID=b1353b92750246a3a0544aab07bd7ee2; path=/; secure; HttpOnly; SameSite=lax
2021-10-07 15:01:41 DEBUG headers:265 - << expires: Thu, 07 Oct 2021 12:01:42 GMT
2021-10-07 15:01:41 DEBUG headers:265 - << last-modified: Thu, 07 Oct 2021 12:01:42 GMT
2021-10-07 15:01:41 DEBUG headers:265 - << pragma: no-cache
2021-10-07 15:01:41 DEBUG headers:265 - << x-username: ryzhik.sasha@list.ru
2021-10-07 15:01:41 DEBUG headers:265 - << x-userid: 4594492
2021-10-07 15:01:41 DEBUG headers:265 - << x-session-id: b1353b92750246a3a0544aab07bd7ee2
2021-10-07 15:01:41 DEBUG headers:265 - << cache-control: max-age=0, must-revalidate, private
2021-10-07 15:01:41 DEBUG headers:265 - << content-encoding: gzip
2021-10-07 15:01:41 DEBUG headers:265 - << x-robots-tag: noindex,nofollow
2021-10-07 15:01:41 DEBUG headers:265 - << x-powered-by: Unisender
2021-10-07 15:01:41 DEBUG DefaultHttpClient:504 - Connection can be kept alive indefinitely
2021-10-07 15:01:41 DEBUG RequestSpecificationImpl$RestAssuredHttpBuilder:545 - Parsing response as: application/json; charset=utf-8
2021-10-07 15:01:41 DEBUG wire:73 -  << "922[\r][\n]"
2021-10-07 15:01:41 DEBUG wire:73 -  << "[0x1f][0x8b][0x8][0x0][0x0][0x0][0x0][0x0][0x0][0x3][0xed][0x9d][n[0x1c][0xd7][0x11][0x86][0xb7]B[0x10][0xc8][0x9b]l[0x9e][0xfb][0xa5]aX[0xc8][0x1a][0xf2][0x18][0x6][0xc4][0xb9]J[\n]"
2021-10-07 15:01:41 DEBUG wire:73 -  << "H[0x8a] [0x87]ql[0xc3][0x80][0x9d],[0xc0]H[0x90][0xfb][0x93][0xbc][0x3][0x3][0x89][0x81] [0xe][0x12][0xc0]+[0x18]e[0x9]^I[0xfe][0xd3]sck[0xba]{[0xba]i[0x19]4[0xbb]mp[0xa8][0xd6][0x14]9&[0xab]?[0xd5][0xd4][0xf9][0xab][0xea][0x9c][0x8f][0x8f][0xaf][0xd3][0xcd][0xed][0xf9][0xe2][0xb8][0xfa][0xf9][0xc7][0xc7]/[0xe2]q[0xc5][0x8d]1[0x84][0xb0]'[0xc7]7[0xb7][0xfe][0xec][0xf6]&][0x9f][0x9d][0xbf]|[0xf6][0xe2][0xf2][0xb8]:>~r[0xbc]x[0xb1]8O[0xb8][0xfc][0xe9][0xed][0xe2][0xf6][0xe2][0xf2][0xe8][0xc6][0x9d][0xa7][0xa3][0x9b]Er[0x17]G[0x8c]0[0x8a]/8w[0x97][0xcf][0xce][0xc2][0xcb]X[0xbe][0xe8][0xfa][0x16]O[0xe0]U~[0x99][0x2]^[0xfe][0xf8]g[0xf8]b<[0xe1][0x16][0xb][0x17][0x9e]_[0xa4][0xcb][0xc5][0xcd][0xea]5o[0xc2]uJ[0x97]7[0xcf]_.[0xce]n[0xaf][0xcf][0xf1][0xdc][0xf3][0xc5][0xe2][0xea][0xa6]:=9=[0x9]W[0xef][0xde]^[0xbe][0xb8]I[0x97]1][0xbf][0x1b]^^[0x9c][0x9e][0xbc][0xb8]xvz[0xb2]H[0x17]W[0xe7]n[0x91][0xce][0xae][0xae][0xd3][0xaf]^[0xa4][0xf][0xde][0xbd][0xba]|[0x86]W[0xc6][0xeb][0xe0]I[0xfc][\n]"
2021-10-07 15:01:41 DEBUG wire:73 -  << "[0xc7][0xe5][0x87]y[0x87][0x92]w[0x88]>[0xa2][0xac]"[0xb4][0x12][0xe5]g[0xbb][0xbd][0x8a][0x9d]v[0x6][0xfb]E[0xba][0xb9]q[0xcf][0xd2]Y~y}[0xe1][0xca]O|[0xed]>8{[0xbe][0xb8]8/[0xbf][0xf8][0x87]W[0xe5]W*[0xfe][0xc0][0xdf][0xfc][0xcb][0xf8]![0xfe][0xf6][0xde][0xd5][0xfb][0xcb][0xdf]/[0xbf]\[0xfe][0xfb]h[0xf9][0xdf][0xe5][0x96]_[0xe3][0xf2][0xef]x|[0xf5][0xfa]7[0xaf]?{[0xfd][0xf9][0xd1][0xeb][0xcf][0x96][0xff]Z[0xfe]s[0xf9][0xf]|[0xfe][0xf2][0x88][0x92][0x9f][0xbc]wzr[0xf5]>[0xbe][0xbb][0xbc][0xec][0xea][0x15].o[0xcf][0xcf]?y[0xb2][0xf5][0xbb][0xb6][0x96][0xff] [0xfc][0xe]/_[0xdf]|[0xf4][0xa6][0xef][0x1][0xca][0x8b][0x8f][0xd2][0xe9]I[0xb9]%[0xdb]{[0xb6][0xc0][0x9d][0xb9]Y[0xbc][0xbc][0x86][0xe3][0xf6][0xbe][0xfe][0xf4][0x84]J[0xf2]k<p')[0xd3][0xc9][0xa4],[0x98][0xb1]I[0xfb] )[0x13]L[0xe9]$[0x9d]s[0xc9]JY[0xee],^[0xe2][0xf4]d[0xf7][0xca][0xb8][0xbe]r+[0x2]77[0xfc][0xf4][0xc4][0x9c][0x9e][0xe8][0xd3][0x13][p|[0x18]S[0x9c][0xb6][0xf9][0xb6][0x2][0xc2]S[0xaa]8WDk[0xa6];[0x99][0xa0][0x95][0x94][0x15]+[0xf7][0xbc][0x9d][0x89][0x95]]]]><![CDATA[>[0x18][0x13]O[0x8e]3[0xc8]([0xde]>[0xeb][0xf9][0xd7]1[0xf4]>|[0x1f][0x9e]mP[0xab][0xa6]J-'[0x82]8[0x17]%[0xa3][0xda][0x1]^[0x1d]X[0xf6]>[0xca][0x1c])[0xd5][0x91]81[0x9a]Z[0xb5][0xa3]V[0xb5]Q[0xab][0xc][0xb3]=[0xd4][\n]"
2021-10-07 15:01:41 DEBUG wire:73 -  << "R1[0xd3]C[0xed][0xc6][0xfe]0[0x91][0xec]A[0xa9][0x1d][0xe4][0xd9][0x6][0xb5][0xdc]N4[0xd6]J.[0x89][0x8b][0xd4][0x6][0x12][0x82][0xe7]R[0x9]OS[0xb0][0xd6][0x98][0xcc][0xa5][0x8c]$[0x8f][0xa6][0x16][0xa4][0x96]p[b-[0xc7][0xc5]*$[0xdd][0x89][0xb5]R[0xeb]>j[0x19][0xab]d[0x89][0xc5]][0xb1][0xb6][0xd8][0xb][0xd5]3[0xa4]v[0x90]g[0x1b][0xd4]2=Qjm[0xe4][0x86]0b<",[0xe1].f[0xe5][0x92][0xe0]>;[0xa3][0xb9][0xd6][0x84][0x8e][0xa6][0x96][0xd5][0xa9]BM-[0xc3][0xc5]>[0xb5]R[0x91][0x9e]XKmE[0xfb][0xa8]-[0xf6]B[0xfd][0xc][0xa9][0x1d][0xe4][0xd9][0x6][0xb5][0x84]L[0x94]Z[0xe9][\r][0xf3][0x9e][0x83]V[0xa3][0x92][0x8d][0x94]y.[0xa8]"Lj[0x16][0xb2][0xb5][0x88][0x96]#[0xb3]/[0xe4][0xca][0xf8][0xa8][0xa9]%[0xb8][0xd8][0xa3]V`u[0xd6]C-[0xd1][0x95],Tv[0xc5][0xda][0x8d]}[0x86][0xd4][0xe][0xf2][0xec]]jq[0xb]&J-[0xe7]Q[0x6]M[0x94][0xf4][0xc4][0xda][0x1c][0x94][0xf][0x6]AWf[0xe6]D&<[0x8d][0xcc][0x10][0xb6]k[0xb2]B-[0x9c][0xd6]F-[0xd5]e[0x5][0xde][0xbe]B'[0x95]T[0x15][0xe9][0x8e][0xb5][0xb5][0x9d][0x16][0xea][0xe7]F[0xed]P[0xcf][0xde][0xa5][0x96]25Qj=[0xc1][0xf2]KS[0xae][0xa4]R[0xce][0xba][0xc0]|[0xf6][0x89]z[0xe2][0xa9][0xd5][0xc6]z[0xe4]Rcb-[0x12][\n]"
2021-10-07 15:01:41 DEBUG wire:73 -  << "[0xbc][0x8f][0x95]e[0x3][0xa8][0x85][0xd3][0xf6][0xa8][0x95][0x92][0xe0][0xd4]N[0xad][0x82][0xde]U[0x11]V[0x9][0xd1][0x1e]k[0x1b][0xf6]{Q[0xfb][0xea][0xdb]O[0xff][0xba]|[0xf5][0xcd][0x97][0xcb]W[0xaf][0xff]r[0x84]O[0xc6][0xe3][0x8f]x[0xe2][0xeb][0xf5][0x93]Z[0xfd][0xf9][0xcd]W[0xcb]/[0xbe][0xfd][0xf4]o[0xcb]/[0x96][0xbf][0xc5][0xe3][0xf3][0xa3][0xfa][0xe2][0xd5][0xeb]?[0xe0][0xf1][0xbb][0xe5][0xab][0xff][0xe1]Q[0xae][0xbf][0xe9][0xd1][0x9f][0x1e]n[0xd5]6[0xf4][0xe]4[0xe9][0x9e][0xaa][0xd6][0xa0][0x88]UT+[0x1b]Y[0xf2][0xca];[0xe1][0x9d][0xd7]&8[0xc5][0x3]5A[0xda]p[0x1f][0xba][0xd7][\n]"
2021-10-07 15:01:41 DEBUG wire:73 -  << "[0x19]e[0xfb]Z[0x3][0xe8]f][0xf9][0xaf]:Br+u[0xc5][0xb][0xfd]-[0x99][0xc4][0xd6]~[0xef][0xfc]w6t[0x1f][0xbe][0x3][\r][0xba] [0xba][0xfb][0xdb][0xd7][0xb9][0xb5]Zp[0xcd]S0Yd[0x8][0xc0][0x81]DJ[0x9c][0x16]A[0x88][0x1c][0xec]H[0xfd][0x17][0x91][0x3][0xd9][0x1c][0xc2]w[0x1d][0xbb][0x9].[0xde][0xc8][0x93][0xa5][0xb0][0xb4]KI[0xab][0xe9][0xe5][0xa6][0x12][0x1d][0x19][0xc7][0xd6]~oMb[0x1e]t[0xf][0xba][0x3]w[0xe9]&v[0xaa][0xab]@'-[0xb5][0x86][0x1a]d[0xd1][0x99]xC[0xad][0xf2][0x1e][0xab][0xc0]`9C4[0xa7](k[0x8c][0xc9]L[0xe0]X[0xe4][0xd0][0xeb]U [0x9c][0xd6]B[0xb7][0x91][0xf5]*[0xaf]%[0x9f][0xae][0xe9]e[0xdd][0xda]E[0xc3][0xfe]cf[0xd2]^_[0x1a]z[0x7][0x1a]t[0x1b]:[0xd1][0xbc][0x1b][0xf5][0xe][0x84]n[0xe7]Tf\[0xd3][0x94][0x2]r[0x92]DTP[0xcc][0xa6][0xc0]"2[0xe7][0x91]tcY[0x83][0x8]^b71[0xb8][0xd8][0x8b][0xdd][0x86][0xd6]zq'[0xdd][0xac][0xe2][0x9d]yw[0xa1][0x1f][0xf6][0x92][0xb9][0xfc]Hw'[0xdd][0x83][0xee]@[0x83]nm&J7[0xcd][0x9a][0x1a][0xa5][0x1d][0xd1]$[0xa8]l[0x19]7[0xca][0x8a][0xc4][0x84]c[0xc0]^Q?[0x9a]nh[0xcd]poM[0xb7][0xc6][0xc5][0x1e][0xdd][0x9a][0x99][0xe]-[0xa4][0x8e][0xcd][0xc4]T[0xa4]h[0x1d]]y[0xf7][0xc6][0xfe]#[0xdd][0x9d]t[0xf][0xba][0x3]M[0xba][0x18][0xfd].o?[0xef][0x96][0x81][0x19]nsN[0xe]z[0x9][0x91]TC1[0x9]([0xe3]q[0x1e][0xa0][0xfd][0x9][0xbc][0xd1][0x8d][0x8c][0xdd][0xf0][0xed]:[0xef]&[0xba]-[0xef]F:^[0xfa]&[0xba]b7[0x91][0x15][0xe1]}t[0xc3]^b[0xfb][0xbd][0xe8][0xfe][0xce][0xbd]8[0xf][0xa7][0x85][0xe0]F[0xc][0xf2][0xec][0x8e]Z%[0x84][0x9a]j-[0xd0][0x9]N[0x2][0xe4][0x8f][0x18]S"[0x10][0xf9][0xa2]@[0x88][0xe6][0xd2]dK[0x91]Y[0xdb][0xc1]}[0x17]HM[0xf0][0xb5][0xf8][0xc0]E][0xb][0xac][0x9d][0xf6]fLfDS%Z[0xa8]%[0xf6][0x1d]j[0x8f][0xa8][0xae][0xa8][0x80][0xd8][0xb7]Om[0xc3]^[0xa8][0x9e][0xf][0xb5][0xe3]<{[0x97]ZF&[0xab]O[0xeb]PJ[0xd8][0x99][0x93][0x8c][0xb4][0x98][0x4][0xc7]][0xf0]B[0x5]D\[0xa7][0xe4][0xf0]Lb[0xe5][[0x4]W[0x4][0x85]Z[0x9f]V[0x2]N{[0x93]Z[0x8a][0xbe]7[[0xe7][0xb9]o[0xc4][0xda]B[0xa5]Yk[0x1c][0xb2]%O[0xde][0xb3][0xcf][0x8d][0xda][0xa1][0x9e]mR;Y[0xdd][0x19][0xf5]>[0x93]!0[0x13]|&[0x14][0x9c][0x6][0x1b][0xbd][0xce][0x8e]&4[0xbb][0xa9][0xc1][0xda][0xc5]]jk[0xd5][0xb3]P[0xbb][0xa7];[0xd7][0xd4][0xd2][0x8e]X[0xbb][0xa1][0x96]w[0xc4][0xda][0xad]}[0x8e][0xb1]vE[0xed]a[0xcf]6[0xa9][0x9d][0xaa][0xe2]&[0x2]':[0x13][0x19]K[0xc5][0x9a][0xa1][0x98][0x91]8[0xb2][0xdb][0x88][0x5][0x9c]#[0x1e]e[0xec][0xa1]y[0xed]]jk[0xc5][0xad]P[0xbb][0xa7][0xb8][0x81]Z$[0xcf][0x85][0xba][0xae]X[0x8b][0xbe][0x8a][0xb6][0xce][0xcc]m[0xac][0x85][0x9d][0x97]U[0xdf]<c[0xed]a[0xcf][0xde][0xa5][0x16][0xe5][0xdc][0x89]j[\r][0xc2]!7[0xa0]Lfc,[0x8b]\[\n]"
2021-10-07 15:01:41 DEBUG wire:73 -  << "[0x1f]#[\r][0x11][0xcd][0x9a][0x8a][0xda]X[0xde][0xe3][0x87][0xad][0xc6]V[0xd4]B:[0x83]N[0xbc][0xce]k[0xe1][0xb4][0x96][0xc][0x81]"[0xa0]wRk*I*[0xda][0xb2][0x1a][S[0xbb][0xb3][0xcf][0x8d][0xda][0xa1][0x9e]mR+&J-[0xb3][0xc4]@[0xfb]u^*[0x99]x[0xd6]`[0x96])#<3L[0x4][0xea][0xdd]}[0xa8]E[0x80].[0xb1][0x96][0x96][0xb5]\S!C!E[U[0xf2][0xd6][0xf6]X[[0x1a][0xdc][0xaa]z[0xd6][0xe8][\r][0x85]lM[0xed][0xca][0xfe]p[0xf3]<[0xf][0xa1]![0xdc][0x8d][0x7][0x87]=[0xdb][0xa4]v[0xaa]U[0x8b][0x1c]4x[0xb5][0x10][0xbe][0x8][0x4][0xaf][0xac]T[0xc][0x8e][0xa2][0xfe]L[0xa4][0xcb][0xc2][0xd1][0xc1][0x15][0xe7][0xbb][0xbe][0xad][0xab][0x16][0x85][0xda][0xbd][0xaa]E[0xa1]V[0x98][0xee][0xc][0x1]T[0xd2][0x3][0xd4][0xc2]>_j[0xf]{[0xb6]A[0xad][0x19][[0x8d]@[0xb8]x[0xbb][0xa3][0x89]o_[0xaa]E[0x1f][r[0x6][0x9d]m[0xa1]4[0x10][0xab][0xe8][0x82]H[0x92][0xd2]Hl[0xc6][0xc4][0x9c][0x1b][0x9f][0x1c][0xa0][0xf8]P[0x17]"[0x0][0xac][0xd9]+D[0x14]`y[[0x11]y[0x1b]F[0x5][0x8a][0xc8]-[0xc3]F{[0xf6][0x19]&[0x7][0x83]<[0xdb][0x4]V[0x8e]L[0xe][0x1e][0x1][0xb0]Z2[0xef]b[0xc9][0xe][0x88]u9[0xda][0x94]DJ9[0xa2]+Sb[0xc1][0x14][0xc7][0xe7][0x5]p+[0xc2][0xf2][\n]"
2021-10-07 15:01:41 DEBUG wire:73 -  << "X\[0xec][0xe7][0x5]Lw[0xeb]][0x1a][\r]=[0x18][0xeb][0xec][0xc9][0xb]6[0xf6]y[0x2]{[0xd8][0xb3][\r]`[0xf5]X[0x95][0xf6][0x11][0x0]K)E[0xdf][0x2][0xd0][0xb4][0xc1][0x7]m[0x88][0x11][0xd2]Gt[0xa0][0xc5][0x88][0x1][0x8e][0xe8][0x6][0xf]klS[0x2],[0xb9]p][0x3][0xab]q[0xb1][0x7][0xac][0xb2][0xa6][0xa5]Mg[0x17]Ayk[0xdb][0xfb][0x9e]}[0x86][0xc0][0xe][0xf2]l[0x13][0xd8][0xb1][0x2][0xed]#[0x0][0x16][0x83][0xec]^9[0x8f][0x95][0x96][0xf]"[0x4]A[0x93][0xa1][0x98][0xa4]O[0x8e]+[0xc5][0xd0][0xf6]>z[0xe5]U[0xc4][0x82][\r][0xb0]-[0xda],[0xfa] l[0xdf][0xca][0x8b][0xa3]-[0xb8][/[0x80][0xc4][0xb5][0xb6][0xcf][0x13][0xd8][0xc3][0x9e]m[0x2];V[0x9b]}[0x4][0xc0]&[0xcc]k[0xea][0x10][0x19][0x1a]}[0xd1]=#[0x95][0x91][\n]"
2021-10-07 15:01:41 DEBUG wire:73 -  << "[0xfd]bY[0xe5][0x18]1[0x89]L[0x91][0xe5][0x8f][0x14][0xb8][0x0][0xec]Z<[0xa4][0xba]E[0x96]5[\n]"
2021-10-07 15:01:41 DEBUG wire:73 -  << "zm[0x8f]T[0xc0]![0xcb][0xf6]I[0x5][0x1b][0xfb]<[0x81]=[0xec][0xd9][0x6][0xb0]r[0x8a]9[0xac][0x13][0x1a][0x19][0xac]c[0xd8][0xe2][0xc1]'kr6[0xdc]%[0x99]t[0xe][0x12][0xdd][0xe9]#[0xab]_[0xe0][0x1b]i[0xd6]&[0xd3]*[0xbb][0x9a][0xec][0xa7][0x4][0xa2]m[0x12]n[0xfb][0x96][0xcf][0x5][0x9a]w{r[0xd8][0x8d]}[0x86][0xc0][0xe][0xf2]l[0x3]X16[0x87][0xfd]~v1z[0xfb]R[0x81][0x92]Q[0x8][0x96][0x99]H[0x84][0x6][0x8]O[0x88][0xb0][\n]"
2021-10-07 15:01:41 DEBUG wire:87 -  << "3p[0x6]zW[0xc6]d\[0x1c][0x1d]fW-2u"+Z[0x13]Yb[z[0x16][0xb7][0xd4]2[0xf4],[0xf6]I[0x5][0xc5]~[0xef]Y[0xa1]G[0xd9][0xd5][0xb5]]"[0xc][0xf2]l[0x93][0xda][0x9]&[0xb2][0xca][0xa9][0x14][0x8d]G[0xea][0x1a][0x98][0xe4][0xc4][0xe8]h[0x95][0xc1]Z[0x8c]e[0xb4]&Z[0x8f][0xda][0xf6][0xc8][0xbc][0xa0][0xa8][0xdc][0xeb]DV[0xb4]&[0xb2][0xa4]m[0xb8]m[0x7],r[0xd5]^`[0xd7][0xf6][0x19][0x86][0xd9]A[0x9e]m[0x0][0xcb][0xa7]Z[0xf8][0xf2][0x8c]r[0xf4][0x81][0x7]K"[0xa6]0"
2021-10-07 15:01:41 DEBUG wire:73 -  << "[\r][\n]"
2021-10-07 15:01:41 DEBUG wire:73 -  << "529[\r][\n]"
2021-10-07 15:01:41 DEBUG wire:73 -  << "Q[0xf7][0xe2]2[0xf0]H[0xb3]W[0x9c][0xf1][0xc8][0xc7]g[0xb3] uS[0x9e][0xe1]m[0x85]/[0xec]HR[0xa8][0xec]*|[0x95][0x99][0xe3][0x96][0x91][0xcc][0x1d][0xd5][0xb0][0x97][0xc1][0x89][0x19]R;[0xc8][0xb3]Mj[0xa7]Z[0xf8]J[0x90]_[0xb9]w[0xe][0xb3]h[0xe][0xbb];[0x10][0x8]\[0xd6]b[0x94]][0x14]-A[0x97][0xe6][0x96][0x91][0xb1][0x16][0xbe][0xdd][0x94]g[\n]"
2021-10-07 15:01:41 DEBUG wire:73 -  << "[0xf3]{)[0xad][0x94][0xa6][0xbb][0xc9][0x0][0xcd][0xb3][0xb6][0x12]}[0xa2]A[0xb1][0xcf][0xab][0xe5]{[0x9b][0x1c][0xc][0xf2]l[0x83]Z:[0xd5]-IbYw9[0x19][0x95][0x8e]R$#T[0x12][0x94][0xb3][0x98]ivA[0xa1][0x93]v4[0xb5] [0xb5][0xde][0xb4][0xc])m[0x11][0xca][0xf6][0xa8]E#x[0x1f][0xb5]DT[0xbc][0x8f][0xda]b[0x9f])[0xb5][0x83]<[0xdb][0xa4]v[0x82])-[0xe1][0xc6]"'@*[0x80]1_[0xc7]4[0xf6],c[0xa8][0xd8][0x1a][0xa1]-6[0xe0]K[0x10][0xae]F[0x86][0xd9][0x12]c7[0xc0][0xb6][0xa5][0xb4]B[0xd0]>[0xa9][0x8b][0xa0][0x97][0xab]enl[0x9b][0x1c]l[0xec]3L[0xe][0x6]y[0xb6][0x9][0xec][0x4][0xb5]Y*[0xd1]D@Q5[0x90][0xd8][0xa2],#[0xce][0xe6][0x88][0x81]uN#[0xda][0xb4]u[0xce]@n<[0xb0][0x1b][0x5][0x91][0xb6]i[0xb3][0xe8][0xa4][0xed].&[0xa8][0xb2][0xa9]S[0xad][0xdd][0xb6][0xb7]q[0xed][0xec][0xf3][0x4][0xf6][0xb0]g[0x1b][0xc0][0x92][0xb1]-[0xb3][0x8f][0xa0][0x98][0xa0][0x2][0xe3][0x81]h[0xe1]HN[0x94][0x1a]+r[0x96][0xc6]%/[0x84][0xd4][0x2]}[0xb3][0xa3][0x81][0x85]O7[0xdd][0xb2][0xa4][0xa5][[0xd6] S[0xe8]^~[0x1]H[0xd9][0xba]#[0xe4]:[0xc2][0xee][0xec]3[0x4]v[0x90]g[0x9b][0xc0][0x8e][0x15][\r][0x1e][0x3][0xb0][0xc6]ZL[0xcd]0[0x8a]v[0x18]L[0x81]y[0x88][0xb1]2dt[0x1c][0xca][0x18][0x5][0xfa][0xb9][0xee][0x3][0xec]F/ mz[0x81] =[\r]1[0x0][0x12]9jwC[0xcc][0xce]>O`[0xf]{[0xb6][0x9][0xec]X[0xbd][0xe0][0x11][0x0][0xeb]I-fI[0xc]mS[0x86][0x9e]X[0xa2]2[0x1a][\r][0x14][0x84][0xda][0xa0][0x83]([0xfb][0xf6][0x8f]L[0x9][0xf0][0x1d][0x1b][0xa9][0xa0][0xec][0xd8][0xbb][0xb7][0xe8][0xc2][0xfe]!}[0x11]V[0x98]~`7[0xf6]y[0x2]{[0xd8][0xb3]w[0x81]%v[0x82]=[0xb2][0x12][0xa3][0x7]:[0x1a][0x8c]{YlA[0xe3][0x4]C[0x83][0xc]6[0x8e][0xa6][0x18][0x19][0x90]<[0xa6][0x91][\r]1[0xa0][0x15][0xdf][0xb1][0xee][0x91][0x85][0xbf]Z[0x80][0xc5][0xba][0xae]e+[0x9a][0xed][>[0xc7][0xd1]"[0xdd][0x8a][0xac][0xc2][0xcc][0xd7][0xca]>7`[0x87]z[0xb6][0x1][0xac][0x19][0xab]m=[0x82][0x8]k[0xd0][[0x10][0x9c][0x14][0xe8][0x90]%[0xd8][0xf1]NF[0xec][0x9]M-[0xf6][0xd8][\r]Id)G[0xf6][0x17][0xc0][0xad][0x80]t-k[0x11][0xd3]&ka[0xcd][0xd5]][0xa9]U[0x15]J[0x8][0xbc][0xbb][0xbf]`g[0x9f]![0xb0][0x83]<[0xdb][0x4]vl[0xc1]#[0x0][0x16][0xa3][0x7]89[0x2]=[0xdc][0x1c][0x1d][h2`[0x18][0x9f][0xe1][0xe][0x85][0x3]/[0x81]1[0x1f][0x99][0x12][0xac][0x80]][0xf7][0xc8]b[0x8a][0xac]%[0xc2]b[0x10][0xa1][[0xd6][0xc2][0xbe][0xcf][0xa8][0xe]twp[0xed][0xec][0xf3][0x4][0xf6][0xb0]g[0x9b][0xc0]NP[0xd6][0xd2]<h[0x1a][0xad][0xc1]6[0x1b][0xde][0xe5][0xa2]f[0x9]a[0x10]p[0xa3][0xf0][0xb9][0xcc][0xd7][0x8e][0xcb]aW[0xc0][0xe2]s)[0x1c]`[0xb0][0xa1][\r]XS[0xcf]i[0xb5][0x17]i[0x1][0xa4][0xc6][0x81]c=[0xb2][0xd6][0xc6]~[0x1f]`[0x9f]>}z[0x84][0xc7][0xfa][0xbf][0xf5]e[0xf7][0xd1]b[0xf]7[0x8a]8[0xd4][0x8d][\r]:[0xf5][0x4]5,l[0xaa][0x9f]K[0x86][0xca][0xb0]%[0xc][0xfa]_Y[0xd0][0x2]{[0x85][0xd2][0xb2][0xfb][0x96][0xd1][0x8c][0x8d]l|[0x81][[0xa1][[0xad]5,[0x1c]q[0xd6]F[0xa7][0xee][0x15]]i[0xfb][0xfe][[0xdb][0x84]vc[0x9f]:[0x9d][0x83][0xdc][0xd8][0xa4]s[0x82][0xeb][0x85][0xed]jCb[0xce][\n]"
2021-10-07 15:01:41 DEBUG wire:73 -  << "[0x1d][0x8][0xf][0x82][0x88][0x98]4[0xd6]T[0xe8][0x15][0x80][0xbe]j[0xc7]g[0xa7]p[0xeb]z[0x95][0x8a]=[0xb5][0xda][0xe8][0x94]m[0xa7][0x97][0xec][0xe8][0xc3]IP}[0xd9])[0xe]s[0xac][0xed][0xf7][0xa1][0xf3][0xbb][0x9f][0xd4][0xf8][0xa0][0xe1]t[0x90]g[0x1b][0xc0][0xaa][0x9][0xae][0xff]M[0xc6]I[0xf]<[0xc7]l$C[0xcd][0x95]C[\n]"
2021-10-07 15:01:41 DEBUG wire:73 -  << "[0x10][0x8a][0x13][0xec])TN;[0x93][0xe3][0xc3])[0x12][0xa8][0xcd][0xfa]_[0xb5][0xad][0xff])Vn}o[0xf6][0xe8][0xb8][0xea][0xee]#,[0xa7][0x96][0xac][0xec]3[0x4]v[0x90]g[0x9b][0xc0][0x8e][0xdd][0x84][0xf3][0x11],[0xa7]X[0xd9],[0x19]j[0x15][0xc7][0xa8]aR(_a[0x1b]NM2v[0x86]5D[\n]"
2021-10-07 15:01:41 DEBUG wire:73 -  << "[0x83][0xd5]c[0x14]V[0xbc][0xff][0xc3][0xad][0xf5][0xfe][0x9b][0xc8]N[0xd5][0xde][0xfe][0x9b]XK[0x11]Zw[0x1][0xb4]g[0xa7][0xb2][0x82][0x82][0xda]3_[0xb0][0xb3][0xcf][0x13][0xd8][0xc3][0x9e]m[0x0]+'(XE[0x9f][0xb0]3Q[0xf4][0x1][0xdb][0xbd][0x84]L[0x85]u8[0xa4][0xd7]f[0xf4][\r]h[0xe9]Q[0x8f][0x1d][\r],[0xc6]66[0x82][0x95]l[0x13][0xac]p[0xd6]tw[0x84][0x5][0x90]XNuG[0xd8][0x9d]}[0x86][0xc0][0xe][0xf2]l[0x13][0xd8][0x9][\n]"
2021-10-07 15:01:41 DEBUG wire:73 -  << "Vh[0xcd][0xb6]V&[0xa9]q6[0x14]b,[0x6][\n]"
2021-10-07 15:01:41 DEBUG wire:87 -  << "[0x4]v[0x18][0xcc]LaL[0x16][0x1]v[0xbc]`[0x5][0xb7]nd[0x15][0xd9]"X[0xa1][0xd2]`[0xbb][0xf7]y[0x91][0xf5][0xc]l[0xf7][0xfa]g[0x9f]'[0xb0][0x87]=[0xdb][0x0]V[0x8c][0x95][0x4][0x1e][0xcb][0x4][0x97][0xf1][0x16][0x87][0xe0]`[0xec][0xd0][0x8][0x88]T[0xd8][0x8f][0x1b]o[0xe7][0x92][0xa0][0xf5]UDt[0x12][0xda][0xf1][0xaa][0x15][0xaa][0xd9][0x1b]]@[0xb4][0xe8][0x2][0x98][0xeb][0xae]O3[0xed][0xca][0xb]8VV[0xdd][0xcd]X[0xa0][0xb6][0xf4]c[0xcd]s[0xe5]5[0xc8][0xb3]Mj[0xc7]J[0x5][0x8f][0x85]Z%9[0xce][0x93][0xe][0x96][0xd6][0xa7]Ez[0xeb][0x18][0x9e][0xf1][0x96][0xe0][0xac][0xd3]([0xb4][0x1f]|n$[0xa2][0x0][0xbc][0x8a][0xd0][0x8c][0xcf][0x1b][0xbd]@[0xb4][0xe8][0x5]8[0x3][0xb5][0xed][0x4][0xbe][0xb5]^[0x0]*iU[0xef]6[0xdf][0xde]B[0xb8][0xb3][0xcf]0[0xd6][0xe][0xf2]l[0x83]Z>V/x,[0xd4][0xe2][0xfc][0x1a][0xed][0x89][0xd2][0x9e][0x12][0x92][0xb1]'[0x9c][0xc7][0xd9]z[0xda][0x9]%p[0xbe]4[0x15][0x1e]0[0x8e]\[0x83][0xa1]Uv#[0x1a][0xf0][0x16][0xd1][0xa0]H[0x14][0xdd][0xfb][0x14]Il[0x14][0xdb][0xb7]O[0xd1][0xce]>Cj[0x7]y[0xf6][0x93]_|[0xf2]x[0xa1][0x85].[0xb6][0x86][0x0][0x0]"
2021-10-07 15:01:41 DEBUG wire:73 -  << "[\r][\n]"
2021-10-07 15:01:41 DEBUG wire:73 -  << "0[\r][\n]"
2021-10-07 15:01:41 DEBUG wire:73 -  << "[\r][\n]"
2021-10-07 15:01:41 DEBUG RequestSpecificationImpl$RestAssuredHttpBuilder:548 - Parsed data to instance of: class org.apache.http.conn.EofSensorInputStream
2021-10-07 15:01:41 DEBUG BasicClientConnectionManager:200 - Releasing connection org.apache.http.impl.conn.ManagedClientConnectionImpl@72a14347
2021-10-07 15:01:41 DEBUG BasicClientConnectionManager:225 - Connection can be kept alive indefinitely
HTTP/1.1 200 OK
server: nginx
date: Thu, 07 Oct 2021 12:01:42 GMT
content-type: application/json; charset=utf-8
transfer-encoding: chunked
set-cookie: US_SESSID=b1353b92750246a3a0544aab07bd7ee2; path=/; secure; HttpOnly; SameSite=lax
expires: Thu, 07 Oct 2021 12:01:42 GMT
last-modified: Thu, 07 Oct 2021 12:01:42 GMT
pragma: no-cache
x-username: ryzhik.sasha@list.ru
x-userid: 4594492
x-session-id: b1353b92750246a3a0544aab07bd7ee2
cache-control: max-age=0, must-revalidate, private
content-encoding: gzip
x-robots-tag: noindex,nofollow
x-powered-by: Unisender

{
    "result": [
        {
            "id": 3888002,
            "sub_user_login": "",
            "title": "Autumn sale steam 2021",
            "lang_code": "ru",
            "subject": "Sale",
            "attachments": "",
            "screenshot_url": "https://cp.unisender.com/img/template_preview.png",
            "created": "2021-10-07 12:01:41",
            "updated": "2021-10-07 12:01:42",
            "message_format": "raw_html",
            "type": "user",
            "body": "<p>Вам полагается скидка 10%</p>",
            "raw_body": null
        },
        {
            "id": 3887993,
            "sub_user_login": "",
            "title": "Autumn sale steam 2021",
            "lang_code": "ru",
            "subject": "Sale",
            "attachments": "",
            "screenshot_url": "https://imgrsz.unisender.com/resize/uniscreenshotter.storage.unisender.com/r/150x150/c127e8ef4289e7bc5124267e5aaae955/image/screenshot/spa_user_template/8/7/9/9/3/3887993/screen.png?1633607727",
            "created": "2021-10-07 11:55:22",
            "updated": "2021-10-07 11:55:25",
            "message_format": "raw_html",
            "type": "user",
            "body": "<p>Вам полагается скидка 10%</p>",
            "raw_body": null,
            "fullsize_screenshot_url": "https://uniscreenshotter.storage.unisender.com/image/screenshot/spa_user_template/8/7/9/9/3/3887993/screen.png?1633607727"
        },
        {
            "id": 3887963,
            "sub_user_login": "",
            "title": "Autumn sale steam 2021",
            "lang_code": "ru",
            "subject": "Sale",
            "attachments": "",
            "screenshot_url": "https://imgrsz.unisender.com/resize/uniscreenshotter.storage.unisender.com/r/150x150/3040aad5217a8ef7c2fbbd5fd117d0a4/image/screenshot/spa_user_template/8/7/9/6/3/3887963/screen.png?1633606829",
            "created": "2021-10-07 11:40:28",
            "updated": "2021-10-07 11:40:28",
            "message_format": "raw_html",
            "type": "user",
            "body": "<p>Вам полагается скидка 10%</p>",
            "raw_body": null,
            "fullsize_screenshot_url": "https://uniscreenshotter.storage.unisender.com/image/screenshot/spa_user_template/8/7/9/6/3/3887963/screen.png?1633606829"
        },
        {
            "id": 3887939,
            "sub_user_login": "",
            "title": "Autumn sale steam 2021",
            "lang_code": "ru",
            "subject": "Sale",
            "attachments": "",
            "screenshot_url": "https://imgrsz.unisender.com/resize/uniscreenshotter.storage.unisender.com/r/150x150/5350ad19c0ccb3564b1ec9988f355d0f/image/screenshot/spa_user_template/8/7/9/3/9/3887939/screen.png?1633605779",
            "created": "2021-10-07 11:22:57",
            "updated": "2021-10-07 11:22:58",
            "message_format": "raw_html",
            "type": "user",
            "body": "<p>Вам полагается скидка 10%</p>",
            "raw_body": null,
            "fullsize_screenshot_url": "https://uniscreenshotter.storage.unisender.com/image/screenshot/spa_user_template/8/7/9/3/9/3887939/screen.png?1633605779"
        },
        {
            "id": 3887927,
            "sub_user_login": "",
            "title": "Autumn sale steam 2021",
            "lang_code": "ru",
            "subject": "Sale",
            "attachments": "",
            "screenshot_url": "https://imgrsz.unisender.com/resize/uniscreenshotter.storage.unisender.com/r/150x150/9d380208bbbd03adf6ae43bfa8737701/image/screenshot/spa_user_template/8/7/9/2/7/3887927/screen.png?1633605560",
            "created": "2021-10-07 11:19:17",
            "updated": "2021-10-07 11:19:19",
            "message_format": "raw_html",
            "type": "user",
            "body": "<p>Вам полагается скидка 10%</p>",
            "raw_body": null,
            "fullsize_screenshot_url": "https://uniscreenshotter.storage.unisender.com/image/screenshot/spa_user_template/8/7/9/2/7/3887927/screen.png?1633605560"
        },
        {
            "id": 3887900,
            "sub_user_login": "",
            "title": "Autumn sale steam 2021",
            "lang_code": "ru",
            "subject": "Sale",
            "attachments": "",
            "screenshot_url": "https://imgrsz.unisender.com/resize/uniscreenshotter.storage.unisender.com/r/150x150/5b82bb3df686e9d12b341602572cf999/image/screenshot/spa_user_template/8/7/9/0/0/3887900/screen.png?1633604880",
            "created": "2021-10-07 11:07:59",
            "updated": "2021-10-07 11:07:59",
            "message_format": "raw_html",
            "type": "user",
            "body": "<p>Вам полагается скидка 10%</p>",
            "raw_body": null,
            "fullsize_screenshot_url": "https://uniscreenshotter.storage.unisender.com/image/screenshot/spa_user_template/8/7/9/0/0/3887900/screen.png?1633604880"
        },
        {
            "id": 3887879,
            "sub_user_login": "",
            "title": "Autumn sale steam 2021",
            "lang_code": "ru",
            "subject": "Sale",
            "attachments": "",
            "screenshot_url": "https://imgrsz.unisender.com/resize/uniscreenshotter.storage.unisender.com/r/150x150/33d5c7065b099fc6bc8bd05f2a4f03ef/image/screenshot/spa_user_template/8/7/8/7/9/3887879/screen.png?1633604171",
            "created": "2021-10-07 10:56:07",
            "updated": "2021-10-07 10:56:10",
            "message_format": "raw_html",
            "type": "user",
            "body": "<p>Вам полагается скидка 10%</p>",
            "raw_body": null,
            "fullsize_screenshot_url": "https://uniscreenshotter.storage.unisender.com/image/screenshot/spa_user_template/8/7/8/7/9/3887879/screen.png?1633604171"
        },
        {
            "id": 3887126,
            "sub_user_login": "",
            "title": "Autumn sale steam 2021",
            "lang_code": "ru",
            "subject": "Sale",
            "attachments": "",
            "screenshot_url": "https://imgrsz.unisender.com/resize/uniscreenshotter.storage.unisender.com/r/150x150/b02fb7136566a9ac2bfbe1b0b19789b3/image/screenshot/spa_user_template/8/7/1/2/6/3887126/screen.png?1633550566",
            "created": "2021-10-06 20:02:44",
            "updated": "2021-10-06 20:02:44",
            "message_format": "raw_html",
            "type": "user",
            "body": "<p>Р’Р°Рј РїРѕР»Р°РіР°РµС‚СЃСЏ СЃРєРёРґРєР° 10%</p>",
            "raw_body": null,
            "fullsize_screenshot_url": "https://uniscreenshotter.storage.unisender.com/image/screenshot/spa_user_template/8/7/1/2/6/3887126/screen.png?1633550566"
        },
        {
            "id": 3887123,
            "sub_user_login": "",
            "title": "Autumn sale steam 2021",
            "lang_code": "ru",
            "subject": "Sale",
            "attachments": "",
            "screenshot_url": "https://imgrsz.unisender.com/resize/uniscreenshotter.storage.unisender.com/r/150x150/60961769d2eb6ba4bab78ca63c18c59c/image/screenshot/spa_user_template/8/7/1/2/3/3887123/screen.png?1633550260",
            "created": "2021-10-06 19:57:36",
            "updated": "2021-10-06 19:57:39",
            "message_format": "raw_html",
            "type": "user",
            "body": "<p>Р’Р°Рј РїРѕР»Р°РіР°РµС‚СЃСЏ СЃРєРёРґРєР° 10%</p>",
            "raw_body": null,
            "fullsize_screenshot_url": "https://uniscreenshotter.storage.unisender.com/image/screenshot/spa_user_template/8/7/1/2/3/3887123/screen.png?1633550260"
        },
        {
            "id": 3887102,
            "sub_user_login": "",
            "title": "Autumn sale steam 2021",
            "lang_code": "ru",
            "subject": "Sale",
            "attachments": "",
            "screenshot_url": "https://imgrsz.unisender.com/resize/uniscreenshotter.storage.unisender.com/r/150x150/39974373ec8f4f7bcc0d10a74c44fc95/image/screenshot/spa_user_template/8/7/1/0/2/3887102/screen.png?1633549129",
            "created": "2021-10-06 19:38:47",
            "updated": "2021-10-06 19:38:48",
            "message_format": "raw_html",
            "type": "user",
            "body": "<p>Р’Р°Рј РїРѕР»Р°РіР°РµС‚СЃСЏ СЃРєРёРґРєР° 10%</p>",
            "raw_body": null,
            "fullsize_screenshot_url": "https://uniscreenshotter.storage.unisender.com/image/screenshot/spa_user_template/8/7/1/0/2/3887102/screen.png?1633549129"
        },
        {
            "id": 3887090,
            "sub_user_login": "",
            "title": "Autumn sale steam 2021",
            "lang_code": "ru",
            "subject": "Sale",
            "attachments": "",
            "screenshot_url": "https://imgrsz.unisender.com/resize/uniscreenshotter.storage.unisender.com/r/150x150/a59198188bdf0b8196bb160c9322eb1e/image/screenshot/spa_user_template/8/7/0/9/0/3887090/screen.png?1633548559",
            "created": "2021-10-06 19:29:17",
            "updated": "2021-10-06 19:29:17",
            "message_format": "raw_html",
            "type": "user",
            "body": "<p>Р’Р°Рј РїРѕР»Р°РіР°РµС‚СЃСЏ СЃРєРёРґРєР° 10%</p>",
            "raw_body": null,
            "fullsize_screenshot_url": "https://uniscreenshotter.storage.unisender.com/image/screenshot/spa_user_template/8/7/0/9/0/3887090/screen.png?1633548559"
        },
        {
            "id": 3887081,
            "sub_user_login": "",
            "title": "Autumn sale steam 2021",
            "lang_code": "ru",
            "subject": "Sale",
            "attachments": "",
            "screenshot_url": "https://imgrsz.unisender.com/resize/uniscreenshotter.storage.unisender.com/r/150x150/5fd437aa6f2371eec63ce06c629ec2d6/image/screenshot/spa_user_template/8/7/0/8/1/3887081/screen.png?1633548157",
            "created": "2021-10-06 19:22:34",
            "updated": "2021-10-06 19:22:36",
            "message_format": "raw_html",
            "type": "user",
            "body": "<p>Р’Р°Рј РїРѕР»Р°РіР°РµС‚СЃСЏ СЃРєРёРґРєР° 10%</p>",
            "raw_body": null,
            "fullsize_screenshot_url": "https://uniscreenshotter.storage.unisender.com/image/screenshot/spa_user_template/8/7/0/8/1/3887081/screen.png?1633548157"
        },
        {
            "id": 3887078,
            "sub_user_login": "",
            "title": "Autumn sale steam 2021",
            "lang_code": "ru",
            "subject": "Sale",
            "attachments": "",
            "screenshot_url": "https://imgrsz.unisender.com/resize/uniscreenshotter.storage.unisender.com/r/150x150/1f71867a070c6f9238694e24a2fd461b/image/screenshot/spa_user_template/8/7/0/7/8/3887078/screen.png?1633547281",
            "created": "2021-10-06 19:08:00",
            "updated": "2021-10-06 19:08:00",
            "message_format": "raw_html",
            "type": "user",
            "body": "<p>Р’Р°Рј РїРѕР»Р°РіР°РµС‚СЃСЏ СЃРєРёРґРєР° 10%</p>",
            "raw_body": null,
            "fullsize_screenshot_url": "https://uniscreenshotter.storage.unisender.com/image/screenshot/spa_user_template/8/7/0/7/8/3887078/screen.png?1633547281"
        },
        {
            "id": 3887072,
            "sub_user_login": "",
            "title": "Autumn sale steam 2021",
            "lang_code": "ru",
            "subject": "Sale",
            "attachments": "",
            "screenshot_url": "https://imgrsz.unisender.com/resize/uniscreenshotter.storage.unisender.com/r/150x150/5c2839ffeaac20517be1c79333cb0940/image/screenshot/spa_user_template/8/7/0/7/2/3887072/screen.png?1633547105",
            "created": "2021-10-06 19:05:03",
            "updated": "2021-10-06 19:05:04",
            "message_format": "raw_html",
            "type": "user",
            "body": "<p>Вам полагается скидка 10%</p>",
            "raw_body": null,
            "fullsize_screenshot_url": "https://uniscreenshotter.storage.unisender.com/image/screenshot/spa_user_template/8/7/0/7/2/3887072/screen.png?1633547105"
        },
        {
            "id": 3864467,
            "sub_user_login": "",
            "title": "Autumn sale steam 2021",
            "lang_code": "ru",
            "subject": "Sale",
            "attachments": "",
            "screenshot_url": "https://imgrsz.unisender.com/resize/uniscreenshotter.storage.unisender.com/r/150x150/a430cb78ddee0fbed4186358f916bb94/image/screenshot/spa_user_template/6/4/4/6/7/3864467/screen.png?1632071645",
            "created": "2021-09-19 17:14:02",
            "updated": "2021-09-19 17:14:03",
            "message_format": "raw_html",
            "type": "user",
            "body": "<p>Вам полагается скидка 10%</p>",
            "raw_body": null,
            "fullsize_screenshot_url": "https://uniscreenshotter.storage.unisender.com/image/screenshot/spa_user_template/6/4/4/6/7/3864467/screen.png?1632071645"
        },
        {
            "id": 3864206,
            "sub_user_login": "",
            "title": "Autumn sale steam 2021",
            "lang_code": "ru",
            "subject": "Sale",
            "attachments": "",
            "screenshot_url": "https://imgrsz.unisender.com/resize/uniscreenshotter.storage.unisender.com/r/150x150/b7c3802f30fc2d0ca3acb46ce1ca651b/image/screenshot/spa_user_template/6/4/2/0/6/3864206/screen.png?1631993936",
            "created": "2021-09-18 19:38:54",
            "updated": "2021-09-18 19:38:54",
            "message_format": "raw_html",
            "type": "user",
            "body": "<p>Вам полагается скидка 10%</p>",
            "raw_body": null,
            "fullsize_screenshot_url": "https://uniscreenshotter.storage.unisender.com/image/screenshot/spa_user_template/6/4/2/0/6/3864206/screen.png?1631993936"
        },
        {
            "id": 3864203,
            "sub_user_login": "",
            "title": "Autumn sale steam 2021",
            "lang_code": "ru",
            "subject": "Sale",
            "attachments": "",
            "screenshot_url": "https://imgrsz.unisender.com/resize/uniscreenshotter.storage.unisender.com/r/150x150/63ef8f59c08f50151bc9db7fa1efbb6e/image/screenshot/spa_user_template/6/4/2/0/3/3864203/screen.png?1631993915",
            "created": "2021-09-18 19:38:32",
            "updated": "2021-09-18 19:38:33",
            "message_format": "raw_html",
            "type": "user",
            "body": "<p>Вам полагается скидка 10%</p>",
            "raw_body": null,
            "fullsize_screenshot_url": "https://uniscreenshotter.storage.unisender.com/image/screenshot/spa_user_template/6/4/2/0/3/3864203/screen.png?1631993915"
        },
        {
            "id": 3864200,
            "sub_user_login": "",
            "title": "Autumn sale steam 2021",
            "lang_code": "ru",
            "subject": "Sale",
            "attachments": "",
            "screenshot_url": "https://imgrsz.unisender.com/resize/uniscreenshotter.storage.unisender.com/r/150x150/4c307f05da4f02550e3051d6f9a0b2a4/image/screenshot/spa_user_template/6/4/2/0/0/3864200/screen.png?1631992053",
            "created": "2021-09-18 19:07:28",
            "updated": "2021-09-18 19:07:31",
            "message_format": "raw_html",
            "type": "user",
            "body": "<p>Вам полагается скидка 10%</p>",
            "raw_body": null,
            "fullsize_screenshot_url": "https://uniscreenshotter.storage.unisender.com/image/screenshot/spa_user_template/6/4/2/0/0/3864200/screen.png?1631992053"
        },
        {
            "id": 3864197,
            "sub_user_login": "",
            "title": "Autumn sale steam 2021",
            "lang_code": "ru",
            "subject": "Sale",
            "attachments": "",
            "screenshot_url": "https://imgrsz.unisender.com/resize/uniscreenshotter.storage.unisender.com/r/150x150/4a30f125f8892d354bdd1cdad1619d06/image/screenshot/spa_user_template/6/4/1/9/7/3864197/screen.png?1631991015",
            "created": "2021-09-18 18:50:13",
            "updated": "2021-09-18 18:50:13",
            "message_format": "raw_html",
            "type": "user",
            "body": "<p>Вам полагается скидка 10%</p>",
            "raw_body": null,
            "fullsize_screenshot_url": "https://uniscreenshotter.storage.unisender.com/image/screenshot/spa_user_template/6/4/1/9/7/3864197/screen.png?1631991015"
        },
        {
            "id": 3864194,
            "sub_user_login": "",
            "title": "Autumn sale steam 2021",
            "lang_code": "ru",
            "subject": "Sale",
            "attachments": "",
            "screenshot_url": "https://imgrsz.unisender.com/resize/uniscreenshotter.storage.unisender.com/r/150x150/29086f2ab565e3f7dd12684b2824c1ba/image/screenshot/spa_user_template/6/4/1/9/4/3864194/screen.png?1631987964",
            "created": "2021-09-18 17:59:21",
            "updated": "2021-09-18 17:59:22",
            "message_format": "raw_html",
            "type": "user",
            "body": "<p>Вам полагается скидка 10%</p>",
            "raw_body": null,
            "fullsize_screenshot_url": "https://uniscreenshotter.storage.unisender.com/image/screenshot/spa_user_template/6/4/1/9/4/3864194/screen.png?1631987964"
        },
        {
            "id": 3864191,
            "sub_user_login": "",
            "title": "Autumn sale steam 2021",
            "lang_code": "ru",
            "subject": "Sale",
            "attachments": "",
            "screenshot_url": "https://imgrsz.unisender.com/resize/uniscreenshotter.storage.unisender.com/r/150x150/fc75659eaa0c79f66dca13ec05af4a15/image/screenshot/spa_user_template/6/4/1/9/1/3864191/screen.png?1631987483",
            "created": "2021-09-18 17:51:21",
            "updated": "2021-09-18 17:51:22",
            "message_format": "raw_html",
            "type": "user",
            "body": "<p>Вам полагается скидка 10%</p>",
            "raw_body": null,
            "fullsize_screenshot_url": "https://uniscreenshotter.storage.unisender.com/image/screenshot/spa_user_template/6/4/1/9/1/3864191/screen.png?1631987483"
        },
        {
            "id": 3864188,
            "sub_user_login": "",
            "title": "Autumn sale steam",
            "lang_code": "ru",
            "subject": "Sale",
            "attachments": "",
            "screenshot_url": "https://imgrsz.unisender.com/resize/uniscreenshotter.storage.unisender.com/r/150x150/0b1ea86a9c16026dac4e511d09fe7ba6/image/screenshot/spa_user_template/6/4/1/8/8/3864188/screen.png?1631987359",
            "created": "2021-09-18 17:49:18",
            "updated": "2021-09-18 17:49:18",
            "message_format": "raw_html",
            "type": "user",
            "body": "<p>Вам полагается скидка 10%</p>",
            "raw_body": null,
            "fullsize_screenshot_url": "https://uniscreenshotter.storage.unisender.com/image/screenshot/spa_user_template/6/4/1/8/8/3864188/screen.png?1631987359"
        },
        {
            "id": 3864185,
            "sub_user_login": "",
            "title": "Autumn sale steam",
            "lang_code": "ru",
            "subject": "Sale",
            "attachments": "",
            "screenshot_url": "https://imgrsz.unisender.com/resize/uniscreenshotter.storage.unisender.com/r/150x150/752bad290809afd9ee4eefdbfb5199da/image/screenshot/spa_user_template/6/4/1/8/5/3864185/screen.png?1631987276",
            "created": "2021-09-18 17:47:55",
            "updated": "2021-09-18 17:47:55",
            "message_format": "raw_html",
            "type": "user",
            "body": "<p>Вам полагается скидка 10%</p>",
            "raw_body": null,
            "fullsize_screenshot_url": "https://uniscreenshotter.storage.unisender.com/image/screenshot/spa_user_template/6/4/1/8/5/3864185/screen.png?1631987276"
        },
        {
            "id": 3864176,
            "sub_user_login": "",
            "title": "Autumn sale steam",
            "lang_code": "ru",
            "subject": "Sale",
            "attachments": "",
            "screenshot_url": "https://imgrsz.unisender.com/resize/uniscreenshotter.storage.unisender.com/r/150x150/111e0699d9cbc780845bd4c4dd3dfda9/image/screenshot/spa_user_template/6/4/1/7/6/3864176/screen.png?1631986989",
            "created": "2021-09-18 17:43:07",
            "updated": "2021-09-18 17:43:07",
            "message_format": "raw_html",
            "type": "user",
            "body": "<p>Вам полагается скидка 10%</p>",
            "raw_body": null,
            "fullsize_screenshot_url": "https://uniscreenshotter.storage.unisender.com/image/screenshot/spa_user_template/6/4/1/7/6/3864176/screen.png?1631986989"
        },
        {
            "id": 3864173,
            "sub_user_login": "",
            "title": "Autumn sale steam",
            "lang_code": "ru",
            "subject": "Sale",
            "attachments": "",
            "screenshot_url": "https://imgrsz.unisender.com/resize/uniscreenshotter.storage.unisender.com/r/150x150/336b6abb28bc4cc41e81c12ea3662b19/image/screenshot/spa_user_template/6/4/1/7/3/3864173/screen.png?1631986794",
            "created": "2021-09-18 17:39:53",
            "updated": "2021-09-18 17:39:53",
            "message_format": "raw_html",
            "type": "user",
            "body": "<p>Вам полагается скидка 10%</p>",
            "raw_body": null,
            "fullsize_screenshot_url": "https://uniscreenshotter.storage.unisender.com/image/screenshot/spa_user_template/6/4/1/7/3/3864173/screen.png?1631986794"
        },
        {
            "id": 3864170,
            "sub_user_login": "",
            "title": "Autumn sale steam",
            "lang_code": "ru",
            "subject": "Sale",
            "attachments": "",
            "screenshot_url": "https://imgrsz.unisender.com/resize/uniscreenshotter.storage.unisender.com/r/150x150/ebfa7cd273efd456856eecf6fddb3511/image/screenshot/spa_user_template/6/4/1/7/0/3864170/screen.png?1631986642",
            "created": "2021-09-18 17:37:21",
            "updated": "2021-09-18 17:37:21",
            "message_format": "raw_html",
            "type": "user",
            "body": "<p>Вам полагается скидка 10%</p>",
            "raw_body": null,
            "fullsize_screenshot_url": "https://uniscreenshotter.storage.unisender.com/image/screenshot/spa_user_template/6/4/1/7/0/3864170/screen.png?1631986642"
        },
        {
            "id": 3864155,
            "sub_user_login": "",
            "title": "Autumn sale steam",
            "lang_code": "ru",
            "subject": "Sale",
            "attachments": "",
            "screenshot_url": "https://imgrsz.unisender.com/resize/uniscreenshotter.storage.unisender.com/r/150x150/7a47290a2217be98ff83ae5e7fc5a74e/image/screenshot/spa_user_template/6/4/1/5/5/3864155/screen.png?1631986471",
            "created": "2021-09-18 17:34:29",
            "updated": "2021-09-18 17:34:29",
            "message_format": "raw_html",
            "type": "user",
            "body": "<p>Вам полагается скидка 10%</p>",
            "raw_body": null,
            "fullsize_screenshot_url": "https://uniscreenshotter.storage.unisender.com/image/screenshot/spa_user_template/6/4/1/5/5/3864155/screen.png?1631986471"
        },
        {
            "id": 3864146,
            "sub_user_login": "",
            "title": "Autumn sale steam 2021",
            "lang_code": "ru",
            "subject": "Sale",
            "attachments": "",
            "screenshot_url": "https://imgrsz.unisender.com/resize/uniscreenshotter.storage.unisender.com/r/150x150/65d442f24e01c874cf669788659fa9ad/image/screenshot/spa_user_template/6/4/1/4/6/3864146/screen.png?1631986091",
            "created": "2021-09-18 17:28:08",
            "updated": "2021-09-18 17:28:09",
            "message_format": "raw_html",
            "type": "user",
            "body": "<p>Вам полагается скидка 10%</p>",
            "raw_body": null,
            "fullsize_screenshot_url": "https://uniscreenshotter.storage.unisender.com/image/screenshot/spa_user_template/6/4/1/4/6/3864146/screen.png?1631986091"
        },
        {
            "id": 3864143,
            "sub_user_login": "",
            "title": "Autumn sale steam",
            "lang_code": "ru",
            "subject": "Sale",
            "attachments": "",
            "screenshot_url": "https://imgrsz.unisender.com/resize/uniscreenshotter.storage.unisender.com/r/150x150/6a6ed8b12ec253087d968e062fffe9b2/image/screenshot/spa_user_template/6/4/1/4/3/3864143/screen.png?1631986060",
            "created": "2021-09-18 17:27:38",
            "updated": "2021-09-18 17:27:38",
            "message_format": "raw_html",
            "type": "user",
            "body": "<p>Вам полагается скидка 10%</p>",
            "raw_body": null,
            "fullsize_screenshot_url": "https://uniscreenshotter.storage.unisender.com/image/screenshot/spa_user_template/6/4/1/4/3/3864143/screen.png?1631986060"
        },
        {
            "id": 3864134,
            "sub_user_login": "",
            "title": "Autumn sale steam 2021",
            "lang_code": "ru",
            "subject": "Sale",
            "attachments": "",
            "screenshot_url": "https://imgrsz.unisender.com/resize/uniscreenshotter.storage.unisender.com/r/150x150/b2134a2c90d3c17dd35c3d1fb6323d31/image/screenshot/spa_user_template/6/4/1/3/4/3864134/screen.png?1631985608",
            "created": "2021-09-18 17:20:06",
            "updated": "2021-09-18 17:20:07",
            "message_format": "raw_html",
            "type": "user",
            "body": "<p>Вам полагается скидка 10%</p>",
            "raw_body": null,
            "fullsize_screenshot_url": "https://uniscreenshotter.storage.unisender.com/image/screenshot/spa_user_template/6/4/1/3/4/3864134/screen.png?1631985608"
        },
        {
            "id": 3864131,
            "sub_user_login": "",
            "title": "Autumn sale steam 2021",
            "lang_code": "ru",
            "subject": "Sale",
            "attachments": "",
            "screenshot_url": "https://imgrsz.unisender.com/resize/uniscreenshotter.storage.unisender.com/r/150x150/eb513baabdfa99f04c49905646b6a700/image/screenshot/spa_user_template/6/4/1/3/1/3864131/screen.png?1631985585",
            "created": "2021-09-18 17:19:43",
            "updated": "2021-09-18 17:19:44",
            "message_format": "raw_html",
            "type": "user",
            "body": "<p>Вам полагается скидка 10%</p>",
            "raw_body": null,
            "fullsize_screenshot_url": "https://uniscreenshotter.storage.unisender.com/image/screenshot/spa_user_template/6/4/1/3/1/3864131/screen.png?1631985585"
        },
        {
            "id": 3864119,
            "sub_user_login": "",
            "title": "Autumn sale steam 2021",
            "lang_code": "ru",
            "subject": "Sale",
            "attachments": "",
            "screenshot_url": "https://imgrsz.unisender.com/resize/uniscreenshotter.storage.unisender.com/r/150x150/d83aea5d67d54e846e4132df1fac6a3a/image/screenshot/spa_user_template/6/4/1/1/9/3864119/screen.png?1631984675",
            "created": "2021-09-18 17:04:33",
            "updated": "2021-09-18 17:04:34",
            "message_format": "raw_html",
            "type": "user",
            "body": "<p>Вам полагается скидка 10%</p>",
            "raw_body": null,
            "fullsize_screenshot_url": "https://uniscreenshotter.storage.unisender.com/image/screenshot/spa_user_template/6/4/1/1/9/3864119/screen.png?1631984675"
        },
        {
            "id": 3864113,
            "sub_user_login": "",
            "title": "Autumn sale steam",
            "lang_code": "ru",
            "subject": "Sale",
            "attachments": "",
            "screenshot_url": "https://imgrsz.unisender.com/resize/uniscreenshotter.storage.unisender.com/r/150x150/038917d632c93a2703a2c4e8479535e7/image/screenshot/spa_user_template/6/4/1/1/3/3864113/screen.png?1631984412",
            "created": "2021-09-18 17:00:10",
            "updated": "2021-09-18 17:00:10",
            "message_format": "raw_html",
            "type": "user",
            "body": "<p>Вам полагается скидка 10%</p>",
            "raw_body": null,
            "fullsize_screenshot_url": "https://uniscreenshotter.storage.unisender.com/image/screenshot/spa_user_template/6/4/1/1/3/3864113/screen.png?1631984412"
        },
        {
            "id": 3864110,
            "sub_user_login": "",
            "title": "Autumn sale steam",
            "lang_code": "ru",
            "subject": "Sale",
            "attachments": "",
            "screenshot_url": "https://imgrsz.unisender.com/resize/uniscreenshotter.storage.unisender.com/r/150x150/15ba61b195341f67dfd88b31d2037ff3/image/screenshot/spa_user_template/6/4/1/1/0/3864110/screen.png?1631984204",
            "created": "2021-09-18 16:56:42",
            "updated": "2021-09-18 16:56:42",
            "message_format": "raw_html",
            "type": "user",
            "body": "<p>Вам полагается скидка 10%</p>",
            "raw_body": null,
            "fullsize_screenshot_url": "https://uniscreenshotter.storage.unisender.com/image/screenshot/spa_user_template/6/4/1/1/0/3864110/screen.png?1631984204"
        },
        {
            "id": 3864107,
            "sub_user_login": "",
            "title": "Autumn sale steam",
            "lang_code": "ru",
            "subject": "Sale",
            "attachments": "",
            "screenshot_url": "https://imgrsz.unisender.com/resize/uniscreenshotter.storage.unisender.com/r/150x150/6c23c074a0fe11894ff58aeb44574d1c/image/screenshot/spa_user_template/6/4/1/0/7/3864107/screen.png?1631984118",
            "created": "2021-09-18 16:55:17",
            "updated": "2021-09-18 16:55:17",
            "message_format": "raw_html",
            "type": "user",
            "body": "<p>Вам полагается скидка 10%</p>",
            "raw_body": null,
            "fullsize_screenshot_url": "https://uniscreenshotter.storage.unisender.com/image/screenshot/spa_user_template/6/4/1/0/7/3864107/screen.png?1631984118"
        },
        {
            "id": 3864104,
            "sub_user_login": "",
            "title": "Autumn sale steam",
            "lang_code": "ru",
            "subject": "Sale",
            "attachments": "",
            "screenshot_url": "https://imgrsz.unisender.com/resize/uniscreenshotter.storage.unisender.com/r/150x150/68991ef219aff30b9fa5cfc055dd4dac/image/screenshot/spa_user_template/6/4/1/0/4/3864104/screen.png?1631984076",
            "created": "2021-09-18 16:54:35",
            "updated": "2021-09-18 16:54:35",
            "message_format": "raw_html",
            "type": "user",
            "body": "<p>Вам полагается скидка 10%</p>",
            "raw_body": null,
            "fullsize_screenshot_url": "https://uniscreenshotter.storage.unisender.com/image/screenshot/spa_user_template/6/4/1/0/4/3864104/screen.png?1631984076"
        },
        {
            "id": 3864101,
            "sub_user_login": "",
            "title": "Autumn sale steam",
            "lang_code": "ru",
            "subject": "Sale",
            "attachments": "",
            "screenshot_url": "https://imgrsz.unisender.com/resize/uniscreenshotter.storage.unisender.com/r/150x150/b01fb63571012a1506fbc468b1c7c450/image/screenshot/spa_user_template/6/4/1/0/1/3864101/screen.png?1631983718",
            "created": "2021-09-18 16:48:35",
            "updated": "2021-09-18 16:48:35",
            "message_format": "raw_html",
            "type": "user",
            "body": "<p>Вам полагается скидка 10%</p>",
            "raw_body": null,
            "fullsize_screenshot_url": "https://uniscreenshotter.storage.unisender.com/image/screenshot/spa_user_template/6/4/1/0/1/3864101/screen.png?1631983718"
        },
        {
            "id": 3864098,
            "sub_user_login": "",
            "title": "Autumn sale steam",
            "lang_code": "ru",
            "subject": "Sale",
            "attachments": "",
            "screenshot_url": "https://imgrsz.unisender.com/resize/uniscreenshotter.storage.unisender.com/r/150x150/5d127d850e9ce0a4236b9d3187953de9/image/screenshot/spa_user_template/6/4/0/9/8/3864098/screen.png?1631982707",
            "created": "2021-09-18 16:31:46",
            "updated": "2021-09-18 16:31:46",
            "message_format": "raw_html",
            "type": "user",
            "body": "<p>Вам полагается скидка 10%</p>",
            "raw_body": null,
            "fullsize_screenshot_url": "https://uniscreenshotter.storage.unisender.com/image/screenshot/spa_user_template/6/4/0/9/8/3864098/screen.png?1631982707"
        },
        {
            "id": 3864089,
            "sub_user_login": "",
            "title": "Autumn sale steam",
            "lang_code": "ru",
            "subject": "Sale",
            "attachments": "",
            "screenshot_url": "https://imgrsz.unisender.com/resize/uniscreenshotter.storage.unisender.com/r/150x150/890aca5409a00d15d9991903ece4f55e/image/screenshot/spa_user_template/6/4/0/8/9/3864089/screen.png?1631982041",
            "created": "2021-09-18 16:20:39",
            "updated": "2021-09-18 16:20:39",
            "message_format": "raw_html",
            "type": "user",
            "body": "<p>Вам полагается скидка 10%</p>",
            "raw_body": null,
            "fullsize_screenshot_url": "https://uniscreenshotter.storage.unisender.com/image/screenshot/spa_user_template/6/4/0/8/9/3864089/screen.png?1631982041"
        },
        {
            "id": 3864086,
            "sub_user_login": "",
            "title": "Autumn sale steam",
            "lang_code": "ru",
            "subject": "Sale",
            "attachments": "",
            "screenshot_url": "https://imgrsz.unisender.com/resize/uniscreenshotter.storage.unisender.com/r/150x150/60219cbfb3db34422a0c3a6a7b5a5430/image/screenshot/spa_user_template/6/4/0/8/6/3864086/screen.png?1631981982",
            "created": "2021-09-18 16:19:41",
            "updated": "2021-09-18 16:19:41",
            "message_format": "raw_html",
            "type": "user",
            "body": "<p>Вам полагается скидка 10%</p>",
            "raw_body": null,
            "fullsize_screenshot_url": "https://uniscreenshotter.storage.unisender.com/image/screenshot/spa_user_template/6/4/0/8/6/3864086/screen.png?1631981982"
        },
        {
            "id": 3864080,
            "sub_user_login": "",
            "title": "Autumn sale steam",
            "lang_code": "ru",
            "subject": "Sale",
            "attachments": "",
            "screenshot_url": "https://imgrsz.unisender.com/resize/uniscreenshotter.storage.unisender.com/r/150x150/73c71d98ce1baf1d20448540d4bf4bdd/image/screenshot/spa_user_template/6/4/0/8/0/3864080/screen.png?1631981822",
            "created": "2021-09-18 16:17:01",
            "updated": "2021-09-18 16:17:01",
            "message_format": "raw_html",
            "type": "user",
            "body": "<p>??? ?????????? ?????? 10%</p>",
            "raw_body": null,
            "fullsize_screenshot_url": "https://uniscreenshotter.storage.unisender.com/image/screenshot/spa_user_template/6/4/0/8/0/3864080/screen.png?1631981822"
        },
        {
            "id": 3864077,
            "sub_user_login": "",
            "title": "Autumn sale steam",
            "lang_code": "ru",
            "subject": "Sale",
            "attachments": "",
            "screenshot_url": "https://imgrsz.unisender.com/resize/uniscreenshotter.storage.unisender.com/r/150x150/05ffb9d32fc25112c7459113cb087222/image/screenshot/spa_user_template/6/4/0/7/7/3864077/screen.png?1631981704",
            "created": "2021-09-18 16:15:03",
            "updated": "2021-09-18 16:15:03",
            "message_format": "raw_html",
            "type": "user",
            "body": "<p>??? ?????????? ?????? 10%</p>",
            "raw_body": null,
            "fullsize_screenshot_url": "https://uniscreenshotter.storage.unisender.com/image/screenshot/spa_user_template/6/4/0/7/7/3864077/screen.png?1631981704"
        },
        {
            "id": 3864071,
            "sub_user_login": "",
            "title": "Autumn sale steam",
            "lang_code": "ru",
            "subject": "Sale",
            "attachments": "",
            "screenshot_url": "https://imgrsz.unisender.com/resize/uniscreenshotter.storage.unisender.com/r/150x150/6df0ce2a947c03c404de7236646d1c9e/image/screenshot/spa_user_template/6/4/0/7/1/3864071/screen.png?1631981580",
            "created": "2021-09-18 16:12:59",
            "updated": "2021-09-18 16:12:59",
            "message_format": "raw_html",
            "type": "user",
            "body": "<p>Вам полагается скидка 10%</p>",
            "raw_body": null,
            "fullsize_screenshot_url": "https://uniscreenshotter.storage.unisender.com/image/screenshot/spa_user_template/6/4/0/7/1/3864071/screen.png?1631981580"
        },
        {
            "id": 3864068,
            "sub_user_login": "",
            "title": "Autumn sale steam",
            "lang_code": "ru",
            "subject": "Sale",
            "attachments": "",
            "screenshot_url": "https://imgrsz.unisender.com/resize/uniscreenshotter.storage.unisender.com/r/150x150/8f7893fdf852a273d8546309399c0c52/image/screenshot/spa_user_template/6/4/0/6/8/3864068/screen.png?1631981409",
            "created": "2021-09-18 16:10:08",
            "updated": "2021-09-18 16:10:08",
            "message_format": "raw_html",
            "type": "user",
            "body": "<p>Вам полагается скидка 10%</p>",
            "raw_body": null,
            "fullsize_screenshot_url": "https://uniscreenshotter.storage.unisender.com/image/screenshot/spa_user_template/6/4/0/6/8/3864068/screen.png?1631981409"
        },
        {
            "id": 3864062,
            "sub_user_login": "",
            "title": "Autumn sale steam",
            "lang_code": "ru",
            "subject": "Sale",
            "attachments": "",
            "screenshot_url": "https://imgrsz.unisender.com/resize/uniscreenshotter.storage.unisender.com/r/150x150/2c63c0e9345be658aac270f078805487/image/screenshot/spa_user_template/6/4/0/6/2/3864062/screen.png?1631980110",
            "created": "2021-09-18 15:48:29",
            "updated": "2021-09-18 15:48:29",
            "message_format": "raw_html",
            "type": "user",
            "body": "<p>Вам полагается скидка 10%</p>",
            "raw_body": null,
            "fullsize_screenshot_url": "https://uniscreenshotter.storage.unisender.com/image/screenshot/spa_user_template/6/4/0/6/2/3864062/screen.png?1631980110"
        },
        {
            "id": 3864059,
            "sub_user_login": "",
            "title": "Autumn sale steam",
            "lang_code": "ru",
            "subject": "Sale",
            "attachments": "",
            "screenshot_url": "https://imgrsz.unisender.com/resize/uniscreenshotter.storage.unisender.com/r/150x150/dbe2d3dbcab5cf149a7e59f1b175b23c/image/screenshot/spa_user_template/6/4/0/5/9/3864059/screen.png?1631980029",
            "created": "2021-09-18 15:47:08",
            "updated": "2021-09-18 15:47:08",
            "message_format": "raw_html",
            "type": "user",
            "body": "<p>Вам полагается скидка 10%</p>",
            "raw_body": null,
            "fullsize_screenshot_url": "https://uniscreenshotter.storage.unisender.com/image/screenshot/spa_user_template/6/4/0/5/9/3864059/screen.png?1631980029"
        },
        {
            "id": 3864056,
            "sub_user_login": "",
            "title": "Autumn sale steam",
            "lang_code": "ru",
            "subject": "Sale",
            "attachments": "",
            "screenshot_url": "https://imgrsz.unisender.com/resize/uniscreenshotter.storage.unisender.com/r/150x150/d3c995e57fb75befff4391f262ea4870/image/screenshot/spa_user_template/6/4/0/5/6/3864056/screen.png?1631979593",
            "created": "2021-09-18 15:39:51",
            "updated": "2021-09-18 15:39:51",
            "message_format": "raw_html",
            "type": "user",
            "body": "<p>Вам полагается скидка 10%</p>",
            "raw_body": null,
            "fullsize_screenshot_url": "https://uniscreenshotter.storage.unisender.com/image/screenshot/spa_user_template/6/4/0/5/6/3864056/screen.png?1631979593"
        },
        {
            "id": 3864047,
            "sub_user_login": "",
            "title": "Autumn sale steam 2021",
            "lang_code": "ru",
            "subject": "Sale",
            "attachments": "",
            "screenshot_url": "https://imgrsz.unisender.com/resize/uniscreenshotter.storage.unisender.com/r/150x150/8b97bca22844bd93340650d544d7039d/image/screenshot/spa_user_template/6/4/0/4/7/3864047/screen.png?1631979417",
            "created": "2021-09-18 15:32:52",
            "updated": "2021-09-18 15:36:56",
            "message_format": "raw_html",
            "type": "user",
            "body": "<p>Вам полагается скидка 10%</p>",
            "raw_body": null,
            "fullsize_screenshot_url": "https://uniscreenshotter.storage.unisender.com/image/screenshot/spa_user_template/6/4/0/4/7/3864047/screen.png?1631979417"
        },
        {
            "id": 3864041,
            "sub_user_login": "",
            "title": "Autumn sale steam 2021",
            "lang_code": "ru",
            "subject": "Sale",
            "attachments": "",
            "screenshot_url": "https://imgrsz.unisender.com/resize/uniscreenshotter.storage.unisender.com/r/150x150/653356c91bd05fb9a2653b902cfd47bf/image/screenshot/spa_user_template/6/4/0/4/1/3864041/screen.png?1631979066",
            "created": "2021-09-18 15:31:05",
            "updated": "2021-09-18 15:31:05",
            "message_format": "raw_html",
            "type": "user",
            "body": "<p>Вам полагается скидка 10%</p>",
            "raw_body": null,
            "fullsize_screenshot_url": "https://uniscreenshotter.storage.unisender.com/image/screenshot/spa_user_template/6/4/0/4/1/3864041/screen.png?1631979066"
        },
        {
            "id": 3864038,
            "sub_user_login": "",
            "title": "Autumn sale steam 2021",
            "lang_code": "ru",
            "subject": "Sale",
            "attachments": "",
            "screenshot_url": "https://imgrsz.unisender.com/resize/uniscreenshotter.storage.unisender.com/r/150x150/5fd7b067b100f565b4ba7a464e4314b6/image/screenshot/spa_user_template/6/4/0/3/8/3864038/screen.png?1631978936",
            "created": "2021-09-18 15:28:55",
            "updated": "2021-09-18 15:28:55",
            "message_format": "raw_html",
            "type": "user",
            "body": "<p>Вам полагается скидка 10%</p>",
            "raw_body": null,
            "fullsize_screenshot_url": "https://uniscreenshotter.storage.unisender.com/image/screenshot/spa_user_template/6/4/0/3/8/3864038/screen.png?1631978936"
        }
    ]
}
]]></system-out>
  </testcase>
  <testcase name="Import contacts to send email" classname="Import contacts" time="1.382">
    <system-out><![CDATA[2021-10-07 15:01:42 DEBUG BasicClientConnectionManager:161 - Get connection for route {s}->https://api.unisender.com:443
2021-10-07 15:01:42 DEBUG DefaultClientConnectionOperator:177 - Connecting to api.unisender.com:443
2021-10-07 15:01:42 DEBUG RequestAddCookies:123 - CookieSpec selected: ignoreCookies
2021-10-07 15:01:42 DEBUG RequestAuthCache:77 - Auth cache not set in the context
2021-10-07 15:01:42 DEBUG RequestTargetAuthentication:80 - Target auth state: UNCHALLENGED
2021-10-07 15:01:42 DEBUG RequestProxyAuthentication:89 - Proxy auth state: UNCHALLENGED
2021-10-07 15:01:42 DEBUG DefaultHttpClient:677 - Attempt 1 to execute request
2021-10-07 15:01:42 DEBUG DefaultClientConnection:274 - Sending request: GET /ru/api/getLists?api_key=6jbr9h54ug9f93gq1um6k684swstsq5ozo5cj7oa&format=json HTTP/1.1
2021-10-07 15:01:42 DEBUG wire:73 -  >> "GET /ru/api/getLists?api_key=6jbr9h54ug9f93gq1um6k684swstsq5ozo5cj7oa&format=json HTTP/1.1[\r][\n]"
2021-10-07 15:01:42 DEBUG wire:73 -  >> "Content-Type: application/json[\r][\n]"
2021-10-07 15:01:42 DEBUG wire:73 -  >> "Accept: */*[\r][\n]"
2021-10-07 15:01:42 DEBUG wire:73 -  >> "Host: api.unisender.com[\r][\n]"
2021-10-07 15:01:42 DEBUG wire:73 -  >> "Connection: Keep-Alive[\r][\n]"
2021-10-07 15:01:42 DEBUG wire:73 -  >> "User-Agent: Apache-HttpClient/4.5.13 (Java/14)[\r][\n]"
2021-10-07 15:01:42 DEBUG wire:73 -  >> "Accept-Encoding: gzip,deflate[\r][\n]"
2021-10-07 15:01:42 DEBUG wire:73 -  >> "[\r][\n]"
2021-10-07 15:01:42 DEBUG DefaultClientConnection:180 - Connection 0.0.0.0:59136<->195.13.237.72:443 closed
2021-10-07 15:01:42 DEBUG headers:278 - >> GET /ru/api/getLists?api_key=6jbr9h54ug9f93gq1um6k684swstsq5ozo5cj7oa&format=json HTTP/1.1
2021-10-07 15:01:42 DEBUG headers:281 - >> Content-Type: application/json
2021-10-07 15:01:42 DEBUG headers:281 - >> Accept: */*
2021-10-07 15:01:42 DEBUG headers:281 - >> Host: api.unisender.com
2021-10-07 15:01:42 DEBUG headers:281 - >> Connection: Keep-Alive
2021-10-07 15:01:42 DEBUG DefaultClientConnection:180 - Connection 0.0.0.0:59850<->195.13.237.72:443 closed
2021-10-07 15:01:42 DEBUG headers:281 - >> User-Agent: Apache-HttpClient/4.5.13 (Java/14)
2021-10-07 15:01:42 DEBUG headers:281 - >> Accept-Encoding: gzip,deflate
2021-10-07 15:01:42 DEBUG DefaultClientConnection:180 - Connection 0.0.0.0:59852<->195.13.237.72:443 closed
2021-10-07 15:01:42 DEBUG DefaultClientConnection:180 - Connection 0.0.0.0:59853<->195.13.237.72:443 closed
2021-10-07 15:01:42 DEBUG DefaultClientConnection:180 - Connection 0.0.0.0:59135<->195.13.237.72:443 closed
2021-10-07 15:01:42 DEBUG DefaultClientConnection:180 - Connection 0.0.0.0:59132<->195.13.237.72:443 closed
2021-10-07 15:01:42 DEBUG DefaultClientConnection:180 - Connection 0.0.0.0:59133<->195.13.237.72:443 closed
2021-10-07 15:01:42 DEBUG wire:73 -  << "HTTP/1.1 200 OK[\r][\n]"
2021-10-07 15:01:42 DEBUG wire:73 -  << "server: nginx[\r][\n]"
2021-10-07 15:01:42 DEBUG wire:73 -  << "date: Thu, 07 Oct 2021 12:01:42 GMT[\r][\n]"
2021-10-07 15:01:42 DEBUG wire:73 -  << "content-type: application/json; charset=utf-8[\r][\n]"
2021-10-07 15:01:42 DEBUG wire:73 -  << "transfer-encoding: chunked[\r][\n]"
2021-10-07 15:01:42 DEBUG wire:73 -  << "set-cookie: US_SESSID=74d8f7b633238083c45aa834aea7da03; path=/; secure; HttpOnly; SameSite=lax[\r][\n]"
2021-10-07 15:01:42 DEBUG wire:73 -  << "expires: Thu, 07 Oct 2021 12:01:42 GMT[\r][\n]"
2021-10-07 15:01:42 DEBUG wire:73 -  << "last-modified: Thu, 07 Oct 2021 12:01:42 GMT[\r][\n]"
2021-10-07 15:01:42 DEBUG wire:73 -  << "pragma: no-cache[\r][\n]"
2021-10-07 15:01:42 DEBUG wire:73 -  << "x-username: ryzhik.sasha@list.ru[\r][\n]"
2021-10-07 15:01:42 DEBUG wire:73 -  << "x-userid: 4594492[\r][\n]"
2021-10-07 15:01:42 DEBUG wire:73 -  << "x-session-id: 74d8f7b633238083c45aa834aea7da03[\r][\n]"
2021-10-07 15:01:42 DEBUG wire:73 -  << "cache-control: max-age=0, must-revalidate, private[\r][\n]"
2021-10-07 15:01:42 DEBUG wire:73 -  << "content-encoding: gzip[\r][\n]"
2021-10-07 15:01:42 DEBUG wire:73 -  << "x-robots-tag: noindex,nofollow[\r][\n]"
2021-10-07 15:01:42 DEBUG wire:73 -  << "x-powered-by: Unisender[\r][\n]"
2021-10-07 15:01:42 DEBUG wire:73 -  << "[\r][\n]"
2021-10-07 15:01:42 DEBUG DefaultClientConnection:259 - Receiving response: HTTP/1.1 200 OK
2021-10-07 15:01:42 DEBUG headers:262 - << HTTP/1.1 200 OK
2021-10-07 15:01:42 DEBUG headers:265 - << server: nginx
2021-10-07 15:01:42 DEBUG headers:265 - << date: Thu, 07 Oct 2021 12:01:42 GMT
2021-10-07 15:01:42 DEBUG headers:265 - << content-type: application/json; charset=utf-8
2021-10-07 15:01:42 DEBUG headers:265 - << transfer-encoding: chunked
2021-10-07 15:01:42 DEBUG headers:265 - << set-cookie: US_SESSID=74d8f7b633238083c45aa834aea7da03; path=/; secure; HttpOnly; SameSite=lax
2021-10-07 15:01:42 DEBUG headers:265 - << expires: Thu, 07 Oct 2021 12:01:42 GMT
2021-10-07 15:01:42 DEBUG headers:265 - << last-modified: Thu, 07 Oct 2021 12:01:42 GMT
2021-10-07 15:01:42 DEBUG headers:265 - << pragma: no-cache
2021-10-07 15:01:42 DEBUG headers:265 - << x-username: ryzhik.sasha@list.ru
2021-10-07 15:01:42 DEBUG headers:265 - << x-userid: 4594492
2021-10-07 15:01:42 DEBUG headers:265 - << x-session-id: 74d8f7b633238083c45aa834aea7da03
2021-10-07 15:01:42 DEBUG headers:265 - << cache-control: max-age=0, must-revalidate, private
2021-10-07 15:01:42 DEBUG headers:265 - << content-encoding: gzip
2021-10-07 15:01:42 DEBUG headers:265 - << x-robots-tag: noindex,nofollow
2021-10-07 15:01:42 DEBUG headers:265 - << x-powered-by: Unisender
2021-10-07 15:01:42 DEBUG DefaultHttpClient:504 - Connection can be kept alive indefinitely
2021-10-07 15:01:42 DEBUG RequestSpecificationImpl$RestAssuredHttpBuilder:545 - Parsing response as: application/json; charset=utf-8
2021-10-07 15:01:42 DEBUG wire:73 -  << "223[\r][\n]"
2021-10-07 15:01:42 DEBUG wire:73 -  << "[0x1f][0x8b][0x8][0x0][0x0][0x0][0x0][0x0][0x0][0x3]M[0xd3][0xc9][0x92][0xa2]@[0x10][0x80][0xe1]w[0xe1][0xdc][0x87]i[0x97]Y[0xfa][0xc6]"[0x8][0x8][0xa2][0x16][0xeb][0xc4][0x1c][0xd8])[0xa0]D[0xa0]@[0xda][0xe][0xdf][0xbd]/[0x13]f[0x9e][0xff][0xc8][0xa2][0xf8]H[0xbe][0x84]![0x1f][0xa7][0x96][0xb][0x1f][0xbf][0x4][0x9a][0x9][0x1f][0xef][0xef]o[0x2][0xa7][0xbc][0xcd][0x85][0xf]a[0x17][0x99][0xa3][0xa3][0x14][0xf7]^[0x11][0x9e]o[0xff][0xf3][\n]"
2021-10-07 15:01:42 DEBUG wire:87 -  << "r6[0xaa][0x17][0xde][0x9c];e[0x7]y[\r]Y[0xee]nL*[0xcb][0x1b][0xf3]!o [0xdf][0xc9][0xa0][0xa5][0xa1][0x98][0xab]W[0xc8][[0xc8].[0x99]B~S[0x1a][0xa7][0x87][0xfc][0x13][0xb2][0x18][0x6][0xbb][0x92][0xe9][0xa3][0x11]@[0xfe][0x5]99[0x1c][0xd4]2[0xf6][0xaf][0xb5][0x3][0xf9]7[0xe4][0xca]W[0xa5][0xc7][0x10]/[0x19]z[0xb1]?[0x90]?[[0xd2][0xf6]Y[0xa5][0xb3][0xdb]kz[0xf5][0x3][0xf2][0xbe][0xd8]OM[0xe0]P[0x9a]CFj[0x84][0xe5][0x97]31[0xaf]5[0x1c][0xbe]Bj[0xe2][0xec][0xba][0x92][0x9b][0xea][0xc][0xde]{[0x85][0xd4][0xce]g[0xd3]M=[[0x1c].p8RSu[0xd9][0xab][0x1d][0xf7][0xd2][0x16][0x90][0x91][0x9a]f[0xd7][0x9d][0xaf][0xd2][0xbb][0xd3]AFj;)[0xe1]q[0xc9][0xa3][0xe]=[0x1b][0xa9][0xc9][0xf5][0xbe][[0x1e][0xd4][0xe6][0x3]L#5[0xa5][0x99][0x82][0xae](|[0x8f]@Fj4[0x97]N[0x83]4Q[0xdb]x[0xe5]5R[0xe3]Ef[0xf2]A/N[0x14]2RK[0xb3][0xd9][0xa2][0xa1]?([0x11]d[0xa4]f[0x19]$[0xde][0xdf][0x8][0xab]L[0xc8]H-[0x99][0xd3][0xea][0x1c]_[0x3][0xe][0xeb][0xb0]Fjn[0x18][0xe5][0x89][0xae]j[0xd1][0x1d][0xa6][0x91][0xda][0x81]j[0xca][0x9d][0x1c][0x17][0xa3][0x85][0x8c][0xd4][0xe][0x8f]D[\r][0x12][0x9d]x[0xb0][0xe]k[0xc4]b[0xc]UV[0x1b][0x81][0xd3]j0[0x8d]X[0x96][0xeb]R[0xb1]!WdX[0xe4][\r]b[0x99][0x92]%pG[0xcb][0x9a][0xf4][0xd7][0xf4][0x6][0xb1][0xc8][0xc5]-[0xb5]"[0xc3][0xcd][0x12][0xc8][0x88]%[0x96][0xc6][0xc8][0xdc]=2[0xee]AF,[0xa1]cS[0xaf]1[0x98][0x7]W[0xdb] [0x16]6[0x7]e^[0x92]~[0xcf]a[0x1a][0xb1][0x8c][0xbb][0xa5]O[0x1b]6[0x87][0xb0][0xe][0x1b][0xc4][0xa2][0x85]Z[0xef][0x9d][0xac]c[0x85][0xae][0x86][0x96][0x89][0xf2]sR[0x97]$[0xef][0x8e]p8Rk[0x1a]R[0xaa][0xb4]w[0x8f]*d[0xa4][0xc6][\r][0xad][0xce]Cs_/[0xaf][0xbc]EjsS[0x6][0x86]d[0x8b][0xaa][0x5][0x19][0xa9][0xe9][0xda][0xc1][0xba]H[0xb6][0xdc][0xc1]O[0xb4]Ej[0x8b]6[0xa6][0x9f]L[0xb6][0xb][0xf8]$[[0xa4]fJ[0xcd]A[0xcc][0xc8]p[0x8a][0x85][0xe7][0xbf][0xe7]7[0xf2][0xca][0x8d][0xa5]"[0x5][0x0][0x0]"
2021-10-07 15:01:42 DEBUG wire:73 -  << "[\r][\n]"
2021-10-07 15:01:42 DEBUG wire:73 -  << "0[\r][\n]"
2021-10-07 15:01:42 DEBUG wire:73 -  << "[\r][\n]"
2021-10-07 15:01:42 DEBUG RequestSpecificationImpl$RestAssuredHttpBuilder:548 - Parsed data to instance of: class org.apache.http.conn.EofSensorInputStream
2021-10-07 15:01:42 DEBUG BasicClientConnectionManager:200 - Releasing connection org.apache.http.impl.conn.ManagedClientConnectionImpl@5e491535
2021-10-07 15:01:42 DEBUG BasicClientConnectionManager:225 - Connection can be kept alive indefinitely
HTTP/1.1 200 OK
server: nginx
date: Thu, 07 Oct 2021 12:01:42 GMT
content-type: application/json; charset=utf-8
transfer-encoding: chunked
set-cookie: US_SESSID=74d8f7b633238083c45aa834aea7da03; path=/; secure; HttpOnly; SameSite=lax
expires: Thu, 07 Oct 2021 12:01:42 GMT
last-modified: Thu, 07 Oct 2021 12:01:42 GMT
pragma: no-cache
x-username: ryzhik.sasha@list.ru
x-userid: 4594492
x-session-id: 74d8f7b633238083c45aa834aea7da03
cache-control: max-age=0, must-revalidate, private
content-encoding: gzip
x-robots-tag: noindex,nofollow
x-powered-by: Unisender

{
    "result": [
        {
            "id": 11,
            "title": "EZKsPDfwqD"
        },
        {
            "id": 12,
            "title": "dsFStkRoDE"
        },
        {
            "id": 13,
            "title": "CopmBggpmW"
        },
        {
            "id": 14,
            "title": "wTrGcYAeFn"
        },
        {
            "id": 15,
            "title": "UTuYtpDkPq"
        },
        {
            "id": 16,
            "title": "AYXEgmIsJX"
        },
        {
            "id": 17,
            "title": "bLLFgaWnjP"
        },
        {
            "id": 18,
            "title": "hWFBzraxdD"
        },
        {
            "id": 19,
            "title": "ylTlqdhImp"
        },
        {
            "id": 20,
            "title": "HfHukXPiie"
        },
        {
            "id": 21,
            "title": "TmeSRTKnjD"
        },
        {
            "id": 22,
            "title": "AvUUBUcImn"
        },
        {
            "id": 23,
            "title": "RRKUcVNArS"
        },
        {
            "id": 24,
            "title": "FICVjPUSlf"
        },
        {
            "id": 25,
            "title": "GNjoWFiwPo"
        },
        {
            "id": 26,
            "title": "EBbtagtZon"
        },
        {
            "id": 27,
            "title": "CjHoxziNtr"
        },
        {
            "id": 28,
            "title": "DkuXoffWVT"
        },
        {
            "id": 29,
            "title": "ieBQrBuiNJ"
        },
        {
            "id": 30,
            "title": "tfdKtrIfQi"
        },
        {
            "id": 31,
            "title": "cdvMiYWrDZ"
        },
        {
            "id": 32,
            "title": "MJTaHpTmhK"
        },
        {
            "id": 33,
            "title": "bvchRanXtX"
        },
        {
            "id": 34,
            "title": "UYZebIFGZw"
        },
        {
            "id": 35,
            "title": "LiGDwTOxJl"
        },
        {
            "id": 36,
            "title": "LzbFXbITVp"
        },
        {
            "id": 38,
            "title": "JrhdjJXPlG"
        },
        {
            "id": 39,
            "title": "xnxhmreDCq"
        },
        {
            "id": 40,
            "title": "ubxXUsMMuI"
        },
        {
            "id": 41,
            "title": "CfpcMZJUdb"
        },
        {
            "id": 42,
            "title": "aBsZKEzdtV"
        },
        {
            "id": 43,
            "title": "YPNiVkJmVG"
        },
        {
            "id": 44,
            "title": "mvXgegTqHt"
        },
        {
            "id": 45,
            "title": "sExqckmvYr"
        },
        {
            "id": 46,
            "title": "GYGqVQMOhb"
        },
        {
            "id": 47,
            "title": "itRbjgTeoO"
        },
        {
            "id": 48,
            "title": "kkTgFiqUOF"
        },
        {
            "id": 49,
            "title": "tJGjeYKHjx"
        },
        {
            "id": 50,
            "title": "vkgXJBNAFM"
        },
        {
            "id": 51,
            "title": "IGLMSBNCoS"
        },
        {
            "id": 52,
            "title": "xGscymCNfq"
        },
        {
            "id": 53,
            "title": "KBkLAdTrQa"
        }
    ]
}
2021-10-07 15:01:42 DEBUG BasicClientConnectionManager:161 - Get connection for route {s}->https://api.unisender.com:443
2021-10-07 15:01:42 DEBUG DefaultClientConnectionOperator:177 - Connecting to api.unisender.com:443
2021-10-07 15:01:42 DEBUG RequestAddCookies:123 - CookieSpec selected: ignoreCookies
2021-10-07 15:01:42 DEBUG RequestAuthCache:77 - Auth cache not set in the context
2021-10-07 15:01:42 DEBUG RequestTargetAuthentication:80 - Target auth state: UNCHALLENGED
2021-10-07 15:01:42 DEBUG RequestProxyAuthentication:89 - Proxy auth state: UNCHALLENGED
2021-10-07 15:01:42 DEBUG DefaultHttpClient:677 - Attempt 1 to execute request
2021-10-07 15:01:42 DEBUG DefaultClientConnection:274 - Sending request: POST /ru/api/subscribe?api_key=6jbr9h54ug9f93gq1um6k684swstsq5ozo5cj7oa&format=json&double_optin=3&fields%5Bemail%5D=ryzhik.sasha%40list.ru&list_ids=11 HTTP/1.1
2021-10-07 15:01:42 DEBUG wire:73 -  >> "POST /ru/api/subscribe?api_key=6jbr9h54ug9f93gq1um6k684swstsq5ozo5cj7oa&format=json&double_optin=3&fields%5Bemail%5D=ryzhik.sasha%40list.ru&list_ids=11 HTTP/1.1[\r][\n]"
2021-10-07 15:01:42 DEBUG wire:73 -  >> "Content-Type: application/json[\r][\n]"
2021-10-07 15:01:42 DEBUG wire:73 -  >> "Accept: */*[\r][\n]"
2021-10-07 15:01:42 DEBUG wire:73 -  >> "Content-Length: 0[\r][\n]"
2021-10-07 15:01:42 DEBUG wire:73 -  >> "Host: api.unisender.com[\r][\n]"
2021-10-07 15:01:42 DEBUG wire:73 -  >> "Connection: Keep-Alive[\r][\n]"
2021-10-07 15:01:42 DEBUG wire:73 -  >> "User-Agent: Apache-HttpClient/4.5.13 (Java/14)[\r][\n]"
2021-10-07 15:01:42 DEBUG wire:73 -  >> "Accept-Encoding: gzip,deflate[\r][\n]"
2021-10-07 15:01:42 DEBUG wire:73 -  >> "[\r][\n]"
2021-10-07 15:01:42 DEBUG headers:278 - >> POST /ru/api/subscribe?api_key=6jbr9h54ug9f93gq1um6k684swstsq5ozo5cj7oa&format=json&double_optin=3&fields%5Bemail%5D=ryzhik.sasha%40list.ru&list_ids=11 HTTP/1.1
2021-10-07 15:01:42 DEBUG headers:281 - >> Content-Type: application/json
2021-10-07 15:01:42 DEBUG headers:281 - >> Accept: */*
2021-10-07 15:01:42 DEBUG headers:281 - >> Content-Length: 0
2021-10-07 15:01:42 DEBUG headers:281 - >> Host: api.unisender.com
2021-10-07 15:01:42 DEBUG headers:281 - >> Connection: Keep-Alive
2021-10-07 15:01:42 DEBUG headers:281 - >> User-Agent: Apache-HttpClient/4.5.13 (Java/14)
2021-10-07 15:01:42 DEBUG headers:281 - >> Accept-Encoding: gzip,deflate
2021-10-07 15:01:42 DEBUG wire:73 -  << "HTTP/1.1 200 OK[\r][\n]"
2021-10-07 15:01:42 DEBUG wire:73 -  << "server: nginx[\r][\n]"
2021-10-07 15:01:42 DEBUG wire:73 -  << "date: Thu, 07 Oct 2021 12:01:43 GMT[\r][\n]"
2021-10-07 15:01:42 DEBUG wire:73 -  << "content-type: application/json; charset=utf-8[\r][\n]"
2021-10-07 15:01:42 DEBUG wire:73 -  << "transfer-encoding: chunked[\r][\n]"
2021-10-07 15:01:42 DEBUG wire:73 -  << "set-cookie: US_SESSID=137d3e4feed42a88d1284ff7580316de; path=/; secure; HttpOnly; SameSite=lax[\r][\n]"
2021-10-07 15:01:42 DEBUG wire:73 -  << "expires: Thu, 07 Oct 2021 12:01:43 GMT[\r][\n]"
2021-10-07 15:01:42 DEBUG wire:73 -  << "last-modified: Thu, 07 Oct 2021 12:01:43 GMT[\r][\n]"
2021-10-07 15:01:42 DEBUG wire:73 -  << "pragma: no-cache[\r][\n]"
2021-10-07 15:01:42 DEBUG wire:73 -  << "x-username: ryzhik.sasha@list.ru[\r][\n]"
2021-10-07 15:01:42 DEBUG wire:73 -  << "x-userid: 4594492[\r][\n]"
2021-10-07 15:01:42 DEBUG wire:73 -  << "x-session-id: 137d3e4feed42a88d1284ff7580316de[\r][\n]"
2021-10-07 15:01:42 DEBUG wire:73 -  << "cache-control: max-age=0, must-revalidate, private[\r][\n]"
2021-10-07 15:01:42 DEBUG wire:73 -  << "content-encoding: gzip[\r][\n]"
2021-10-07 15:01:42 DEBUG wire:73 -  << "x-robots-tag: noindex,nofollow[\r][\n]"
2021-10-07 15:01:42 DEBUG wire:73 -  << "x-powered-by: Unisender[\r][\n]"
2021-10-07 15:01:42 DEBUG wire:73 -  << "[\r][\n]"
2021-10-07 15:01:42 DEBUG DefaultClientConnection:259 - Receiving response: HTTP/1.1 200 OK
2021-10-07 15:01:42 DEBUG headers:262 - << HTTP/1.1 200 OK
2021-10-07 15:01:42 DEBUG headers:265 - << server: nginx
2021-10-07 15:01:42 DEBUG headers:265 - << date: Thu, 07 Oct 2021 12:01:43 GMT
2021-10-07 15:01:42 DEBUG headers:265 - << content-type: application/json; charset=utf-8
2021-10-07 15:01:42 DEBUG headers:265 - << transfer-encoding: chunked
2021-10-07 15:01:42 DEBUG headers:265 - << set-cookie: US_SESSID=137d3e4feed42a88d1284ff7580316de; path=/; secure; HttpOnly; SameSite=lax
2021-10-07 15:01:42 DEBUG headers:265 - << expires: Thu, 07 Oct 2021 12:01:43 GMT
2021-10-07 15:01:42 DEBUG headers:265 - << last-modified: Thu, 07 Oct 2021 12:01:43 GMT
2021-10-07 15:01:42 DEBUG headers:265 - << pragma: no-cache
2021-10-07 15:01:42 DEBUG headers:265 - << x-username: ryzhik.sasha@list.ru
2021-10-07 15:01:42 DEBUG headers:265 - << x-userid: 4594492
2021-10-07 15:01:42 DEBUG headers:265 - << x-session-id: 137d3e4feed42a88d1284ff7580316de
2021-10-07 15:01:42 DEBUG headers:265 - << cache-control: max-age=0, must-revalidate, private
2021-10-07 15:01:42 DEBUG headers:265 - << content-encoding: gzip
2021-10-07 15:01:42 DEBUG headers:265 - << x-robots-tag: noindex,nofollow
2021-10-07 15:01:42 DEBUG headers:265 - << x-powered-by: Unisender
2021-10-07 15:01:42 DEBUG DefaultHttpClient:504 - Connection can be kept alive indefinitely
2021-10-07 15:01:42 DEBUG RequestSpecificationImpl$RestAssuredHttpBuilder:545 - Parsing response as: application/json; charset=utf-8
2021-10-07 15:01:42 DEBUG wire:73 -  << "2E[\r][\n]"
2021-10-07 15:01:42 DEBUG wire:87 -  << "[0x1f][0x8b][0x8][0x0][0x0][0x0][0x0][0x0][0x0][0x3][0xab]V*J-.[0xcd])Q[0xb2][0xaa]V*H-*[0xce][0xcf][0x8b][0xcf]LQ[0xb2]2[0xac][0xad][0x5][0x0]x[0xb9]R[0x91][0x1a][0x0][0x0][0x0]"
2021-10-07 15:01:42 DEBUG wire:73 -  << "[\r][\n]"
2021-10-07 15:01:42 DEBUG wire:73 -  << "0[\r][\n]"
2021-10-07 15:01:42 DEBUG wire:73 -  << "[\r][\n]"
2021-10-07 15:01:42 DEBUG RequestSpecificationImpl$RestAssuredHttpBuilder:548 - Parsed data to instance of: class org.apache.http.conn.EofSensorInputStream
2021-10-07 15:01:42 DEBUG BasicClientConnectionManager:200 - Releasing connection org.apache.http.impl.conn.ManagedClientConnectionImpl@5c84805a
2021-10-07 15:01:42 DEBUG BasicClientConnectionManager:225 - Connection can be kept alive indefinitely
HTTP/1.1 200 OK
server: nginx
date: Thu, 07 Oct 2021 12:01:43 GMT
content-type: application/json; charset=utf-8
transfer-encoding: chunked
set-cookie: US_SESSID=137d3e4feed42a88d1284ff7580316de; path=/; secure; HttpOnly; SameSite=lax
expires: Thu, 07 Oct 2021 12:01:43 GMT
last-modified: Thu, 07 Oct 2021 12:01:43 GMT
pragma: no-cache
x-username: ryzhik.sasha@list.ru
x-userid: 4594492
x-session-id: 137d3e4feed42a88d1284ff7580316de
cache-control: max-age=0, must-revalidate, private
content-encoding: gzip
x-robots-tag: noindex,nofollow
x-powered-by: Unisender

{
    "result": {
        "person_id": 1
    }
}
Person id for new email address: 1
2021-10-07 15:01:42 DEBUG BasicClientConnectionManager:161 - Get connection for route {s}->https://api.unisender.com:443
2021-10-07 15:01:42 DEBUG DefaultClientConnectionOperator:177 - Connecting to api.unisender.com:443
2021-10-07 15:01:42 DEBUG RequestAddCookies:123 - CookieSpec selected: ignoreCookies
2021-10-07 15:01:42 DEBUG RequestAuthCache:77 - Auth cache not set in the context
2021-10-07 15:01:42 DEBUG RequestTargetAuthentication:80 - Target auth state: UNCHALLENGED
2021-10-07 15:01:42 DEBUG RequestProxyAuthentication:89 - Proxy auth state: UNCHALLENGED
2021-10-07 15:01:42 DEBUG DefaultHttpClient:677 - Attempt 1 to execute request
2021-10-07 15:01:42 DEBUG DefaultClientConnection:274 - Sending request: POST /ru/api/exclude?contact_type=email&api_key=6jbr9h54ug9f93gq1um6k684swstsq5ozo5cj7oa&contact=test%40example.org&format=json HTTP/1.1
2021-10-07 15:01:42 DEBUG wire:73 -  >> "POST /ru/api/exclude?contact_type=email&api_key=6jbr9h54ug9f93gq1um6k684swstsq5ozo5cj7oa&contact=test%40example.org&format=json HTTP/1.1[\r][\n]"
2021-10-07 15:01:42 DEBUG wire:73 -  >> "Content-Type: application/json[\r][\n]"
2021-10-07 15:01:42 DEBUG wire:73 -  >> "Accept: */*[\r][\n]"
2021-10-07 15:01:42 DEBUG wire:73 -  >> "Content-Length: 0[\r][\n]"
2021-10-07 15:01:42 DEBUG wire:73 -  >> "Host: api.unisender.com[\r][\n]"
2021-10-07 15:01:42 DEBUG wire:73 -  >> "Connection: Keep-Alive[\r][\n]"
2021-10-07 15:01:42 DEBUG wire:73 -  >> "User-Agent: Apache-HttpClient/4.5.13 (Java/14)[\r][\n]"
2021-10-07 15:01:42 DEBUG wire:73 -  >> "Accept-Encoding: gzip,deflate[\r][\n]"
2021-10-07 15:01:42 DEBUG wire:73 -  >> "[\r][\n]"
2021-10-07 15:01:42 DEBUG headers:278 - >> POST /ru/api/exclude?contact_type=email&api_key=6jbr9h54ug9f93gq1um6k684swstsq5ozo5cj7oa&contact=test%40example.org&format=json HTTP/1.1
2021-10-07 15:01:42 DEBUG headers:281 - >> Content-Type: application/json
2021-10-07 15:01:42 DEBUG headers:281 - >> Accept: */*
2021-10-07 15:01:42 DEBUG headers:281 - >> Content-Length: 0
2021-10-07 15:01:42 DEBUG headers:281 - >> Host: api.unisender.com
2021-10-07 15:01:42 DEBUG headers:281 - >> Connection: Keep-Alive
2021-10-07 15:01:42 DEBUG headers:281 - >> User-Agent: Apache-HttpClient/4.5.13 (Java/14)
2021-10-07 15:01:42 DEBUG headers:281 - >> Accept-Encoding: gzip,deflate
2021-10-07 15:01:42 DEBUG wire:73 -  << "HTTP/1.1 200 OK[\r][\n]"
2021-10-07 15:01:42 DEBUG wire:73 -  << "server: nginx[\r][\n]"
2021-10-07 15:01:42 DEBUG wire:73 -  << "date: Thu, 07 Oct 2021 12:01:43 GMT[\r][\n]"
2021-10-07 15:01:42 DEBUG wire:73 -  << "content-type: application/json; charset=utf-8[\r][\n]"
2021-10-07 15:01:42 DEBUG wire:73 -  << "transfer-encoding: chunked[\r][\n]"
2021-10-07 15:01:42 DEBUG wire:73 -  << "set-cookie: US_SESSID=cc48e47fb7de0843259591bc36374d02; path=/; secure; HttpOnly; SameSite=lax[\r][\n]"
2021-10-07 15:01:42 DEBUG wire:73 -  << "expires: Thu, 07 Oct 2021 12:01:43 GMT[\r][\n]"
2021-10-07 15:01:42 DEBUG wire:73 -  << "last-modified: Thu, 07 Oct 2021 12:01:43 GMT[\r][\n]"
2021-10-07 15:01:42 DEBUG wire:73 -  << "pragma: no-cache[\r][\n]"
2021-10-07 15:01:42 DEBUG wire:73 -  << "x-username: ryzhik.sasha@list.ru[\r][\n]"
2021-10-07 15:01:42 DEBUG wire:73 -  << "x-userid: 4594492[\r][\n]"
2021-10-07 15:01:42 DEBUG wire:73 -  << "x-session-id: cc48e47fb7de0843259591bc36374d02[\r][\n]"
2021-10-07 15:01:42 DEBUG wire:73 -  << "cache-control: max-age=0, must-revalidate, private[\r][\n]"
2021-10-07 15:01:42 DEBUG wire:73 -  << "content-encoding: gzip[\r][\n]"
2021-10-07 15:01:42 DEBUG wire:73 -  << "x-robots-tag: noindex,nofollow[\r][\n]"
2021-10-07 15:01:42 DEBUG wire:73 -  << "x-powered-by: Unisender[\r][\n]"
2021-10-07 15:01:42 DEBUG wire:73 -  << "[\r][\n]"
2021-10-07 15:01:42 DEBUG DefaultClientConnection:259 - Receiving response: HTTP/1.1 200 OK
2021-10-07 15:01:42 DEBUG headers:262 - << HTTP/1.1 200 OK
2021-10-07 15:01:42 DEBUG headers:265 - << server: nginx
2021-10-07 15:01:42 DEBUG headers:265 - << date: Thu, 07 Oct 2021 12:01:43 GMT
2021-10-07 15:01:42 DEBUG headers:265 - << content-type: application/json; charset=utf-8
2021-10-07 15:01:42 DEBUG headers:265 - << transfer-encoding: chunked
2021-10-07 15:01:42 DEBUG headers:265 - << set-cookie: US_SESSID=cc48e47fb7de0843259591bc36374d02; path=/; secure; HttpOnly; SameSite=lax
2021-10-07 15:01:42 DEBUG headers:265 - << expires: Thu, 07 Oct 2021 12:01:43 GMT
2021-10-07 15:01:42 DEBUG headers:265 - << last-modified: Thu, 07 Oct 2021 12:01:43 GMT
2021-10-07 15:01:42 DEBUG headers:265 - << pragma: no-cache
2021-10-07 15:01:42 DEBUG headers:265 - << x-username: ryzhik.sasha@list.ru
2021-10-07 15:01:42 DEBUG headers:265 - << x-userid: 4594492
2021-10-07 15:01:42 DEBUG headers:265 - << x-session-id: cc48e47fb7de0843259591bc36374d02
2021-10-07 15:01:42 DEBUG headers:265 - << cache-control: max-age=0, must-revalidate, private
2021-10-07 15:01:42 DEBUG headers:265 - << content-encoding: gzip
2021-10-07 15:01:42 DEBUG headers:265 - << x-robots-tag: noindex,nofollow
2021-10-07 15:01:42 DEBUG headers:265 - << x-powered-by: Unisender
2021-10-07 15:01:42 DEBUG DefaultHttpClient:504 - Connection can be kept alive indefinitely
2021-10-07 15:01:42 DEBUG RequestSpecificationImpl$RestAssuredHttpBuilder:545 - Parsing response as: application/json; charset=utf-8
2021-10-07 15:01:42 DEBUG wire:73 -  << "21[\r][\n]"
2021-10-07 15:01:42 DEBUG wire:87 -  << "[0x1f][0x8b][0x8][0x0][0x0][0x0][0x0][0x0][0x0][0x3][0xab]V*J-.[0xcd])Q[0xb2][0xaa][0xae][0xad][0x5][0x0]L[0x4][0xee][0xe][\r][0x0][0x0][0x0]"
2021-10-07 15:01:42 DEBUG wire:73 -  << "[\r][\n]"
2021-10-07 15:01:42 DEBUG wire:73 -  << "0[\r][\n]"
2021-10-07 15:01:42 DEBUG wire:73 -  << "[\r][\n]"
2021-10-07 15:01:42 DEBUG RequestSpecificationImpl$RestAssuredHttpBuilder:548 - Parsed data to instance of: class org.apache.http.conn.EofSensorInputStream
2021-10-07 15:01:42 DEBUG BasicClientConnectionManager:200 - Releasing connection org.apache.http.impl.conn.ManagedClientConnectionImpl@6a837740
2021-10-07 15:01:42 DEBUG BasicClientConnectionManager:225 - Connection can be kept alive indefinitely
HTTP/1.1 200 OK
server: nginx
date: Thu, 07 Oct 2021 12:01:43 GMT
content-type: application/json; charset=utf-8
transfer-encoding: chunked
set-cookie: US_SESSID=cc48e47fb7de0843259591bc36374d02; path=/; secure; HttpOnly; SameSite=lax
expires: Thu, 07 Oct 2021 12:01:43 GMT
last-modified: Thu, 07 Oct 2021 12:01:43 GMT
pragma: no-cache
x-username: ryzhik.sasha@list.ru
x-userid: 4594492
x-session-id: cc48e47fb7de0843259591bc36374d02
cache-control: max-age=0, must-revalidate, private
content-encoding: gzip
x-robots-tag: noindex,nofollow
x-powered-by: Unisender

{
    "result": {
        
    }
}
2021-10-07 15:01:42 DEBUG BasicClientConnectionManager:161 - Get connection for route {s}->https://api.unisender.com:443
2021-10-07 15:01:42 DEBUG DefaultClientConnectionOperator:177 - Connecting to api.unisender.com:443
2021-10-07 15:01:43 DEBUG RequestAddCookies:123 - CookieSpec selected: ignoreCookies
2021-10-07 15:01:43 DEBUG RequestAuthCache:77 - Auth cache not set in the context
2021-10-07 15:01:43 DEBUG RequestTargetAuthentication:80 - Target auth state: UNCHALLENGED
2021-10-07 15:01:43 DEBUG RequestProxyAuthentication:89 - Proxy auth state: UNCHALLENGED
2021-10-07 15:01:43 DEBUG DefaultHttpClient:677 - Attempt 1 to execute request
2021-10-07 15:01:43 DEBUG DefaultClientConnection:274 - Sending request: POST /ru/api/unsubscribe?contact_type=email&api_key=6jbr9h54ug9f93gq1um6k684swstsq5ozo5cj7oa&contact=ryzhik.sasha%40list.ru&format=json HTTP/1.1
2021-10-07 15:01:43 DEBUG wire:73 -  >> "POST /ru/api/unsubscribe?contact_type=email&api_key=6jbr9h54ug9f93gq1um6k684swstsq5ozo5cj7oa&contact=ryzhik.sasha%40list.ru&format=json HTTP/1.1[\r][\n]"
2021-10-07 15:01:43 DEBUG wire:73 -  >> "Content-Type: application/json[\r][\n]"
2021-10-07 15:01:43 DEBUG wire:73 -  >> "Accept: */*[\r][\n]"
2021-10-07 15:01:43 DEBUG wire:73 -  >> "Content-Length: 0[\r][\n]"
2021-10-07 15:01:43 DEBUG wire:73 -  >> "Host: api.unisender.com[\r][\n]"
2021-10-07 15:01:43 DEBUG wire:73 -  >> "Connection: Keep-Alive[\r][\n]"
2021-10-07 15:01:43 DEBUG wire:73 -  >> "User-Agent: Apache-HttpClient/4.5.13 (Java/14)[\r][\n]"
2021-10-07 15:01:43 DEBUG wire:73 -  >> "Accept-Encoding: gzip,deflate[\r][\n]"
2021-10-07 15:01:43 DEBUG wire:73 -  >> "[\r][\n]"
2021-10-07 15:01:43 DEBUG headers:278 - >> POST /ru/api/unsubscribe?contact_type=email&api_key=6jbr9h54ug9f93gq1um6k684swstsq5ozo5cj7oa&contact=ryzhik.sasha%40list.ru&format=json HTTP/1.1
2021-10-07 15:01:43 DEBUG headers:281 - >> Content-Type: application/json
2021-10-07 15:01:43 DEBUG headers:281 - >> Accept: */*
2021-10-07 15:01:43 DEBUG headers:281 - >> Content-Length: 0
2021-10-07 15:01:43 DEBUG headers:281 - >> Host: api.unisender.com
2021-10-07 15:01:43 DEBUG headers:281 - >> Connection: Keep-Alive
2021-10-07 15:01:43 DEBUG headers:281 - >> User-Agent: Apache-HttpClient/4.5.13 (Java/14)
2021-10-07 15:01:43 DEBUG headers:281 - >> Accept-Encoding: gzip,deflate
2021-10-07 15:01:43 DEBUG wire:73 -  << "HTTP/1.1 200 OK[\r][\n]"
2021-10-07 15:01:43 DEBUG wire:73 -  << "server: nginx[\r][\n]"
2021-10-07 15:01:43 DEBUG wire:73 -  << "date: Thu, 07 Oct 2021 12:01:43 GMT[\r][\n]"
2021-10-07 15:01:43 DEBUG wire:73 -  << "content-type: application/json; charset=utf-8[\r][\n]"
2021-10-07 15:01:43 DEBUG wire:73 -  << "transfer-encoding: chunked[\r][\n]"
2021-10-07 15:01:43 DEBUG wire:73 -  << "set-cookie: US_SESSID=23ab778e280f9f0fe7a0220908fa658f; path=/; secure; HttpOnly; SameSite=lax[\r][\n]"
2021-10-07 15:01:43 DEBUG wire:73 -  << "expires: Thu, 07 Oct 2021 12:01:43 GMT[\r][\n]"
2021-10-07 15:01:43 DEBUG wire:73 -  << "last-modified: Thu, 07 Oct 2021 12:01:43 GMT[\r][\n]"
2021-10-07 15:01:43 DEBUG wire:73 -  << "pragma: no-cache[\r][\n]"
2021-10-07 15:01:43 DEBUG wire:73 -  << "x-username: ryzhik.sasha@list.ru[\r][\n]"
2021-10-07 15:01:43 DEBUG wire:73 -  << "x-userid: 4594492[\r][\n]"
2021-10-07 15:01:43 DEBUG wire:73 -  << "x-session-id: 23ab778e280f9f0fe7a0220908fa658f[\r][\n]"
2021-10-07 15:01:43 DEBUG wire:73 -  << "cache-control: max-age=0, must-revalidate, private[\r][\n]"
2021-10-07 15:01:43 DEBUG wire:73 -  << "content-encoding: gzip[\r][\n]"
2021-10-07 15:01:43 DEBUG wire:73 -  << "x-robots-tag: noindex,nofollow[\r][\n]"
2021-10-07 15:01:43 DEBUG wire:73 -  << "x-powered-by: Unisender[\r][\n]"
2021-10-07 15:01:43 DEBUG wire:73 -  << "[\r][\n]"
2021-10-07 15:01:43 DEBUG DefaultClientConnection:259 - Receiving response: HTTP/1.1 200 OK
2021-10-07 15:01:43 DEBUG headers:262 - << HTTP/1.1 200 OK
2021-10-07 15:01:43 DEBUG headers:265 - << server: nginx
2021-10-07 15:01:43 DEBUG headers:265 - << date: Thu, 07 Oct 2021 12:01:43 GMT
2021-10-07 15:01:43 DEBUG headers:265 - << content-type: application/json; charset=utf-8
2021-10-07 15:01:43 DEBUG headers:265 - << transfer-encoding: chunked
2021-10-07 15:01:43 DEBUG headers:265 - << set-cookie: US_SESSID=23ab778e280f9f0fe7a0220908fa658f; path=/; secure; HttpOnly; SameSite=lax
2021-10-07 15:01:43 DEBUG headers:265 - << expires: Thu, 07 Oct 2021 12:01:43 GMT
2021-10-07 15:01:43 DEBUG headers:265 - << last-modified: Thu, 07 Oct 2021 12:01:43 GMT
2021-10-07 15:01:43 DEBUG headers:265 - << pragma: no-cache
2021-10-07 15:01:43 DEBUG headers:265 - << x-username: ryzhik.sasha@list.ru
2021-10-07 15:01:43 DEBUG headers:265 - << x-userid: 4594492
2021-10-07 15:01:43 DEBUG headers:265 - << x-session-id: 23ab778e280f9f0fe7a0220908fa658f
2021-10-07 15:01:43 DEBUG headers:265 - << cache-control: max-age=0, must-revalidate, private
2021-10-07 15:01:43 DEBUG headers:265 - << content-encoding: gzip
2021-10-07 15:01:43 DEBUG headers:265 - << x-robots-tag: noindex,nofollow
2021-10-07 15:01:43 DEBUG headers:265 - << x-powered-by: Unisender
2021-10-07 15:01:43 DEBUG DefaultHttpClient:504 - Connection can be kept alive indefinitely
2021-10-07 15:01:43 DEBUG RequestSpecificationImpl$RestAssuredHttpBuilder:545 - Parsing response as: application/json; charset=utf-8
2021-10-07 15:01:43 DEBUG wire:73 -  << "21[\r][\n]"
2021-10-07 15:01:43 DEBUG wire:87 -  << "[0x1f][0x8b][0x8][0x0][0x0][0x0][0x0][0x0][0x0][0x3][0xab]V*J-.[0xcd])Q[0xb2][0xaa][0xae][0xad][0x5][0x0]L[0x4][0xee][0xe][\r][0x0][0x0][0x0]"
2021-10-07 15:01:43 DEBUG wire:73 -  << "[\r][\n]"
2021-10-07 15:01:43 DEBUG wire:73 -  << "0[\r][\n]"
2021-10-07 15:01:43 DEBUG wire:73 -  << "[\r][\n]"
2021-10-07 15:01:43 DEBUG RequestSpecificationImpl$RestAssuredHttpBuilder:548 - Parsed data to instance of: class org.apache.http.conn.EofSensorInputStream
2021-10-07 15:01:43 DEBUG BasicClientConnectionManager:200 - Releasing connection org.apache.http.impl.conn.ManagedClientConnectionImpl@5f4ddd09
2021-10-07 15:01:43 DEBUG BasicClientConnectionManager:225 - Connection can be kept alive indefinitely
HTTP/1.1 200 OK
server: nginx
date: Thu, 07 Oct 2021 12:01:43 GMT
content-type: application/json; charset=utf-8
transfer-encoding: chunked
set-cookie: US_SESSID=23ab778e280f9f0fe7a0220908fa658f; path=/; secure; HttpOnly; SameSite=lax
expires: Thu, 07 Oct 2021 12:01:43 GMT
last-modified: Thu, 07 Oct 2021 12:01:43 GMT
pragma: no-cache
x-username: ryzhik.sasha@list.ru
x-userid: 4594492
x-session-id: 23ab778e280f9f0fe7a0220908fa658f
cache-control: max-age=0, must-revalidate, private
content-encoding: gzip
x-robots-tag: noindex,nofollow
x-powered-by: Unisender

{
    "result": {
        
    }
}
2021-10-07 15:01:43 DEBUG BasicClientConnectionManager:161 - Get connection for route {s}->https://api.unisender.com:443
2021-10-07 15:01:43 DEBUG DefaultClientConnectionOperator:177 - Connecting to api.unisender.com:443
2021-10-07 15:01:43 DEBUG RequestAddCookies:123 - CookieSpec selected: ignoreCookies
2021-10-07 15:01:43 DEBUG RequestAuthCache:77 - Auth cache not set in the context
2021-10-07 15:01:43 DEBUG RequestTargetAuthentication:80 - Target auth state: UNCHALLENGED
2021-10-07 15:01:43 DEBUG RequestProxyAuthentication:89 - Proxy auth state: UNCHALLENGED
2021-10-07 15:01:43 DEBUG DefaultHttpClient:677 - Attempt 1 to execute request
2021-10-07 15:01:43 DEBUG DefaultClientConnection:274 - Sending request: POST /ru/api/importContacts?field_names%5B0%5D=email&api_key=6jbr9h54ug9f93gq1um6k684swstsq5ozo5cj7oa&data%5B0%5D%5B0%5D=ryzhik.sasha%40list.ru&format=json&data%5BN%5D%5B0%5D=uxhgd%40list.ru HTTP/1.1
2021-10-07 15:01:43 DEBUG wire:73 -  >> "POST /ru/api/importContacts?field_names%5B0%5D=email&api_key=6jbr9h54ug9f93gq1um6k684swstsq5ozo5cj7oa&data%5B0%5D%5B0%5D=ryzhik.sasha%40list.ru&format=json&data%5BN%5D%5B0%5D=uxhgd%40list.ru HTTP/1.1[\r][\n]"
2021-10-07 15:01:43 DEBUG wire:73 -  >> "Content-Type: application/json[\r][\n]"
2021-10-07 15:01:43 DEBUG wire:73 -  >> "Accept: */*[\r][\n]"
2021-10-07 15:01:43 DEBUG wire:73 -  >> "Content-Length: 0[\r][\n]"
2021-10-07 15:01:43 DEBUG wire:73 -  >> "Host: api.unisender.com[\r][\n]"
2021-10-07 15:01:43 DEBUG wire:73 -  >> "Connection: Keep-Alive[\r][\n]"
2021-10-07 15:01:43 DEBUG wire:73 -  >> "User-Agent: Apache-HttpClient/4.5.13 (Java/14)[\r][\n]"
2021-10-07 15:01:43 DEBUG wire:73 -  >> "Accept-Encoding: gzip,deflate[\r][\n]"
2021-10-07 15:01:43 DEBUG wire:73 -  >> "[\r][\n]"
2021-10-07 15:01:43 DEBUG headers:278 - >> POST /ru/api/importContacts?field_names%5B0%5D=email&api_key=6jbr9h54ug9f93gq1um6k684swstsq5ozo5cj7oa&data%5B0%5D%5B0%5D=ryzhik.sasha%40list.ru&format=json&data%5BN%5D%5B0%5D=uxhgd%40list.ru HTTP/1.1
2021-10-07 15:01:43 DEBUG headers:281 - >> Content-Type: application/json
2021-10-07 15:01:43 DEBUG headers:281 - >> Accept: */*
2021-10-07 15:01:43 DEBUG headers:281 - >> Content-Length: 0
2021-10-07 15:01:43 DEBUG headers:281 - >> Host: api.unisender.com
2021-10-07 15:01:43 DEBUG headers:281 - >> Connection: Keep-Alive
2021-10-07 15:01:43 DEBUG headers:281 - >> User-Agent: Apache-HttpClient/4.5.13 (Java/14)
2021-10-07 15:01:43 DEBUG headers:281 - >> Accept-Encoding: gzip,deflate
2021-10-07 15:01:43 DEBUG wire:73 -  << "HTTP/1.1 200 OK[\r][\n]"
2021-10-07 15:01:43 DEBUG wire:73 -  << "server: nginx[\r][\n]"
2021-10-07 15:01:43 DEBUG wire:73 -  << "date: Thu, 07 Oct 2021 12:01:44 GMT[\r][\n]"
2021-10-07 15:01:43 DEBUG wire:73 -  << "content-type: application/json; charset=utf-8[\r][\n]"
2021-10-07 15:01:43 DEBUG wire:73 -  << "transfer-encoding: chunked[\r][\n]"
2021-10-07 15:01:43 DEBUG wire:73 -  << "set-cookie: US_SESSID=bbc55543daadde5a5d571dcacfca3131; path=/; secure; HttpOnly; SameSite=lax[\r][\n]"
2021-10-07 15:01:43 DEBUG wire:73 -  << "expires: Thu, 07 Oct 2021 12:01:44 GMT[\r][\n]"
2021-10-07 15:01:43 DEBUG wire:73 -  << "last-modified: Thu, 07 Oct 2021 12:01:44 GMT[\r][\n]"
2021-10-07 15:01:43 DEBUG wire:73 -  << "pragma: no-cache[\r][\n]"
2021-10-07 15:01:43 DEBUG wire:73 -  << "x-username: ryzhik.sasha@list.ru[\r][\n]"
2021-10-07 15:01:43 DEBUG wire:73 -  << "x-userid: 4594492[\r][\n]"
2021-10-07 15:01:43 DEBUG wire:73 -  << "x-session-id: bbc55543daadde5a5d571dcacfca3131[\r][\n]"
2021-10-07 15:01:43 DEBUG wire:73 -  << "cache-control: max-age=0, must-revalidate, private[\r][\n]"
2021-10-07 15:01:43 DEBUG wire:73 -  << "content-encoding: gzip[\r][\n]"
2021-10-07 15:01:43 DEBUG wire:73 -  << "x-robots-tag: noindex,nofollow[\r][\n]"
2021-10-07 15:01:43 DEBUG wire:73 -  << "x-powered-by: Unisender[\r][\n]"
2021-10-07 15:01:43 DEBUG wire:73 -  << "[\r][\n]"
2021-10-07 15:01:43 DEBUG DefaultClientConnection:259 - Receiving response: HTTP/1.1 200 OK
2021-10-07 15:01:43 DEBUG headers:262 - << HTTP/1.1 200 OK
2021-10-07 15:01:43 DEBUG headers:265 - << server: nginx
2021-10-07 15:01:43 DEBUG headers:265 - << date: Thu, 07 Oct 2021 12:01:44 GMT
2021-10-07 15:01:43 DEBUG headers:265 - << content-type: application/json; charset=utf-8
2021-10-07 15:01:43 DEBUG headers:265 - << transfer-encoding: chunked
2021-10-07 15:01:43 DEBUG headers:265 - << set-cookie: US_SESSID=bbc55543daadde5a5d571dcacfca3131; path=/; secure; HttpOnly; SameSite=lax
2021-10-07 15:01:43 DEBUG headers:265 - << expires: Thu, 07 Oct 2021 12:01:44 GMT
2021-10-07 15:01:43 DEBUG headers:265 - << last-modified: Thu, 07 Oct 2021 12:01:44 GMT
2021-10-07 15:01:43 DEBUG headers:265 - << pragma: no-cache
2021-10-07 15:01:43 DEBUG headers:265 - << x-username: ryzhik.sasha@list.ru
2021-10-07 15:01:43 DEBUG headers:265 - << x-userid: 4594492
2021-10-07 15:01:43 DEBUG headers:265 - << x-session-id: bbc55543daadde5a5d571dcacfca3131
2021-10-07 15:01:43 DEBUG headers:265 - << cache-control: max-age=0, must-revalidate, private
2021-10-07 15:01:43 DEBUG headers:265 - << content-encoding: gzip
2021-10-07 15:01:43 DEBUG headers:265 - << x-robots-tag: noindex,nofollow
2021-10-07 15:01:43 DEBUG headers:265 - << x-powered-by: Unisender
2021-10-07 15:01:43 DEBUG DefaultHttpClient:504 - Connection can be kept alive indefinitely
2021-10-07 15:01:43 DEBUG RequestSpecificationImpl$RestAssuredHttpBuilder:545 - Parsing response as: application/json; charset=utf-8
2021-10-07 15:01:43 DEBUG wire:73 -  << "61[\r][\n]"
2021-10-07 15:01:43 DEBUG wire:73 -  << "[0x1f][0x8b][0x8][0x0][0x0][0x0][0x0][0x0][0x0][0x3]5[0x8b][0xc1][\n]"
2021-10-07 15:01:43 DEBUG wire:87 -  << "[0x80] [0x10][0x5][0xff][0xe5][0x9d]=T[0xc7][0xfd][0x95][0x88]Xp[0x9]a[0xd3][0xd0][0xb5][0xe][0xe2][0xbf][0x7]F[0xb7]a[0x98]i[0xc8]R[0xaa][0x1a][0xa8][0xc1][0x92][0xb1][0x82][0x16][0x87][0x10][0x8b]d[0x13][0xf][0x9a][0x1c][0xea][0xe5]y[0xf0][0xec][0xe0]E[0xe5][0xf7]Q[0x9e]]N[0xe]ZF[0x16][0xe2][0xcd][0x1a][0xbe]E[0xd3][0x1]Z[0xb7][0xde]_[0x8][0xe1][0xdf]Z_[0x0][0x0][0x0]"
2021-10-07 15:01:43 DEBUG wire:73 -  << "[\r][\n]"
2021-10-07 15:01:43 DEBUG wire:73 -  << "0[\r][\n]"
2021-10-07 15:01:43 DEBUG wire:73 -  << "[\r][\n]"
2021-10-07 15:01:43 DEBUG RequestSpecificationImpl$RestAssuredHttpBuilder:548 - Parsed data to instance of: class org.apache.http.conn.EofSensorInputStream
2021-10-07 15:01:43 DEBUG BasicClientConnectionManager:200 - Releasing connection org.apache.http.impl.conn.ManagedClientConnectionImpl@7efceb57
2021-10-07 15:01:43 DEBUG BasicClientConnectionManager:225 - Connection can be kept alive indefinitely
HTTP/1.1 200 OK
server: nginx
date: Thu, 07 Oct 2021 12:01:44 GMT
content-type: application/json; charset=utf-8
transfer-encoding: chunked
set-cookie: US_SESSID=bbc55543daadde5a5d571dcacfca3131; path=/; secure; HttpOnly; SameSite=lax
expires: Thu, 07 Oct 2021 12:01:44 GMT
last-modified: Thu, 07 Oct 2021 12:01:44 GMT
pragma: no-cache
x-username: ryzhik.sasha@list.ru
x-userid: 4594492
x-session-id: bbc55543daadde5a5d571dcacfca3131
cache-control: max-age=0, must-revalidate, private
content-encoding: gzip
x-robots-tag: noindex,nofollow
x-powered-by: Unisender

{
    "result": {
        "total": 2,
        "inserted": 0,
        "updated": 1,
        "deleted": 0,
        "new_emails": 0,
        "invalid": 0,
        "log": [
            
        ]
    }
}
]]></system-out>
  </testcase>
</testsuite>